#
# There is insufficient memory for the Java Runtime Environment to continue.
# Native memory allocation (malloc) failed to allocate 32744 bytes for ChunkPool::allocate
# Possible reasons:
#   The system is out of physical RAM or swap space
#   The process is running with CompressedOops enabled, and the Java Heap may be blocking the growth of the native heap
# Possible solutions:
#   Reduce memory load on the system
#   Increase physical memory or swap space
#   Check if swap backing store is full
#   Decrease Java heap size (-Xmx/-Xms)
#   Decrease number of Java threads
#   Decrease Java thread stack sizes (-Xss)
#   Set larger code cache with -XX:ReservedCodeCacheSize=
#   JVM is running with Zero Based Compressed Oops mode in which the Java heap is
#     placed in the first 32GB address space. The Java Heap base address is the
#     maximum limit for the native heap growth. Please use -XX:HeapBaseMinAddress
#     to set the Java Heap base and to place the Java Heap above 32GB virtual address.
# This output file may be truncated or incomplete.
#
#  Out of Memory Error (./open/src/hotspot/share/memory/arena.cpp:81), pid=1984, tid=13964
#
# JRE version: Java(TM) SE Runtime Environment 18.9 (11.0.9+7) (build 11.0.9+7-LTS)
# Java VM: Java HotSpot(TM) 64-Bit Server VM 18.9 (11.0.9+7-LTS, mixed mode, tiered, compressed oops, g1 gc, windows-amd64)
# No core dump will be written. Minidumps are not enabled by default on client versions of Windows
#

---------------  S U M M A R Y ------------

Command Line: -javaagent:C:\Program Files\JetBrains\IntelliJ IDEA Community Edition 2020.2.3\lib\idea_rt.jar=64473:C:\Program Files\JetBrains\IntelliJ IDEA Community Edition 2020.2.3\bin -Dfile.encoding=UTF-8 com.lazuardifachri.bps.lekdarjo.LekdarjoApplication

Host: Intel(R) Core(TM) i5-7200U CPU @ 2.50GHz, 4 cores, 11G,  Windows 10 , 64 bit Build 18362 (10.0.18362.1316)
Time: Mon Jan 25 12:39:46 2021 SE Asia Standard Time elapsed time: 29.519777 seconds (0d 0h 0m 29s)

---------------  T H R E A D  ---------------

Current thread (0x000001ac2b2ca000):  JavaThread "http-nio-8080-exec-1" daemon [_thread_in_vm, id=13964, stack(0x0000009c41400000,0x0000009c41500000)]

Stack: [0x0000009c41400000,0x0000009c41500000]
Native frames: (J=compiled Java code, j=interpreted, Vv=VM code, C=native code)
V  [jvm.dll+0x611a3a]
V  [jvm.dll+0x748aaf]
V  [jvm.dll+0x74a135]
V  [jvm.dll+0x74a7b3]
V  [jvm.dll+0x2439f8]
V  [jvm.dll+0xba65b]
V  [jvm.dll+0xba9bc]
V  [jvm.dll+0x69a699]
V  [jvm.dll+0x739576]
V  [jvm.dll+0x73cf97]
V  [jvm.dll+0x736e9c]
V  [jvm.dll+0x350fe2]
V  [jvm.dll+0x3501da]
V  [jvm.dll+0x350178]
V  [jvm.dll+0x35e193]
C  0x000001ac0e81f229

Java frames: (J=compiled Java code, j=interpreted, Vv=VM code)
j  org.springframework.web.context.request.async.WebAsyncUtils.getAsyncManager(Ljavax/servlet/ServletRequest;)Lorg/springframework/web/context/request/async/WebAsyncManager;+28
j  org.springframework.web.filter.OncePerRequestFilter.isAsyncDispatch(Ljavax/servlet/http/HttpServletRequest;)Z+1
j  org.springframework.web.filter.OncePerRequestFilter.skipDispatch(Ljavax/servlet/http/HttpServletRequest;)Z+2
j  org.springframework.web.filter.OncePerRequestFilter.doFilter(Ljavax/servlet/ServletRequest;Ljavax/servlet/ServletResponse;Ljavax/servlet/FilterChain;)V+63
j  org.apache.catalina.core.ApplicationFilterChain.internalDoFilter(Ljavax/servlet/ServletRequest;Ljavax/servlet/ServletResponse;)V+135
j  org.apache.catalina.core.ApplicationFilterChain.doFilter(Ljavax/servlet/ServletRequest;Ljavax/servlet/ServletResponse;)V+101
j  org.apache.catalina.core.StandardWrapperValve.invoke(Lorg/apache/catalina/connector/Request;Lorg/apache/catalina/connector/Response;)V+694
j  org.apache.catalina.core.StandardContextValve.invoke(Lorg/apache/catalina/connector/Request;Lorg/apache/catalina/connector/Response;)V+169
j  org.apache.catalina.authenticator.AuthenticatorBase.invoke(Lorg/apache/catalina/connector/Request;Lorg/apache/catalina/connector/Response;)V+260
j  org.apache.catalina.core.StandardHostValve.invoke(Lorg/apache/catalina/connector/Request;Lorg/apache/catalina/connector/Response;)V+128
j  org.apache.catalina.valves.ErrorReportValve.invoke(Lorg/apache/catalina/connector/Request;Lorg/apache/catalina/connector/Response;)V+6
j  org.apache.catalina.core.StandardEngineValve.invoke(Lorg/apache/catalina/connector/Request;Lorg/apache/catalina/connector/Response;)V+59
j  org.apache.catalina.connector.CoyoteAdapter.service(Lorg/apache/coyote/Request;Lorg/apache/coyote/Response;)V+199
j  org.apache.coyote.http11.Http11Processor.service(Lorg/apache/tomcat/util/net/SocketWrapperBase;)Lorg/apache/tomcat/util/net/AbstractEndpoint$Handler$SocketState;+735
j  org.apache.coyote.AbstractProcessorLight.process(Lorg/apache/tomcat/util/net/SocketWrapperBase;Lorg/apache/tomcat/util/net/SocketEvent;)Lorg/apache/tomcat/util/net/AbstractEndpoint$Handler$SocketState;+170
j  org.apache.coyote.AbstractProtocol$ConnectionHandler.process(Lorg/apache/tomcat/util/net/SocketWrapperBase;Lorg/apache/tomcat/util/net/SocketEvent;)Lorg/apache/tomcat/util/net/AbstractEndpoint$Handler$SocketState;+505
j  org.apache.tomcat.util.net.NioEndpoint$SocketProcessor.doRun()V+214
j  org.apache.tomcat.util.net.SocketProcessorBase.run()V+21
j  java.util.concurrent.ThreadPoolExecutor.runWorker(Ljava/util/concurrent/ThreadPoolExecutor$Worker;)V+92 java.base@11.0.9
j  java.util.concurrent.ThreadPoolExecutor$Worker.run()V+5 java.base@11.0.9
j  org.apache.tomcat.util.threads.TaskThread$WrappingRunnable.run()V+4
j  java.lang.Thread.run()V+11 java.base@11.0.9
v  ~StubRoutines::call_stub

---------------  P R O C E S S  ---------------

Threads class SMR info:
_java_thread_list=0x000001ac2c0ea400, length=34, elements={
0x000001ac27652800, 0x000001ac27653000, 0x000001ac276d3800, 0x000001ac276d4000,
0x000001ac276d6800, 0x000001ac27732800, 0x000001ac2774a000, 0x000001ac26e09800,
0x000001ac27d09800, 0x000001ac27c55000, 0x000001ac2bdca000, 0x000001ac2cc5a800,
0x000001ac2c6a7800, 0x000001ac2bd3e000, 0x000001ac2bbf0800, 0x000001ac2bb86800,
0x000001ac2bb88000, 0x000001ac2bb87000, 0x000001ac2bb88800, 0x000001ac2b2ca000,
0x000001ac2b2cc800, 0x000001ac2b2c7000, 0x000001ac2b2cc000, 0x000001ac2b2cd800,
0x000001ac2b2c7800, 0x000001ac2b2ce800, 0x000001ac2b2c8800, 0x000001ac2b2cb000,
0x000001ac2b2cf000, 0x000001ac2b2c9800, 0x000001ac2b2d0000, 0x000001ac2b2d5800,
0x000001ac2b2d0800, 0x000001ac302d3800
}

Java Threads: ( => current thread )
  0x000001ac27652800 JavaThread "Reference Handler" daemon [_thread_blocked, id=14564, stack(0x0000009c3f800000,0x0000009c3f900000)]
  0x000001ac27653000 JavaThread "Finalizer" daemon [_thread_blocked, id=9664, stack(0x0000009c3f900000,0x0000009c3fa00000)]
  0x000001ac276d3800 JavaThread "Signal Dispatcher" daemon [_thread_blocked, id=5824, stack(0x0000009c3fa00000,0x0000009c3fb00000)]
  0x000001ac276d4000 JavaThread "Attach Listener" daemon [_thread_blocked, id=6872, stack(0x0000009c3fb00000,0x0000009c3fc00000)]
  0x000001ac276d6800 JavaThread "C2 CompilerThread0" daemon [_thread_in_vm, id=6192, stack(0x0000009c3fc00000,0x0000009c3fd00000)]
  0x000001ac27732800 JavaThread "C1 CompilerThread0" daemon [_thread_blocked, id=14180, stack(0x0000009c3fd00000,0x0000009c3fe00000)]
  0x000001ac2774a000 JavaThread "Sweeper thread" daemon [_thread_blocked, id=580, stack(0x0000009c3fe00000,0x0000009c3ff00000)]
  0x000001ac26e09800 JavaThread "Common-Cleaner" daemon [_thread_blocked, id=9236, stack(0x0000009c3ff00000,0x0000009c40000000)]
  0x000001ac27d09800 JavaThread "Monitor Ctrl-Break" daemon [_thread_in_native, id=12504, stack(0x0000009c40100000,0x0000009c40200000)]
  0x000001ac27c55000 JavaThread "Service Thread" daemon [_thread_blocked, id=9492, stack(0x0000009c40200000,0x0000009c40300000)]
  0x000001ac2bdca000 JavaThread "PostgreSQL-JDBC-SharedTimer-1" daemon [_thread_blocked, id=12192, stack(0x0000009c40a00000,0x0000009c40b00000)]
  0x000001ac2cc5a800 JavaThread "HikariPool-1 housekeeper" daemon [_thread_blocked, id=2612, stack(0x0000009c40b00000,0x0000009c40c00000)]
  0x000001ac2c6a7800 JavaThread "task-1" [_thread_blocked, id=1608, stack(0x0000009c40c00000,0x0000009c40d00000)]
  0x000001ac2bd3e000 JavaThread "Catalina-utility-1" [_thread_blocked, id=5452, stack(0x0000009c40e00000,0x0000009c40f00000)]
  0x000001ac2bbf0800 JavaThread "Catalina-utility-2" [_thread_blocked, id=12312, stack(0x0000009c40f00000,0x0000009c41000000)]
  0x000001ac2bb86800 JavaThread "container-0" [_thread_blocked, id=7228, stack(0x0000009c41000000,0x0000009c41100000)]
  0x000001ac2bb88000 JavaThread "File Watcher" daemon [_thread_blocked, id=7552, stack(0x0000009c41100000,0x0000009c41200000)]
  0x000001ac2bb87000 JavaThread "Live Reload Server" daemon [_thread_in_native, id=14356, stack(0x0000009c41300000,0x0000009c41400000)]
  0x000001ac2bb88800 JavaThread "http-nio-8080-BlockPoller" daemon [_thread_in_native, id=6684, stack(0x0000009c41200000,0x0000009c41300000)]
=>0x000001ac2b2ca000 JavaThread "http-nio-8080-exec-1" daemon [_thread_in_vm, id=13964, stack(0x0000009c41400000,0x0000009c41500000)]
  0x000001ac2b2cc800 JavaThread "http-nio-8080-exec-2" daemon [_thread_blocked, id=11600, stack(0x0000009c41500000,0x0000009c41600000)]
  0x000001ac2b2c7000 JavaThread "http-nio-8080-exec-3" daemon [_thread_blocked, id=5232, stack(0x0000009c41600000,0x0000009c41700000)]
  0x000001ac2b2cc000 JavaThread "http-nio-8080-exec-4" daemon [_thread_blocked, id=10924, stack(0x0000009c41700000,0x0000009c41800000)]
  0x000001ac2b2cd800 JavaThread "http-nio-8080-exec-5" daemon [_thread_blocked, id=5128, stack(0x0000009c41800000,0x0000009c41900000)]
  0x000001ac2b2c7800 JavaThread "http-nio-8080-exec-6" daemon [_thread_blocked, id=10576, stack(0x0000009c41900000,0x0000009c41a00000)]
  0x000001ac2b2ce800 JavaThread "http-nio-8080-exec-7" daemon [_thread_blocked, id=8356, stack(0x0000009c41a00000,0x0000009c41b00000)]
  0x000001ac2b2c8800 JavaThread "http-nio-8080-exec-8" daemon [_thread_blocked, id=7696, stack(0x0000009c41b00000,0x0000009c41c00000)]
  0x000001ac2b2cb000 JavaThread "http-nio-8080-exec-9" daemon [_thread_blocked, id=14644, stack(0x0000009c41c00000,0x0000009c41d00000)]
  0x000001ac2b2cf000 JavaThread "http-nio-8080-exec-10" daemon [_thread_blocked, id=9932, stack(0x0000009c41d00000,0x0000009c41e00000)]
  0x000001ac2b2c9800 JavaThread "http-nio-8080-ClientPoller" daemon [_thread_in_native, id=5276, stack(0x0000009c41e00000,0x0000009c41f00000)]
  0x000001ac2b2d0000 JavaThread "http-nio-8080-Acceptor" daemon [_thread_in_native, id=4964, stack(0x0000009c41f00000,0x0000009c42000000)]
  0x000001ac2b2d5800 JavaThread "task-2" [_thread_blocked, id=12136, stack(0x0000009c42000000,0x0000009c42100000)]
  0x000001ac2b2d0800 JavaThread "DestroyJavaVM" [_thread_blocked, id=3728, stack(0x0000009c3f100000,0x0000009c3f200000)]
  0x000001ac302d3800 JavaThread "C2 CompilerThread1" daemon [_thread_in_native, id=6892, stack(0x0000009c40000000,0x0000009c40100000)]

Other Threads:
  0x000001ac26e4e000 VMThread "VM Thread" [stack: 0x0000009c3f700000,0x0000009c3f800000] [id=3624]
  0x000001ac27d13800 WatcherThread [stack: 0x0000009c40300000,0x0000009c40400000] [id=13936]
  0x000001ac063ac800 GCTaskThread "GC Thread#0" [stack: 0x0000009c3f200000,0x0000009c3f300000] [id=10860]
  0x000001ac28197800 GCTaskThread "GC Thread#1" [stack: 0x0000009c40400000,0x0000009c40500000] [id=14956]
  0x000001ac280a0000 GCTaskThread "GC Thread#2" [stack: 0x0000009c40500000,0x0000009c40600000] [id=9784]
  0x000001ac280a1000 GCTaskThread "GC Thread#3" [stack: 0x0000009c40600000,0x0000009c40700000] [id=14972]
  0x000001ac063f4000 ConcurrentGCThread "G1 Main Marker" [stack: 0x0000009c3f300000,0x0000009c3f400000] [id=10108]
  0x000001ac063f5800 ConcurrentGCThread "G1 Conc#0" [stack: 0x0000009c3f400000,0x0000009c3f500000] [id=6256]
  0x000001ac26cb5800 ConcurrentGCThread "G1 Refine#0" [stack: 0x0000009c3f500000,0x0000009c3f600000] [id=5596]
  0x000001ac26cb6800 ConcurrentGCThread "G1 Young RemSet Sampling" [stack: 0x0000009c3f600000,0x0000009c3f700000] [id=11068]

Threads with active compile tasks:
C2 CompilerThread0  29553 6746       4       org.springframework.beans.factory.support.AbstractBeanFactory::isTypeMatch (607 bytes)
C2 CompilerThread1  29554 6750   !   4       org.springframework.core.annotation.AnnotationsScanner::processClassHierarchy (227 bytes)

VM state:not at safepoint (normal execution)

VM Mutex/Monitor currently owned by a thread: None

Heap address: 0x0000000741c00000, size: 3044 MB, Compressed Oops mode: Zero based, Oop shift amount: 3
Narrow klass base: 0x0000000800000000, Narrow klass shift: 0
Compressed class space size: 1073741824 Address: 0x0000000800000000

Heap:
 garbage-first heap   total 236544K, used 146432K [0x0000000741c00000, 0x0000000800000000)
  region size 1024K, 130 young (133120K), 11 survivors (11264K)
 Metaspace       used 70065K, capacity 71820K, committed 72016K, reserved 1112064K
  class space    used 8795K, capacity 9468K, committed 9552K, reserved 1048576K
Heap Regions: E=young(eden), S=young(survivor), O=old, HS=humongous(starts), HC=humongous(continues), CS=collection set, F=free, A=archive, TAMS=top-at-mark-start (previous, next)
|   0|0x0000000741c00000, 0x0000000741d00000, 0x0000000741d00000|100%|HS|  |TAMS 0x0000000741d00000, 0x0000000741c00000| Complete 
|   1|0x0000000741d00000, 0x0000000741e00000, 0x0000000741e00000|100%| O|  |TAMS 0x0000000741e00000, 0x0000000741d00000| Untracked 
|   2|0x0000000741e00000, 0x0000000741f00000, 0x0000000741f00000|100%| O|  |TAMS 0x0000000741f00000, 0x0000000741e00000| Untracked 
|   3|0x0000000741f00000, 0x0000000742000000, 0x0000000742000000|100%| O|  |TAMS 0x0000000742000000, 0x0000000741f00000| Untracked 
|   4|0x0000000742000000, 0x0000000742100000, 0x0000000742100000|100%| O|  |TAMS 0x0000000742100000, 0x0000000742000000| Untracked 
|   5|0x0000000742100000, 0x0000000742200000, 0x0000000742200000|100%| O|  |TAMS 0x0000000742200000, 0x0000000742100000| Untracked 
|   6|0x0000000742200000, 0x0000000742300000, 0x0000000742300000|100%| O|  |TAMS 0x0000000742300000, 0x0000000742200000| Untracked 
|   7|0x0000000742300000, 0x0000000742400000, 0x0000000742400000|100%| O|  |TAMS 0x0000000742400000, 0x0000000742300000| Untracked 
|   8|0x0000000742400000, 0x0000000742500000, 0x0000000742500000|100%| O|  |TAMS 0x0000000742500000, 0x0000000742400000| Untracked 
|   9|0x0000000742500000, 0x0000000742600000, 0x0000000742600000|100%| O|  |TAMS 0x0000000742600000, 0x0000000742500000| Untracked 
|  10|0x0000000742600000, 0x0000000742700000, 0x0000000742700000|100%| O|  |TAMS 0x0000000742700000, 0x0000000742600000| Untracked 
|  11|0x0000000742700000, 0x0000000742800000, 0x0000000742800000|100%| O|  |TAMS 0x0000000742800000, 0x0000000742700000| Untracked 
|  12|0x0000000742800000, 0x0000000742900000, 0x0000000742900000|100%| O|  |TAMS 0x0000000742900000, 0x0000000742800000| Untracked 
|  13|0x0000000742900000, 0x0000000742a00000, 0x0000000742a00000|100%| O|  |TAMS 0x0000000742a00000, 0x0000000742900000| Untracked 
|  14|0x0000000742a00000, 0x0000000742a00000, 0x0000000742b00000|  0%| F|  |TAMS 0x0000000742a00000, 0x0000000742a00000| Untracked 
|  15|0x0000000742b00000, 0x0000000742b00000, 0x0000000742c00000|  0%| F|  |TAMS 0x0000000742b00000, 0x0000000742b00000| Untracked 
|  16|0x0000000742c00000, 0x0000000742c00000, 0x0000000742d00000|  0%| F|  |TAMS 0x0000000742c00000, 0x0000000742c00000| Untracked 
|  17|0x0000000742d00000, 0x0000000742d00000, 0x0000000742e00000|  0%| F|  |TAMS 0x0000000742d00000, 0x0000000742d00000| Untracked 
|  18|0x0000000742e00000, 0x0000000742e00000, 0x0000000742f00000|  0%| F|  |TAMS 0x0000000742e00000, 0x0000000742e00000| Untracked 
|  19|0x0000000742f00000, 0x0000000742f00000, 0x0000000743000000|  0%| F|  |TAMS 0x0000000742f00000, 0x0000000742f00000| Untracked 
|  20|0x0000000743000000, 0x0000000743000000, 0x0000000743100000|  0%| F|  |TAMS 0x0000000743000000, 0x0000000743000000| Untracked 
|  21|0x0000000743100000, 0x0000000743100000, 0x0000000743200000|  0%| F|  |TAMS 0x0000000743100000, 0x0000000743100000| Untracked 
|  22|0x0000000743200000, 0x0000000743200000, 0x0000000743300000|  0%| F|  |TAMS 0x0000000743200000, 0x0000000743200000| Untracked 
|  23|0x0000000743300000, 0x0000000743300000, 0x0000000743400000|  0%| F|  |TAMS 0x0000000743300000, 0x0000000743300000| Untracked 
|  24|0x0000000743400000, 0x0000000743400000, 0x0000000743500000|  0%| F|  |TAMS 0x0000000743400000, 0x0000000743400000| Untracked 
|  25|0x0000000743500000, 0x0000000743500000, 0x0000000743600000|  0%| F|  |TAMS 0x0000000743500000, 0x0000000743500000| Untracked 
|  26|0x0000000743600000, 0x0000000743600000, 0x0000000743700000|  0%| F|  |TAMS 0x0000000743600000, 0x0000000743600000| Untracked 
|  27|0x0000000743700000, 0x0000000743700000, 0x0000000743800000|  0%| F|  |TAMS 0x0000000743700000, 0x0000000743700000| Untracked 
|  28|0x0000000743800000, 0x0000000743800000, 0x0000000743900000|  0%| F|  |TAMS 0x0000000743800000, 0x0000000743800000| Untracked 
|  29|0x0000000743900000, 0x0000000743900000, 0x0000000743a00000|  0%| F|  |TAMS 0x0000000743900000, 0x0000000743900000| Untracked 
|  30|0x0000000743a00000, 0x0000000743a00000, 0x0000000743b00000|  0%| F|  |TAMS 0x0000000743a00000, 0x0000000743a00000| Untracked 
|  31|0x0000000743b00000, 0x0000000743b00000, 0x0000000743c00000|  0%| F|  |TAMS 0x0000000743b00000, 0x0000000743b00000| Untracked 
|  32|0x0000000743c00000, 0x0000000743c00000, 0x0000000743d00000|  0%| F|  |TAMS 0x0000000743c00000, 0x0000000743c00000| Untracked 
|  33|0x0000000743d00000, 0x0000000743d00000, 0x0000000743e00000|  0%| F|  |TAMS 0x0000000743d00000, 0x0000000743d00000| Untracked 
|  34|0x0000000743e00000, 0x0000000743e00000, 0x0000000743f00000|  0%| F|  |TAMS 0x0000000743e00000, 0x0000000743e00000| Untracked 
|  35|0x0000000743f00000, 0x0000000743f00000, 0x0000000744000000|  0%| F|  |TAMS 0x0000000743f00000, 0x0000000743f00000| Untracked 
|  36|0x0000000744000000, 0x0000000744000000, 0x0000000744100000|  0%| F|  |TAMS 0x0000000744000000, 0x0000000744000000| Untracked 
|  37|0x0000000744100000, 0x0000000744100000, 0x0000000744200000|  0%| F|  |TAMS 0x0000000744100000, 0x0000000744100000| Untracked 
|  38|0x0000000744200000, 0x0000000744200000, 0x0000000744300000|  0%| F|  |TAMS 0x0000000744200000, 0x0000000744200000| Untracked 
|  39|0x0000000744300000, 0x0000000744300000, 0x0000000744400000|  0%| F|  |TAMS 0x0000000744300000, 0x0000000744300000| Untracked 
|  40|0x0000000744400000, 0x0000000744400000, 0x0000000744500000|  0%| F|  |TAMS 0x0000000744400000, 0x0000000744400000| Untracked 
|  41|0x0000000744500000, 0x0000000744500000, 0x0000000744600000|  0%| F|  |TAMS 0x0000000744500000, 0x0000000744500000| Untracked 
|  42|0x0000000744600000, 0x0000000744600000, 0x0000000744700000|  0%| F|  |TAMS 0x0000000744600000, 0x0000000744600000| Untracked 
|  43|0x0000000744700000, 0x0000000744700000, 0x0000000744800000|  0%| F|  |TAMS 0x0000000744700000, 0x0000000744700000| Untracked 
|  44|0x0000000744800000, 0x0000000744800000, 0x0000000744900000|  0%| F|  |TAMS 0x0000000744800000, 0x0000000744800000| Untracked 
|  45|0x0000000744900000, 0x0000000744900000, 0x0000000744a00000|  0%| F|  |TAMS 0x0000000744900000, 0x0000000744900000| Untracked 
|  46|0x0000000744a00000, 0x0000000744a00000, 0x0000000744b00000|  0%| F|  |TAMS 0x0000000744a00000, 0x0000000744a00000| Untracked 
|  47|0x0000000744b00000, 0x0000000744b00000, 0x0000000744c00000|  0%| F|  |TAMS 0x0000000744b00000, 0x0000000744b00000| Untracked 
|  48|0x0000000744c00000, 0x0000000744c00000, 0x0000000744d00000|  0%| F|  |TAMS 0x0000000744c00000, 0x0000000744c00000| Untracked 
|  49|0x0000000744d00000, 0x0000000744d00000, 0x0000000744e00000|  0%| F|  |TAMS 0x0000000744d00000, 0x0000000744d00000| Untracked 
|  50|0x0000000744e00000, 0x0000000744e00000, 0x0000000744f00000|  0%| F|  |TAMS 0x0000000744e00000, 0x0000000744e00000| Untracked 
|  51|0x0000000744f00000, 0x0000000744f00000, 0x0000000745000000|  0%| F|  |TAMS 0x0000000744f00000, 0x0000000744f00000| Untracked 
|  52|0x0000000745000000, 0x0000000745000000, 0x0000000745100000|  0%| F|  |TAMS 0x0000000745000000, 0x0000000745000000| Untracked 
|  53|0x0000000745100000, 0x0000000745100000, 0x0000000745200000|  0%| F|  |TAMS 0x0000000745100000, 0x0000000745100000| Untracked 
|  54|0x0000000745200000, 0x0000000745200000, 0x0000000745300000|  0%| F|  |TAMS 0x0000000745200000, 0x0000000745200000| Untracked 
|  55|0x0000000745300000, 0x0000000745300000, 0x0000000745400000|  0%| F|  |TAMS 0x0000000745300000, 0x0000000745300000| Untracked 
|  56|0x0000000745400000, 0x0000000745400000, 0x0000000745500000|  0%| F|  |TAMS 0x0000000745400000, 0x0000000745400000| Untracked 
|  57|0x0000000745500000, 0x0000000745500000, 0x0000000745600000|  0%| F|  |TAMS 0x0000000745500000, 0x0000000745500000| Untracked 
|  58|0x0000000745600000, 0x0000000745600000, 0x0000000745700000|  0%| F|  |TAMS 0x0000000745600000, 0x0000000745600000| Untracked 
|  59|0x0000000745700000, 0x0000000745700000, 0x0000000745800000|  0%| F|  |TAMS 0x0000000745700000, 0x0000000745700000| Untracked 
|  60|0x0000000745800000, 0x0000000745800000, 0x0000000745900000|  0%| F|  |TAMS 0x0000000745800000, 0x0000000745800000| Untracked 
|  61|0x0000000745900000, 0x0000000745900000, 0x0000000745a00000|  0%| F|  |TAMS 0x0000000745900000, 0x0000000745900000| Untracked 
|  62|0x0000000745a00000, 0x0000000745a00000, 0x0000000745b00000|  0%| F|  |TAMS 0x0000000745a00000, 0x0000000745a00000| Untracked 
|  63|0x0000000745b00000, 0x0000000745b00000, 0x0000000745c00000|  0%| F|  |TAMS 0x0000000745b00000, 0x0000000745b00000| Untracked 
|  64|0x0000000745c00000, 0x0000000745c00000, 0x0000000745d00000|  0%| F|  |TAMS 0x0000000745c00000, 0x0000000745c00000| Untracked 
|  65|0x0000000745d00000, 0x0000000745d00000, 0x0000000745e00000|  0%| F|  |TAMS 0x0000000745d00000, 0x0000000745d00000| Untracked 
|  66|0x0000000745e00000, 0x0000000745e00000, 0x0000000745f00000|  0%| F|  |TAMS 0x0000000745e00000, 0x0000000745e00000| Untracked 
|  67|0x0000000745f00000, 0x0000000745f00000, 0x0000000746000000|  0%| F|  |TAMS 0x0000000745f00000, 0x0000000745f00000| Untracked 
|  68|0x0000000746000000, 0x0000000746000000, 0x0000000746100000|  0%| F|  |TAMS 0x0000000746000000, 0x0000000746000000| Untracked 
|  69|0x0000000746100000, 0x0000000746100000, 0x0000000746200000|  0%| F|  |TAMS 0x0000000746100000, 0x0000000746100000| Untracked 
|  70|0x0000000746200000, 0x0000000746200000, 0x0000000746300000|  0%| F|  |TAMS 0x0000000746200000, 0x0000000746200000| Untracked 
|  71|0x0000000746300000, 0x0000000746300000, 0x0000000746400000|  0%| F|  |TAMS 0x0000000746300000, 0x0000000746300000| Untracked 
|  72|0x0000000746400000, 0x0000000746400000, 0x0000000746500000|  0%| F|  |TAMS 0x0000000746400000, 0x0000000746400000| Untracked 
|  73|0x0000000746500000, 0x0000000746500000, 0x0000000746600000|  0%| F|  |TAMS 0x0000000746500000, 0x0000000746500000| Untracked 
|  74|0x0000000746600000, 0x0000000746600000, 0x0000000746700000|  0%| F|  |TAMS 0x0000000746600000, 0x0000000746600000| Untracked 
|  75|0x0000000746700000, 0x0000000746700000, 0x0000000746800000|  0%| F|  |TAMS 0x0000000746700000, 0x0000000746700000| Untracked 
|  76|0x0000000746800000, 0x0000000746800000, 0x0000000746900000|  0%| F|  |TAMS 0x0000000746800000, 0x0000000746800000| Untracked 
|  77|0x0000000746900000, 0x0000000746900000, 0x0000000746a00000|  0%| F|  |TAMS 0x0000000746900000, 0x0000000746900000| Untracked 
|  78|0x0000000746a00000, 0x0000000746a00000, 0x0000000746b00000|  0%| F|  |TAMS 0x0000000746a00000, 0x0000000746a00000| Untracked 
|  79|0x0000000746b00000, 0x0000000746b00000, 0x0000000746c00000|  0%| F|  |TAMS 0x0000000746b00000, 0x0000000746b00000| Untracked 
|  80|0x0000000746c00000, 0x0000000746c00000, 0x0000000746d00000|  0%| F|  |TAMS 0x0000000746c00000, 0x0000000746c00000| Untracked 
|  81|0x0000000746d00000, 0x0000000746d00000, 0x0000000746e00000|  0%| F|  |TAMS 0x0000000746d00000, 0x0000000746d00000| Untracked 
|  82|0x0000000746e00000, 0x0000000746e00000, 0x0000000746f00000|  0%| F|  |TAMS 0x0000000746e00000, 0x0000000746e00000| Untracked 
|  83|0x0000000746f00000, 0x0000000746f00000, 0x0000000747000000|  0%| F|  |TAMS 0x0000000746f00000, 0x0000000746f00000| Untracked 
|  84|0x0000000747000000, 0x0000000747000000, 0x0000000747100000|  0%| F|  |TAMS 0x0000000747000000, 0x0000000747000000| Untracked 
|  85|0x0000000747100000, 0x0000000747100000, 0x0000000747200000|  0%| F|  |TAMS 0x0000000747100000, 0x0000000747100000| Untracked 
|  86|0x0000000747200000, 0x0000000747200000, 0x0000000747300000|  0%| F|  |TAMS 0x0000000747200000, 0x0000000747200000| Untracked 
|  87|0x0000000747300000, 0x0000000747300000, 0x0000000747400000|  0%| F|  |TAMS 0x0000000747300000, 0x0000000747300000| Untracked 
|  88|0x0000000747400000, 0x0000000747400000, 0x0000000747500000|  0%| F|  |TAMS 0x0000000747400000, 0x0000000747400000| Untracked 
|  89|0x0000000747500000, 0x0000000747500000, 0x0000000747600000|  0%| F|  |TAMS 0x0000000747500000, 0x0000000747500000| Untracked 
|  90|0x0000000747600000, 0x0000000747600000, 0x0000000747700000|  0%| F|  |TAMS 0x0000000747600000, 0x0000000747600000| Untracked 
|  91|0x0000000747700000, 0x0000000747700000, 0x0000000747800000|  0%| F|  |TAMS 0x0000000747700000, 0x0000000747700000| Untracked 
|  92|0x0000000747800000, 0x0000000747800000, 0x0000000747900000|  0%| F|  |TAMS 0x0000000747800000, 0x0000000747800000| Untracked 
|  93|0x0000000747900000, 0x0000000747900000, 0x0000000747a00000|  0%| F|  |TAMS 0x0000000747900000, 0x0000000747900000| Untracked 
|  94|0x0000000747a00000, 0x0000000747a00000, 0x0000000747b00000|  0%| F|  |TAMS 0x0000000747a00000, 0x0000000747a00000| Untracked 
|  95|0x0000000747b00000, 0x0000000747b00000, 0x0000000747c00000|  0%| F|  |TAMS 0x0000000747b00000, 0x0000000747b00000| Untracked 
|  96|0x0000000747c00000, 0x0000000747c00000, 0x0000000747d00000|  0%| F|  |TAMS 0x0000000747c00000, 0x0000000747c00000| Untracked 
|  97|0x0000000747d00000, 0x0000000747d00000, 0x0000000747e00000|  0%| F|  |TAMS 0x0000000747d00000, 0x0000000747d00000| Untracked 
|  98|0x0000000747e00000, 0x0000000747e00000, 0x0000000747f00000|  0%| F|  |TAMS 0x0000000747e00000, 0x0000000747e00000| Untracked 
|  99|0x0000000747f00000, 0x0000000747f00000, 0x0000000748000000|  0%| F|  |TAMS 0x0000000747f00000, 0x0000000747f00000| Untracked 
| 100|0x0000000748000000, 0x0000000748000000, 0x0000000748100000|  0%| F|  |TAMS 0x0000000748000000, 0x0000000748000000| Untracked 
| 101|0x0000000748100000, 0x0000000748200000, 0x0000000748200000|100%| E|  |TAMS 0x0000000748100000, 0x0000000748100000| Complete 
| 102|0x0000000748200000, 0x0000000748300000, 0x0000000748300000|100%| E|CS|TAMS 0x0000000748200000, 0x0000000748200000| Complete 
| 103|0x0000000748300000, 0x0000000748400000, 0x0000000748400000|100%| E|CS|TAMS 0x0000000748300000, 0x0000000748300000| Complete 
| 104|0x0000000748400000, 0x0000000748500000, 0x0000000748500000|100%| E|CS|TAMS 0x0000000748400000, 0x0000000748400000| Complete 
| 105|0x0000000748500000, 0x0000000748600000, 0x0000000748600000|100%| E|CS|TAMS 0x0000000748500000, 0x0000000748500000| Complete 
| 106|0x0000000748600000, 0x0000000748700000, 0x0000000748700000|100%| E|CS|TAMS 0x0000000748600000, 0x0000000748600000| Complete 
| 107|0x0000000748700000, 0x0000000748800000, 0x0000000748800000|100%| E|CS|TAMS 0x0000000748700000, 0x0000000748700000| Complete 
| 108|0x0000000748800000, 0x0000000748900000, 0x0000000748900000|100%| E|CS|TAMS 0x0000000748800000, 0x0000000748800000| Complete 
| 109|0x0000000748900000, 0x0000000748a00000, 0x0000000748a00000|100%| E|CS|TAMS 0x0000000748900000, 0x0000000748900000| Complete 
| 110|0x0000000748a00000, 0x0000000748b00000, 0x0000000748b00000|100%| E|CS|TAMS 0x0000000748a00000, 0x0000000748a00000| Complete 
| 111|0x0000000748b00000, 0x0000000748c00000, 0x0000000748c00000|100%| E|CS|TAMS 0x0000000748b00000, 0x0000000748b00000| Complete 
| 112|0x0000000748c00000, 0x0000000748d00000, 0x0000000748d00000|100%| E|CS|TAMS 0x0000000748c00000, 0x0000000748c00000| Complete 
| 113|0x0000000748d00000, 0x0000000748e00000, 0x0000000748e00000|100%| E|CS|TAMS 0x0000000748d00000, 0x0000000748d00000| Complete 
| 114|0x0000000748e00000, 0x0000000748f00000, 0x0000000748f00000|100%| E|CS|TAMS 0x0000000748e00000, 0x0000000748e00000| Complete 
| 115|0x0000000748f00000, 0x0000000749000000, 0x0000000749000000|100%| E|CS|TAMS 0x0000000748f00000, 0x0000000748f00000| Complete 
| 116|0x0000000749000000, 0x0000000749100000, 0x0000000749100000|100%| E|CS|TAMS 0x0000000749000000, 0x0000000749000000| Complete 
| 117|0x0000000749100000, 0x0000000749200000, 0x0000000749200000|100%| E|CS|TAMS 0x0000000749100000, 0x0000000749100000| Complete 
| 118|0x0000000749200000, 0x0000000749300000, 0x0000000749300000|100%| E|CS|TAMS 0x0000000749200000, 0x0000000749200000| Complete 
| 119|0x0000000749300000, 0x0000000749400000, 0x0000000749400000|100%| E|CS|TAMS 0x0000000749300000, 0x0000000749300000| Complete 
| 120|0x0000000749400000, 0x0000000749500000, 0x0000000749500000|100%| E|CS|TAMS 0x0000000749400000, 0x0000000749400000| Complete 
| 121|0x0000000749500000, 0x0000000749600000, 0x0000000749600000|100%| E|CS|TAMS 0x0000000749500000, 0x0000000749500000| Complete 
| 122|0x0000000749600000, 0x0000000749700000, 0x0000000749700000|100%| E|CS|TAMS 0x0000000749600000, 0x0000000749600000| Complete 
| 123|0x0000000749700000, 0x0000000749800000, 0x0000000749800000|100%| E|CS|TAMS 0x0000000749700000, 0x0000000749700000| Complete 
| 124|0x0000000749800000, 0x0000000749900000, 0x0000000749900000|100%| E|CS|TAMS 0x0000000749800000, 0x0000000749800000| Complete 
| 125|0x0000000749900000, 0x0000000749a00000, 0x0000000749a00000|100%| E|CS|TAMS 0x0000000749900000, 0x0000000749900000| Complete 
| 126|0x0000000749a00000, 0x0000000749b00000, 0x0000000749b00000|100%| E|CS|TAMS 0x0000000749a00000, 0x0000000749a00000| Complete 
| 127|0x0000000749b00000, 0x0000000749c00000, 0x0000000749c00000|100%| E|CS|TAMS 0x0000000749b00000, 0x0000000749b00000| Complete 
| 128|0x0000000749c00000, 0x0000000749d00000, 0x0000000749d00000|100%| E|CS|TAMS 0x0000000749c00000, 0x0000000749c00000| Complete 
| 129|0x0000000749d00000, 0x0000000749e00000, 0x0000000749e00000|100%| E|CS|TAMS 0x0000000749d00000, 0x0000000749d00000| Complete 
| 130|0x0000000749e00000, 0x0000000749f00000, 0x0000000749f00000|100%| E|CS|TAMS 0x0000000749e00000, 0x0000000749e00000| Complete 
| 131|0x0000000749f00000, 0x000000074a000000, 0x000000074a000000|100%| E|CS|TAMS 0x0000000749f00000, 0x0000000749f00000| Complete 
| 132|0x000000074a000000, 0x000000074a100000, 0x000000074a100000|100%| E|CS|TAMS 0x000000074a000000, 0x000000074a000000| Complete 
| 133|0x000000074a100000, 0x000000074a200000, 0x000000074a200000|100%| E|CS|TAMS 0x000000074a100000, 0x000000074a100000| Complete 
| 134|0x000000074a200000, 0x000000074a300000, 0x000000074a300000|100%| E|CS|TAMS 0x000000074a200000, 0x000000074a200000| Complete 
| 135|0x000000074a300000, 0x000000074a400000, 0x000000074a400000|100%| E|CS|TAMS 0x000000074a300000, 0x000000074a300000| Complete 
| 136|0x000000074a400000, 0x000000074a500000, 0x000000074a500000|100%| E|CS|TAMS 0x000000074a400000, 0x000000074a400000| Complete 
| 137|0x000000074a500000, 0x000000074a600000, 0x000000074a600000|100%| E|CS|TAMS 0x000000074a500000, 0x000000074a500000| Complete 
| 138|0x000000074a600000, 0x000000074a700000, 0x000000074a700000|100%| E|CS|TAMS 0x000000074a600000, 0x000000074a600000| Complete 
| 139|0x000000074a700000, 0x000000074a800000, 0x000000074a800000|100%| E|CS|TAMS 0x000000074a700000, 0x000000074a700000| Complete 
| 140|0x000000074a800000, 0x000000074a900000, 0x000000074a900000|100%| E|CS|TAMS 0x000000074a800000, 0x000000074a800000| Complete 
| 141|0x000000074a900000, 0x000000074aa00000, 0x000000074aa00000|100%| E|CS|TAMS 0x000000074a900000, 0x000000074a900000| Complete 
| 142|0x000000074aa00000, 0x000000074ab00000, 0x000000074ab00000|100%| E|CS|TAMS 0x000000074aa00000, 0x000000074aa00000| Complete 
| 143|0x000000074ab00000, 0x000000074ac00000, 0x000000074ac00000|100%| E|CS|TAMS 0x000000074ab00000, 0x000000074ab00000| Complete 
| 144|0x000000074ac00000, 0x000000074ad00000, 0x000000074ad00000|100%| E|CS|TAMS 0x000000074ac00000, 0x000000074ac00000| Complete 
| 145|0x000000074ad00000, 0x000000074ae00000, 0x000000074ae00000|100%| E|CS|TAMS 0x000000074ad00000, 0x000000074ad00000| Complete 
| 146|0x000000074ae00000, 0x000000074af00000, 0x000000074af00000|100%| E|CS|TAMS 0x000000074ae00000, 0x000000074ae00000| Complete 
| 147|0x000000074af00000, 0x000000074b000000, 0x000000074b000000|100%| E|CS|TAMS 0x000000074af00000, 0x000000074af00000| Complete 
| 148|0x000000074b000000, 0x000000074b100000, 0x000000074b100000|100%| S|CS|TAMS 0x000000074b000000, 0x000000074b000000| Complete 
| 149|0x000000074b100000, 0x000000074b200000, 0x000000074b200000|100%| S|CS|TAMS 0x000000074b100000, 0x000000074b100000| Complete 
| 150|0x000000074b200000, 0x000000074b300000, 0x000000074b300000|100%| S|CS|TAMS 0x000000074b200000, 0x000000074b200000| Complete 
| 151|0x000000074b300000, 0x000000074b400000, 0x000000074b400000|100%| S|CS|TAMS 0x000000074b300000, 0x000000074b300000| Complete 
| 152|0x000000074b400000, 0x000000074b500000, 0x000000074b500000|100%| S|CS|TAMS 0x000000074b400000, 0x000000074b400000| Complete 
| 153|0x000000074b500000, 0x000000074b600000, 0x000000074b600000|100%| S|CS|TAMS 0x000000074b500000, 0x000000074b500000| Complete 
| 154|0x000000074b600000, 0x000000074b700000, 0x000000074b700000|100%| S|CS|TAMS 0x000000074b600000, 0x000000074b600000| Complete 
| 155|0x000000074b700000, 0x000000074b800000, 0x000000074b800000|100%| S|CS|TAMS 0x000000074b700000, 0x000000074b700000| Complete 
| 156|0x000000074b800000, 0x000000074b900000, 0x000000074b900000|100%| S|CS|TAMS 0x000000074b800000, 0x000000074b800000| Complete 
| 157|0x000000074b900000, 0x000000074ba00000, 0x000000074ba00000|100%| S|CS|TAMS 0x000000074b900000, 0x000000074b900000| Complete 
| 158|0x000000074ba00000, 0x000000074bb00000, 0x000000074bb00000|100%| S|CS|TAMS 0x000000074ba00000, 0x000000074ba00000| Complete 
| 159|0x000000074bb00000, 0x000000074bc00000, 0x000000074bc00000|100%| E|CS|TAMS 0x000000074bb00000, 0x000000074bb00000| Complete 
| 160|0x000000074bc00000, 0x000000074bd00000, 0x000000074bd00000|100%| E|CS|TAMS 0x000000074bc00000, 0x000000074bc00000| Complete 
| 161|0x000000074bd00000, 0x000000074be00000, 0x000000074be00000|100%| E|CS|TAMS 0x000000074bd00000, 0x000000074bd00000| Complete 
| 162|0x000000074be00000, 0x000000074bf00000, 0x000000074bf00000|100%| E|CS|TAMS 0x000000074be00000, 0x000000074be00000| Complete 
| 163|0x000000074bf00000, 0x000000074c000000, 0x000000074c000000|100%| E|CS|TAMS 0x000000074bf00000, 0x000000074bf00000| Complete 
| 164|0x000000074c000000, 0x000000074c100000, 0x000000074c100000|100%| E|CS|TAMS 0x000000074c000000, 0x000000074c000000| Complete 
| 165|0x000000074c100000, 0x000000074c200000, 0x000000074c200000|100%| E|CS|TAMS 0x000000074c100000, 0x000000074c100000| Complete 
| 166|0x000000074c200000, 0x000000074c300000, 0x000000074c300000|100%| E|CS|TAMS 0x000000074c200000, 0x000000074c200000| Complete 
| 167|0x000000074c300000, 0x000000074c400000, 0x000000074c400000|100%| E|CS|TAMS 0x000000074c300000, 0x000000074c300000| Complete 
| 168|0x000000074c400000, 0x000000074c500000, 0x000000074c500000|100%| E|CS|TAMS 0x000000074c400000, 0x000000074c400000| Complete 
| 169|0x000000074c500000, 0x000000074c600000, 0x000000074c600000|100%| E|CS|TAMS 0x000000074c500000, 0x000000074c500000| Complete 
| 170|0x000000074c600000, 0x000000074c700000, 0x000000074c700000|100%| E|CS|TAMS 0x000000074c600000, 0x000000074c600000| Complete 
| 171|0x000000074c700000, 0x000000074c800000, 0x000000074c800000|100%| E|CS|TAMS 0x000000074c700000, 0x000000074c700000| Complete 
| 172|0x000000074c800000, 0x000000074c900000, 0x000000074c900000|100%| E|CS|TAMS 0x000000074c800000, 0x000000074c800000| Complete 
| 173|0x000000074c900000, 0x000000074ca00000, 0x000000074ca00000|100%| E|CS|TAMS 0x000000074c900000, 0x000000074c900000| Complete 
| 174|0x000000074ca00000, 0x000000074cb00000, 0x000000074cb00000|100%| E|CS|TAMS 0x000000074ca00000, 0x000000074ca00000| Complete 
| 175|0x000000074cb00000, 0x000000074cc00000, 0x000000074cc00000|100%| E|CS|TAMS 0x000000074cb00000, 0x000000074cb00000| Complete 
| 176|0x000000074cc00000, 0x000000074cd00000, 0x000000074cd00000|100%| E|CS|TAMS 0x000000074cc00000, 0x000000074cc00000| Complete 
| 177|0x000000074cd00000, 0x000000074ce00000, 0x000000074ce00000|100%| E|CS|TAMS 0x000000074cd00000, 0x000000074cd00000| Complete 
| 178|0x000000074ce00000, 0x000000074cf00000, 0x000000074cf00000|100%| E|CS|TAMS 0x000000074ce00000, 0x000000074ce00000| Complete 
| 179|0x000000074cf00000, 0x000000074d000000, 0x000000074d000000|100%| E|CS|TAMS 0x000000074cf00000, 0x000000074cf00000| Complete 
| 180|0x000000074d000000, 0x000000074d100000, 0x000000074d100000|100%| E|CS|TAMS 0x000000074d000000, 0x000000074d000000| Complete 
| 181|0x000000074d100000, 0x000000074d200000, 0x000000074d200000|100%| E|CS|TAMS 0x000000074d100000, 0x000000074d100000| Complete 
| 182|0x000000074d200000, 0x000000074d300000, 0x000000074d300000|100%| E|CS|TAMS 0x000000074d200000, 0x000000074d200000| Complete 
| 183|0x000000074d300000, 0x000000074d400000, 0x000000074d400000|100%| E|CS|TAMS 0x000000074d300000, 0x000000074d300000| Complete 
| 184|0x000000074d400000, 0x000000074d500000, 0x000000074d500000|100%| E|CS|TAMS 0x000000074d400000, 0x000000074d400000| Complete 
| 185|0x000000074d500000, 0x000000074d600000, 0x000000074d600000|100%| E|CS|TAMS 0x000000074d500000, 0x000000074d500000| Complete 
| 186|0x000000074d600000, 0x000000074d700000, 0x000000074d700000|100%| E|CS|TAMS 0x000000074d600000, 0x000000074d600000| Complete 
| 187|0x000000074d700000, 0x000000074d800000, 0x000000074d800000|100%| E|CS|TAMS 0x000000074d700000, 0x000000074d700000| Complete 
| 188|0x000000074d800000, 0x000000074d900000, 0x000000074d900000|100%| E|CS|TAMS 0x000000074d800000, 0x000000074d800000| Complete 
| 189|0x000000074d900000, 0x000000074da00000, 0x000000074da00000|100%| E|CS|TAMS 0x000000074d900000, 0x000000074d900000| Complete 
| 190|0x000000074da00000, 0x000000074db00000, 0x000000074db00000|100%| E|CS|TAMS 0x000000074da00000, 0x000000074da00000| Complete 
| 191|0x000000074db00000, 0x000000074dc00000, 0x000000074dc00000|100%| E|CS|TAMS 0x000000074db00000, 0x000000074db00000| Complete 
| 192|0x000000074dc00000, 0x000000074dd00000, 0x000000074dd00000|100%| E|CS|TAMS 0x000000074dc00000, 0x000000074dc00000| Complete 
| 193|0x000000074dd00000, 0x000000074de00000, 0x000000074de00000|100%| E|CS|TAMS 0x000000074dd00000, 0x000000074dd00000| Complete 
| 194|0x000000074de00000, 0x000000074df00000, 0x000000074df00000|100%| E|CS|TAMS 0x000000074de00000, 0x000000074de00000| Complete 
| 195|0x000000074df00000, 0x000000074e000000, 0x000000074e000000|100%| E|CS|TAMS 0x000000074df00000, 0x000000074df00000| Complete 
| 196|0x000000074e000000, 0x000000074e100000, 0x000000074e100000|100%| E|CS|TAMS 0x000000074e000000, 0x000000074e000000| Complete 
| 197|0x000000074e100000, 0x000000074e200000, 0x000000074e200000|100%| E|CS|TAMS 0x000000074e100000, 0x000000074e100000| Complete 
| 198|0x000000074e200000, 0x000000074e300000, 0x000000074e300000|100%| E|CS|TAMS 0x000000074e200000, 0x000000074e200000| Complete 
| 199|0x000000074e300000, 0x000000074e400000, 0x000000074e400000|100%| E|CS|TAMS 0x000000074e300000, 0x000000074e300000| Complete 
| 200|0x000000074e400000, 0x000000074e500000, 0x000000074e500000|100%| E|CS|TAMS 0x000000074e400000, 0x000000074e400000| Complete 
| 201|0x000000074e500000, 0x000000074e600000, 0x000000074e600000|100%| E|CS|TAMS 0x000000074e500000, 0x000000074e500000| Complete 
| 202|0x000000074e600000, 0x000000074e700000, 0x000000074e700000|100%| E|CS|TAMS 0x000000074e600000, 0x000000074e600000| Complete 
| 203|0x000000074e700000, 0x000000074e800000, 0x000000074e800000|100%| E|CS|TAMS 0x000000074e700000, 0x000000074e700000| Complete 
| 204|0x000000074e800000, 0x000000074e900000, 0x000000074e900000|100%| E|CS|TAMS 0x000000074e800000, 0x000000074e800000| Complete 
| 205|0x000000074e900000, 0x000000074ea00000, 0x000000074ea00000|100%| E|CS|TAMS 0x000000074e900000, 0x000000074e900000| Complete 
| 206|0x000000074ea00000, 0x000000074eb00000, 0x000000074eb00000|100%| E|CS|TAMS 0x000000074ea00000, 0x000000074ea00000| Complete 
| 207|0x000000074eb00000, 0x000000074ec00000, 0x000000074ec00000|100%| E|CS|TAMS 0x000000074eb00000, 0x000000074eb00000| Complete 
| 208|0x000000074ec00000, 0x000000074ed00000, 0x000000074ed00000|100%| E|CS|TAMS 0x000000074ec00000, 0x000000074ec00000| Complete 
| 209|0x000000074ed00000, 0x000000074ee00000, 0x000000074ee00000|100%| E|CS|TAMS 0x000000074ed00000, 0x000000074ed00000| Complete 
| 210|0x000000074ee00000, 0x000000074ef00000, 0x000000074ef00000|100%| E|CS|TAMS 0x000000074ee00000, 0x000000074ee00000| Complete 
| 211|0x000000074ef00000, 0x000000074f000000, 0x000000074f000000|100%| E|CS|TAMS 0x000000074ef00000, 0x000000074ef00000| Complete 
| 212|0x000000074f000000, 0x000000074f100000, 0x000000074f100000|100%| E|CS|TAMS 0x000000074f000000, 0x000000074f000000| Complete 
| 213|0x000000074f100000, 0x000000074f200000, 0x000000074f200000|100%| E|CS|TAMS 0x000000074f100000, 0x000000074f100000| Complete 
| 214|0x000000074f200000, 0x000000074f300000, 0x000000074f300000|100%| E|CS|TAMS 0x000000074f200000, 0x000000074f200000| Complete 
| 215|0x000000074f300000, 0x000000074f400000, 0x000000074f400000|100%| E|CS|TAMS 0x000000074f300000, 0x000000074f300000| Complete 
| 216|0x000000074f400000, 0x000000074f500000, 0x000000074f500000|100%| E|CS|TAMS 0x000000074f400000, 0x000000074f400000| Complete 
| 217|0x000000074f500000, 0x000000074f600000, 0x000000074f600000|100%| E|CS|TAMS 0x000000074f500000, 0x000000074f500000| Complete 
| 218|0x000000074f600000, 0x000000074f700000, 0x000000074f700000|100%| E|CS|TAMS 0x000000074f600000, 0x000000074f600000| Complete 
| 219|0x000000074f700000, 0x000000074f800000, 0x000000074f800000|100%| E|CS|TAMS 0x000000074f700000, 0x000000074f700000| Complete 
| 220|0x000000074f800000, 0x000000074f900000, 0x000000074f900000|100%| E|CS|TAMS 0x000000074f800000, 0x000000074f800000| Complete 
| 221|0x000000074f900000, 0x000000074fa00000, 0x000000074fa00000|100%| E|CS|TAMS 0x000000074f900000, 0x000000074f900000| Complete 
| 222|0x000000074fa00000, 0x000000074fb00000, 0x000000074fb00000|100%| E|CS|TAMS 0x000000074fa00000, 0x000000074fa00000| Complete 
| 223|0x000000074fb00000, 0x000000074fc00000, 0x000000074fc00000|100%| E|CS|TAMS 0x000000074fb00000, 0x000000074fb00000| Complete 
| 224|0x000000074fc00000, 0x000000074fd00000, 0x000000074fd00000|100%| E|CS|TAMS 0x000000074fc00000, 0x000000074fc00000| Complete 
| 225|0x000000074fd00000, 0x000000074fe00000, 0x000000074fe00000|100%| E|CS|TAMS 0x000000074fd00000, 0x000000074fd00000| Complete 
| 226|0x000000074fe00000, 0x000000074ff00000, 0x000000074ff00000|100%| E|CS|TAMS 0x000000074fe00000, 0x000000074fe00000| Complete 
| 227|0x000000074ff00000, 0x0000000750000000, 0x0000000750000000|100%| E|CS|TAMS 0x000000074ff00000, 0x000000074ff00000| Complete 
| 228|0x0000000750000000, 0x0000000750100000, 0x0000000750100000|100%| E|CS|TAMS 0x0000000750000000, 0x0000000750000000| Complete 
| 229|0x0000000750100000, 0x0000000750200000, 0x0000000750200000|100%| E|CS|TAMS 0x0000000750100000, 0x0000000750100000| Complete 
| 230|0x0000000750200000, 0x0000000750300000, 0x0000000750300000|100%| E|CS|TAMS 0x0000000750200000, 0x0000000750200000| Complete 

Card table byte_map: [0x000001ac1de00000,0x000001ac1e400000] _byte_map_base: 0x000001ac1a3f2000

Marking Bits (Prev, Next): (CMBitMap*) 0x000001ac063e6920, (CMBitMap*) 0x000001ac063e68e8
 Prev Bits: [0x000001ac21990000, 0x000001ac24920000)
 Next Bits: [0x000001ac1ea00000, 0x000001ac21990000)

Polling page: 0x000001ac04220000

Metaspace:

Usage:
  Non-class:     60.89 MB capacity,    59.83 MB ( 98%) used,   862.99 KB (  1%) free+waste,   218.63 KB ( <1%) overhead. 
      Class:      9.25 MB capacity,     8.59 MB ( 93%) used,   572.86 KB (  6%) free+waste,    99.88 KB (  1%) overhead. 
       Both:     70.14 MB capacity,    68.42 MB ( 98%) used,     1.40 MB (  2%) free+waste,   318.50 KB ( <1%) overhead. 

Virtual space:
  Non-class space:       62.00 MB reserved,      61.00 MB ( 98%) committed 
      Class space:        1.00 GB reserved,       9.33 MB ( <1%) committed 
             Both:        1.06 GB reserved,      70.33 MB (  6%) committed 

Chunk freelists:
   Non-Class:  6.00 KB
       Class:  512 bytes
        Both:  6.50 KB

CodeHeap 'non-profiled nmethods': size=120064Kb used=3596Kb max_used=3638Kb free=116467Kb
 bounds [0x000001ac162c0000, 0x000001ac16690000, 0x000001ac1d800000]
CodeHeap 'profiled nmethods': size=120000Kb used=12707Kb max_used=12789Kb free=107292Kb
 bounds [0x000001ac0ed90000, 0x000001ac0fa30000, 0x000001ac162c0000]
CodeHeap 'non-nmethods': size=5696Kb used=1248Kb max_used=1297Kb free=4447Kb
 bounds [0x000001ac0e800000, 0x000001ac0ea70000, 0x000001ac0ed90000]
 total_blobs=6623 nmethods=6019 adapters=514
 compilation: enabled
              stopped_count=0, restarted_count=0
 full_count=0

Compilation events (10 events):
Event: 29.492 Thread 0x000001ac27732800 nmethod 6743 0x000001ac0f4c1d90 code [0x000001ac0f4c1f40, 0x000001ac0f4c2210]
Event: 29.493 Thread 0x000001ac27732800 6744       3       java.util.Calendar::isFieldSet (14 bytes)
Event: 29.493 Thread 0x000001ac27732800 nmethod 6744 0x000001ac0f4c4e90 code [0x000001ac0f4c5040, 0x000001ac0f4c51f8]
Event: 29.498 Thread 0x000001ac276d6800 nmethod 6735 0x000001ac163fb290 code [0x000001ac163fb480, 0x000001ac163fb838]
Event: 29.498 Thread 0x000001ac276d6800 6736       4       java.security.SecureClassLoader$CodeSourceKey::equals (56 bytes)
Event: 29.502 Thread 0x000001ac276d6800 nmethod 6736 0x000001ac163fcf10 code [0x000001ac163fd0a0, 0x000001ac163fd3d8]
Event: 29.502 Thread 0x000001ac276d6800 6746       4       org.springframework.beans.factory.support.AbstractBeanFactory::isTypeMatch (607 bytes)
Event: 29.507 Thread 0x000001ac27732800 6751       3       java.util.Calendar::getBaseStyle (5 bytes)
Event: 29.507 Thread 0x000001ac27732800 nmethod 6751 0x000001ac0f32d290 code [0x000001ac0f32d420, 0x000001ac0f32d598]
Event: 29.508 Thread 0x000001ac302d3800 6750   !   4       org.springframework.core.annotation.AnnotationsScanner::processClassHierarchy (227 bytes)

GC Heap History (10 events):
Event: 4.895 GC heap before
{Heap before GC invocations=5 (full 0):
 garbage-first heap   total 196608K, used 123060K [0x0000000741c00000, 0x0000000800000000)
  region size 1024K, 115 young (117760K), 3 survivors (3072K)
 Metaspace       used 29541K, capacity 30207K, committed 30460K, reserved 1075200K
  class space    used 3436K, capacity 3707K, committed 3836K, reserved 1048576K
}
Event: 4.903 GC heap after
{Heap after GC invocations=6 (full 0):
 garbage-first heap   total 196608K, used 12422K [0x0000000741c00000, 0x0000000800000000)
  region size 1024K, 6 young (6144K), 6 survivors (6144K)
 Metaspace       used 29541K, capacity 30207K, committed 30460K, reserved 1075200K
  class space    used 3436K, capacity 3707K, committed 3836K, reserved 1048576K
}
Event: 6.129 GC heap before
{Heap before GC invocations=6 (full 0):
 garbage-first heap   total 196608K, used 63622K [0x0000000741c00000, 0x0000000800000000)
  region size 1024K, 57 young (58368K), 6 survivors (6144K)
 Metaspace       used 35130K, capacity 35918K, committed 36048K, reserved 1081344K
  class space    used 4169K, capacity 4487K, committed 4560K, reserved 1048576K
}
Event: 6.140 GC heap after
{Heap after GC invocations=7 (full 0):
 garbage-first heap   total 196608K, used 14954K [0x0000000741c00000, 0x0000000800000000)
  region size 1024K, 9 young (9216K), 9 survivors (9216K)
 Metaspace       used 35130K, capacity 35918K, committed 36048K, reserved 1081344K
  class space    used 4169K, capacity 4487K, committed 4560K, reserved 1048576K
}
Event: 7.329 GC heap before
{Heap before GC invocations=8 (full 0):
 garbage-first heap   total 196608K, used 122474K [0x0000000741c00000, 0x0000000800000000)
  region size 1024K, 115 young (117760K), 9 survivors (9216K)
 Metaspace       used 38637K, capacity 39635K, committed 39888K, reserved 1083392K
  class space    used 4594K, capacity 4979K, committed 5072K, reserved 1048576K
}
Event: 7.341 GC heap after
{Heap after GC invocations=9 (full 0):
 garbage-first heap   total 196608K, used 16587K [0x0000000741c00000, 0x0000000800000000)
  region size 1024K, 10 young (10240K), 10 survivors (10240K)
 Metaspace       used 38637K, capacity 39635K, committed 39888K, reserved 1083392K
  class space    used 4594K, capacity 4979K, committed 5072K, reserved 1048576K
}
Event: 11.364 GC heap before
{Heap before GC invocations=9 (full 0):
 garbage-first heap   total 196608K, used 124107K [0x0000000741c00000, 0x0000000800000000)
  region size 1024K, 115 young (117760K), 10 survivors (10240K)
 Metaspace       used 51906K, capacity 53173K, committed 53200K, reserved 1095680K
  class space    used 6384K, capacity 6847K, committed 6864K, reserved 1048576K
}
Event: 11.382 GC heap after
{Heap after GC invocations=10 (full 0):
 garbage-first heap   total 236544K, used 22423K [0x0000000741c00000, 0x0000000800000000)
  region size 1024K, 13 young (13312K), 13 survivors (13312K)
 Metaspace       used 51906K, capacity 53173K, committed 53200K, reserved 1095680K
  class space    used 6384K, capacity 6847K, committed 6864K, reserved 1048576K
}
Event: 12.318 GC heap before
{Heap before GC invocations=10 (full 0):
 garbage-first heap   total 236544K, used 95127K [0x0000000741c00000, 0x0000000800000000)
  region size 1024K, 85 young (87040K), 13 survivors (13312K)
 Metaspace       used 59023K, capacity 60462K, committed 60508K, reserved 1101824K
  class space    used 7316K, capacity 7868K, committed 7888K, reserved 1048576K
}
Event: 12.337 GC heap after
{Heap after GC invocations=11 (full 0):
 garbage-first heap   total 236544K, used 25600K [0x0000000741c00000, 0x0000000800000000)
  region size 1024K, 11 young (11264K), 11 survivors (11264K)
 Metaspace       used 59023K, capacity 60462K, committed 60508K, reserved 1101824K
  class space    used 7316K, capacity 7868K, committed 7888K, reserved 1048576K
}

Deoptimization events (10 events):
Event: 13.575 Thread 0x000001ac2885f800 Uncommon trap: reason=unstable_if action=reinterpret pc=0x000001ac16505e94 method=org.springframework.core.annotation.TypeMappedAnnotations$MergedAnnotationFinder.doWithAnnotations(Ljava/lang/Object;ILjava/lang/Object;[Ljava/lang/annotation/Annotation;)Lo
Event: 14.133 Thread 0x000001ac2885f800 Uncommon trap: reason=class_check action=maybe_recompile pc=0x000001ac16634a38 method=org.springframework.util.ConcurrentReferenceHashMap$ReferenceManager.pollForPurge()Lorg/springframework/util/ConcurrentReferenceHashMap$Reference; @ 7 c2
Event: 14.133 Thread 0x000001ac2885f800 Uncommon trap: reason=class_check action=maybe_recompile pc=0x000001ac16634a38 method=org.springframework.util.ConcurrentReferenceHashMap$ReferenceManager.pollForPurge()Lorg/springframework/util/ConcurrentReferenceHashMap$Reference; @ 7 c2
Event: 14.133 Thread 0x000001ac2885f800 Uncommon trap: reason=class_check action=maybe_recompile pc=0x000001ac16634a38 method=org.springframework.util.ConcurrentReferenceHashMap$ReferenceManager.pollForPurge()Lorg/springframework/util/ConcurrentReferenceHashMap$Reference; @ 7 c2
Event: 14.133 Thread 0x000001ac2885f800 Uncommon trap: reason=class_check action=maybe_recompile pc=0x000001ac16634a38 method=org.springframework.util.ConcurrentReferenceHashMap$ReferenceManager.pollForPurge()Lorg/springframework/util/ConcurrentReferenceHashMap$Reference; @ 7 c2
Event: 14.186 Thread 0x000001ac2885f800 Uncommon trap: reason=unstable_if action=reinterpret pc=0x000001ac165c946c method=java.lang.PublicMethods$MethodList.merge(Ljava/lang/PublicMethods$MethodList;Ljava/lang/reflect/Method;)Ljava/lang/PublicMethods$MethodList; @ 62 c2
Event: 14.186 Thread 0x000001ac2885f800 Uncommon trap: reason=profile_predicate action=maybe_recompile pc=0x000001ac165ce638 method=java.lang.PublicMethods$MethodList.filter([Ljava/lang/reflect/Method;Ljava/lang/String;[Ljava/lang/Class;Z)Ljava/lang/PublicMethods$MethodList; @ 21 c2
Event: 14.186 Thread 0x000001ac2885f800 Uncommon trap: reason=profile_predicate action=maybe_recompile pc=0x000001ac165ce638 method=java.lang.PublicMethods$MethodList.filter([Ljava/lang/reflect/Method;Ljava/lang/String;[Ljava/lang/Class;Z)Ljava/lang/PublicMethods$MethodList; @ 21 c2
Event: 14.186 Thread 0x000001ac2885f800 Uncommon trap: reason=profile_predicate action=maybe_recompile pc=0x000001ac165ce638 method=java.lang.PublicMethods$MethodList.filter([Ljava/lang/reflect/Method;Ljava/lang/String;[Ljava/lang/Class;Z)Ljava/lang/PublicMethods$MethodList; @ 21 c2
Event: 14.186 Thread 0x000001ac2885f800 Uncommon trap: reason=profile_predicate action=maybe_recompile pc=0x000001ac165ce638 method=java.lang.PublicMethods$MethodList.filter([Ljava/lang/reflect/Method;Ljava/lang/String;[Ljava/lang/Class;Z)Ljava/lang/PublicMethods$MethodList; @ 21 c2

Classes redefined (0 events):
No events

Internal exceptions (10 events):
Event: 14.040 Thread 0x000001ac2885f800 Exception <a 'java/lang/ClassNotFoundException'{0x0000000749cb5e48}: com/lazuardifachri/bps/lekdarjo/security/model/UserCustomizer> (0x0000000749cb5e48) thrown at [./open/src/hotspot/share/classfile/systemDictionary.cpp, line 228]
Event: 14.044 Thread 0x000001ac2885f800 Exception <a 'java/lang/ClassNotFoundException'{0x0000000749ceb1c8}: java/lang/ObjectCustomizer> (0x0000000749ceb1c8) thrown at [./open/src/hotspot/share/classfile/systemDictionary.cpp, line 228]
Event: 14.045 Thread 0x000001ac2885f800 Exception <a 'java/lang/ClassNotFoundException'{0x0000000749cfdf48}: com/lazuardifachri/bps/lekdarjo/security/model/RoleCustomizer> (0x0000000749cfdf48) thrown at [./open/src/hotspot/share/classfile/systemDictionary.cpp, line 228]
Event: 14.058 Thread 0x000001ac2885f800 Exception <a 'java/lang/reflect/InvocationTargetException'{0x00000007497af130}> (0x00000007497af130) thrown at [./open/src/hotspot/share/runtime/reflection.cpp, line 1242]
Event: 14.059 Thread 0x000001ac2885f800 Exception <a 'java/lang/reflect/InvocationTargetException'{0x00000007497baaa0}> (0x00000007497baaa0) thrown at [./open/src/hotspot/share/runtime/reflection.cpp, line 1242]
Event: 14.060 Thread 0x000001ac2885f800 Exception <a 'java/lang/reflect/InvocationTargetException'{0x00000007497c3470}> (0x00000007497c3470) thrown at [./open/src/hotspot/share/runtime/reflection.cpp, line 1242]
Event: 14.075 Thread 0x000001ac2885f800 Exception <a 'java/lang/ClassNotFoundException'{0x00000007496ce3d0}: java/lang/ObjectCustomizer> (0x00000007496ce3d0) thrown at [./open/src/hotspot/share/classfile/systemDictionary.cpp, line 228]
Event: 14.076 Thread 0x000001ac2885f800 Exception <a 'java/lang/ClassNotFoundException'{0x00000007496e0278}: com/lazuardifachri/bps/lekdarjo/model/IndicatorCustomizer> (0x00000007496e0278) thrown at [./open/src/hotspot/share/classfile/systemDictionary.cpp, line 228]
Event: 14.097 Thread 0x000001ac2885f800 Exception <a 'java/lang/reflect/InvocationTargetException'{0x00000007492cf698}> (0x00000007492cf698) thrown at [./open/src/hotspot/share/runtime/reflection.cpp, line 1242]
Event: 14.119 Thread 0x000001ac2885f800 Exception <a 'java/lang/reflect/InvocationTargetException'{0x0000000748d00948}> (0x0000000748d00948) thrown at [./open/src/hotspot/share/runtime/reflection.cpp, line 1242]

Events (10 events):
Event: 29.511 loading class org/apache/catalina/core/ApplicationFilterFactory$1
Event: 29.511 loading class org/apache/catalina/core/ApplicationFilterFactory$1 done
Event: 29.512 loading class org/apache/catalina/connector/ResponseFacade
Event: 29.512 loading class org/apache/catalina/connector/ResponseFacade done
Event: 29.514 loading class org/apache/catalina/util/TLSUtil
Event: 29.514 loading class org/apache/catalina/util/TLSUtil done
Event: 29.514 loading class org/springframework/web/context/request/async/WebAsyncUtils
Event: 29.514 loading class org/springframework/web/context/request/async/WebAsyncUtils done
Event: 29.515 loading class org/springframework/web/context/request/async/AsyncWebRequest
Event: 29.515 loading class org/springframework/web/context/request/async/AsyncWebRequest done


Dynamic libraries:
0x00007ff7013a0000 - 0x00007ff7013af000 	C:\Program Files\Java\jdk-11.0.9\bin\java.exe
0x00007ffdae660000 - 0x00007ffdae850000 	C:\Windows\SYSTEM32\ntdll.dll
0x00007ffdac780000 - 0x00007ffdac832000 	C:\Windows\System32\KERNEL32.DLL
0x00007ffdac020000 - 0x00007ffdac2c5000 	C:\Windows\System32\KERNELBASE.dll
0x00007ffdac490000 - 0x00007ffdac58a000 	C:\Windows\System32\ucrtbase.dll
0x00007ffd993c0000 - 0x00007ffd993d8000 	C:\Program Files\Java\jdk-11.0.9\bin\jli.dll
0x00007ffdae320000 - 0x00007ffdae3c3000 	C:\Windows\System32\ADVAPI32.dll
0x00007ffdac8a0000 - 0x00007ffdac93e000 	C:\Windows\System32\msvcrt.dll
0x00007ffdae3d0000 - 0x00007ffdae467000 	C:\Windows\System32\sechost.dll
0x00007ffdadaf0000 - 0x00007ffdadc0f000 	C:\Windows\System32\RPCRT4.dll
0x00007ffdad150000 - 0x00007ffdad2e4000 	C:\Windows\System32\USER32.dll
0x00007ffdac6e0000 - 0x00007ffdac701000 	C:\Windows\System32\win32u.dll
0x00007ffdac950000 - 0x00007ffdac976000 	C:\Windows\System32\GDI32.dll
0x00007ffdac2f0000 - 0x00007ffdac488000 	C:\Windows\System32\gdi32full.dll
0x00007ffdac640000 - 0x00007ffdac6de000 	C:\Windows\System32\msvcp_win.dll
0x00007ffd9aac0000 - 0x00007ffd9ad44000 	C:\Windows\WinSxS\amd64_microsoft.windows.common-controls_6595b64144ccf1df_6.0.18362.1316_none_9e7a364fe461dbd7\COMCTL32.dll
0x00007ffdad590000 - 0x00007ffdad8c7000 	C:\Windows\System32\combase.dll
0x00007ffdabf40000 - 0x00007ffdabfc1000 	C:\Windows\System32\bcryptPrimitives.dll
0x00007ffda45c0000 - 0x00007ffda45ca000 	C:\Windows\SYSTEM32\VERSION.dll
0x00007ffd993a0000 - 0x00007ffd993b5000 	C:\Program Files\Java\jdk-11.0.9\bin\VCRUNTIME140.dll
0x00007ffdad8d0000 - 0x00007ffdad8fe000 	C:\Windows\System32\IMM32.DLL
0x00007ffd77a70000 - 0x00007ffd77b0b000 	C:\Program Files\Java\jdk-11.0.9\bin\msvcp140.dll
0x00007ffd70f90000 - 0x00007ffd71a87000 	C:\Program Files\Java\jdk-11.0.9\bin\server\jvm.dll
0x00007ffdac940000 - 0x00007ffdac948000 	C:\Windows\System32\PSAPI.DLL
0x00007ffda9fb0000 - 0x00007ffda9fb9000 	C:\Windows\SYSTEM32\WSOCK32.dll
0x00007ffdad900000 - 0x00007ffdad96f000 	C:\Windows\System32\WS2_32.dll
0x00007ffda9130000 - 0x00007ffda9154000 	C:\Windows\SYSTEM32\WINMM.dll
0x00007ffda9100000 - 0x00007ffda912d000 	C:\Windows\SYSTEM32\WINMMBASE.dll
0x00007ffdabfd0000 - 0x00007ffdac01a000 	C:\Windows\System32\cfgmgr32.dll
0x00007ffdab5c0000 - 0x00007ffdab5d1000 	C:\Windows\System32\kernel.appcore.dll
0x00007ffd99390000 - 0x00007ffd993a0000 	C:\Program Files\Java\jdk-11.0.9\bin\verify.dll
0x00007ffda9d90000 - 0x00007ffda9f84000 	C:\Windows\SYSTEM32\DBGHELP.DLL
0x00007ffd95e30000 - 0x00007ffd95e5a000 	C:\Windows\SYSTEM32\dbgcore.DLL
0x00007ffd99360000 - 0x00007ffd99388000 	C:\Program Files\Java\jdk-11.0.9\bin\java.dll
0x00007ffd99350000 - 0x00007ffd9935a000 	C:\Program Files\Java\jdk-11.0.9\bin\jimage.dll
0x00007ffd99340000 - 0x00007ffd9934e000 	C:\Program Files\Java\jdk-11.0.9\bin\instrument.dll
0x00007ffd93980000 - 0x00007ffd93996000 	C:\Program Files\Java\jdk-11.0.9\bin\zip.dll
0x00007ffdaca60000 - 0x00007ffdad148000 	C:\Windows\System32\SHELL32.dll
0x00007ffdad970000 - 0x00007ffdada17000 	C:\Windows\System32\shcore.dll
0x00007ffdab790000 - 0x00007ffdabf0b000 	C:\Windows\System32\windows.storage.dll
0x00007ffdab520000 - 0x00007ffdab543000 	C:\Windows\System32\profapi.dll
0x00007ffdab570000 - 0x00007ffdab5ba000 	C:\Windows\System32\powrprof.dll
0x00007ffdab510000 - 0x00007ffdab520000 	C:\Windows\System32\UMPDC.dll
0x00007ffdad350000 - 0x00007ffdad3a2000 	C:\Windows\System32\shlwapi.dll
0x00007ffdac2d0000 - 0x00007ffdac2e7000 	C:\Windows\System32\cryptsp.dll
0x00007ffd93960000 - 0x00007ffd93979000 	C:\Program Files\Java\jdk-11.0.9\bin\net.dll
0x00007ffd99ad0000 - 0x00007ffd99bc0000 	C:\Windows\SYSTEM32\WINHTTP.dll
0x00007ffdaad50000 - 0x00007ffdaadb7000 	C:\Windows\system32\mswsock.dll
0x00007ffd93940000 - 0x00007ffd93952000 	C:\Program Files\Java\jdk-11.0.9\bin\nio.dll
0x00007ffd8d250000 - 0x00007ffd8d26a000 	C:\Program Files\JetBrains\IntelliJ IDEA Community Edition 2020.2.3\bin\breakgen64.dll
0x00007ffd99310000 - 0x00007ffd99319000 	C:\Program Files\Java\jdk-11.0.9\bin\management.dll
0x00007ffd97520000 - 0x00007ffd9752b000 	C:\Program Files\Java\jdk-11.0.9\bin\management_ext.dll
0x00007ffd8cc90000 - 0x00007ffd8cca6000 	C:\Windows\system32\napinsp.dll
0x00007ffd8ae20000 - 0x00007ffd8ae3a000 	C:\Windows\system32\pnrpnsp.dll
0x00007ffdaaa80000 - 0x00007ffdaab4b000 	C:\Windows\SYSTEM32\DNSAPI.dll
0x00007ffdadc90000 - 0x00007ffdadc98000 	C:\Windows\System32\NSI.dll
0x00007ffdaaa40000 - 0x00007ffdaaa7a000 	C:\Windows\SYSTEM32\IPHLPAPI.DLL
0x00007ffd94100000 - 0x00007ffd9410e000 	C:\Windows\System32\winrnr.dll
0x00007ffda7910000 - 0x00007ffda792c000 	C:\Windows\system32\NLAapi.dll
0x00007ffd97e70000 - 0x00007ffd97e85000 	C:\Windows\system32\wshbth.dll
0x00007ffd99930000 - 0x00007ffd9993a000 	C:\Windows\System32\rasadhlp.dll
0x00007ffd9eb70000 - 0x00007ffd9ebe7000 	C:\Windows\System32\fwpuclnt.dll
0x00007ffdabf10000 - 0x00007ffdabf36000 	C:\Windows\System32\bcrypt.dll
0x00007ffdaa8a0000 - 0x00007ffdaa8d3000 	C:\Windows\system32\rsaenh.dll
0x00007ffdab430000 - 0x00007ffdab455000 	C:\Windows\SYSTEM32\USERENV.dll
0x00007ffdaaf20000 - 0x00007ffdaaf2c000 	C:\Windows\SYSTEM32\CRYPTBASE.dll
0x00007ffd9ec70000 - 0x00007ffd9ec86000 	C:\Windows\SYSTEM32\dhcpcsvc6.DLL
0x00007ffd9ec50000 - 0x00007ffd9ec6c000 	C:\Windows\SYSTEM32\dhcpcsvc.DLL

dbghelp: loaded successfully - version: 4.0.5 - missing functions: none
symbol engine: initialized successfully - sym options: 0x614 - pdb path: .;C:\Program Files\Java\jdk-11.0.9\bin;C:\Windows\SYSTEM32;C:\Windows\WinSxS\amd64_microsoft.windows.common-controls_6595b64144ccf1df_6.0.18362.1316_none_9e7a364fe461dbd7;C:\Program Files\Java\jdk-11.0.9\bin\server;C:\Program Files\JetBrains\IntelliJ IDEA Community Edition 2020.2.3\bin

VM Arguments:
jvm_args: -javaagent:C:\Program Files\JetBrains\IntelliJ IDEA Community Edition 2020.2.3\lib\idea_rt.jar=64473:C:\Program Files\JetBrains\IntelliJ IDEA Community Edition 2020.2.3\bin -Dfile.encoding=UTF-8 
java_command: com.lazuardifachri.bps.lekdarjo.LekdarjoApplication
java_class_path (initial): C:\Users\izzud\Projects\Java\lekdarjo\target\classes;C:\Users\izzud\.m2\repository\org\springframework\boot\spring-boot-starter\2.3.5.RELEASE\spring-boot-starter-2.3.5.RELEASE.jar;C:\Users\izzud\.m2\repository\org\springframework\boot\spring-boot-starter-logging\2.3.5.RELEASE\spring-boot-starter-logging-2.3.5.RELEASE.jar;C:\Users\izzud\.m2\repository\ch\qos\logback\logback-classic\1.2.3\logback-classic-1.2.3.jar;C:\Users\izzud\.m2\repository\ch\qos\logback\logback-core\1.2.3\logback-core-1.2.3.jar;C:\Users\izzud\.m2\repository\org\apache\logging\log4j\log4j-to-slf4j\2.13.3\log4j-to-slf4j-2.13.3.jar;C:\Users\izzud\.m2\repository\org\apache\logging\log4j\log4j-api\2.13.3\log4j-api-2.13.3.jar;C:\Users\izzud\.m2\repository\org\slf4j\jul-to-slf4j\1.7.30\jul-to-slf4j-1.7.30.jar;C:\Users\izzud\.m2\repository\jakarta\annotation\jakarta.annotation-api\1.3.5\jakarta.annotation-api-1.3.5.jar;C:\Users\izzud\.m2\repository\org\yaml\snakeyaml\1.26\snakeyaml-1.26.jar;C:\Users\izzud\.m2\repository\org\slf4j\slf4j-api\1.7.30\slf4j-api-1.7.30.jar;C:\Users\izzud\.m2\repository\jakarta\xml\bind\jakarta.xml.bind-api\2.3.3\jakarta.xml.bind-api-2.3.3.jar;C:\Users\izzud\.m2\repository\jakarta\activation\jakarta.activation-api\1.2.2\jakarta.activation-api-1.2.2.jar;C:\Users\izzud\.m2\repository\net\bytebuddy\byte-buddy\1.10.17\byte-buddy-1.10.17.jar;C:\Users\izzud\.m2\repository\org\springframework\spring-core\5.2.10.RELEASE\spring-core-5.2.10.RELEASE.jar;C:\Users\izzud\.m2\repository\org\springframework\spring-jcl\5.2.10.RELEASE\spring-jcl-5.2.10.RELEASE.jar;C:\Users\izzud\.m2\repository\commons-io\commons-io\2.8.0\commons-io-2.8.0.jar;C:\Users\izzud\.m2\repository\org\apache\pdfbox\pdfbox\2.0.21\pdfbox-2.0.21.jar;C:\Users\izzud\.m2\repository\org\apache\pdfbox\fontbox\2.0.21\fontbox-2.0.21.jar;C:\Users\izzud\.m2\repository\commons-logging\commons-logging\1.2\commons-logging-1.2.jar;C:\Users\izzud\.m2\repository\org\hibernate\validator\hibernate-validator\6.1.6
Launcher Type: SUN_STANDARD

[Global flags]
     intx CICompilerCount                          = 3                                         {product} {ergonomic}
     uint ConcGCThreads                            = 1                                         {product} {ergonomic}
     uint G1ConcRefinementThreads                  = 4                                         {product} {ergonomic}
   size_t G1HeapRegionSize                         = 1048576                                   {product} {ergonomic}
    uintx GCDrainStackTargetSize                   = 64                                        {product} {ergonomic}
   size_t InitialHeapSize                          = 201326592                                 {product} {ergonomic}
   size_t MarkStackSize                            = 4194304                                   {product} {ergonomic}
   size_t MaxHeapSize                              = 3191865344                                {product} {ergonomic}
   size_t MaxNewSize                               = 1914699776                                {product} {ergonomic}
   size_t MinHeapDeltaBytes                        = 1048576                                   {product} {ergonomic}
    uintx NonNMethodCodeHeapSize                   = 5830732                                {pd product} {ergonomic}
    uintx NonProfiledCodeHeapSize                  = 122913754                              {pd product} {ergonomic}
    uintx ProfiledCodeHeapSize                     = 122913754                              {pd product} {ergonomic}
    uintx ReservedCodeCacheSize                    = 251658240                              {pd product} {ergonomic}
     bool SegmentedCodeCache                       = true                                      {product} {ergonomic}
     bool UseCompressedClassPointers               = true                                 {lp64_product} {ergonomic}
     bool UseCompressedOops                        = true                                 {lp64_product} {ergonomic}
     bool UseG1GC                                  = true                                      {product} {ergonomic}
     bool UseLargePagesIndividualAllocation        = false                                  {pd product} {ergonomic}

Logging:
Log output configuration:
 #0: stdout all=warning uptime,level,tags
 #1: stderr all=off uptime,level,tags

Environment Variables:
PATH=C:\Program Files\Common Files\Oracle\Java\javapath;C:\Program Files (x86)\Common Files\Oracle\Java\javapath;C:\Program Files (x86)\Intel\iCLS Client\;C:\Program Files\Intel\iCLS Client\;C:\Windows\system32;C:\Windows;C:\Windows\System32\Wbem;C:\Windows\System32\WindowsPowerShell\v1.0\;C:\Program Files (x86)\Intel\Intel(R) Management Engine Components\DAL;C:\Program Files\Intel\Intel(R) Management Engine Components\DAL;C:\Program Files (x86)\Intel\Intel(R) Management Engine Components\IPT;C:\Program Files\Intel\Intel(R) Management Engine Components\IPT;C:\xampp-7.3.4\php;C:\Windows\System32\OpenSSH\;C:\Program Files\Git\cmd;C:\Users\izzud\Anaconda3\;C:\ProgramData\chocolatey\bin;C:\Program Files\nodejs\;C:\Go\bin;C:\Program Files\Docker\Docker\resources\bin;C:\ProgramData\DockerDesktop\version-bin;C:\Users\izzud\AppData\Local\Microsoft\WindowsApps;C:\Users\izzud\AppData\Local\Programs\Microsoft VS Code\bin;C:\flutter\bin;C:\Users\izzud\Anaconda3\;C:\Users\izzud\Anaconda3\Scripts;C:\Program Files\PostgreSQL\11\bin;C:\Users\izzud\Anaconda3\Library\bin;C:\Program Files\Java\jdk1.8.0_231;C:\apache-maven-3.6.2\bin;C:\gradle-5.6.4\bin;C:\Program Files\Oracle\VirtualBox;C:\Program Files\JetBrains\PyCharm Community Edition 2020.2.2\bin;;C:\Users\izzud\AppData\Local\Packages\PythonSoftwareFoundation.Python.3.8_qbz5n2kfra8p0\LocalCache\local-packages\Python38\Scripts;C:\Users\izzud\AppData\Roaming\npm;C:\Users\izzud\go\bin;C:\Program Files\heroku\bin;C:\Program Files\gs\gs9.53.3\bin;C:\Program Files\gs\gs9.53.3\lib;
USERNAME=izzud
OS=Windows_NT
PROCESSOR_IDENTIFIER=Intel64 Family 6 Model 142 Stepping 9, GenuineIntel



---------------  S Y S T E M  ---------------

OS: Windows 10 , 64 bit Build 18362 (10.0.18362.1316)
HyperV virtualization detected

CPU:total 4 (initial active 4) (2 cores per cpu, 2 threads per core) family 6 model 142 stepping 9, cmov, cx8, fxsr, mmx, sse, sse2, sse3, ssse3, sse4.1, sse4.2, popcnt, avx, avx2, aes, clmul, erms, 3dnowpref, lzcnt, ht, tsc, tscinvbit, bmi1, bmi2, adx, fma

Memory: 4k page, system-wide physical 12168M (1818M free)
TotalPageFile size 12168M (AvailPageFile size 4M)
current process WorkingSet (physical memory assigned to process): 346M, peak: 396M
current process commit charge ("private bytes"): 439M, peak: 481M

vm_info: Java HotSpot(TM) 64-Bit Server VM (11.0.9+7-LTS) for windows-amd64 JRE (11.0.9+7-LTS), built on Sep 15 2020 16:47:03 by "mach5one" with MS VC++ 15.9 (VS2017)

END.
