#
# There is insufficient memory for the Java Runtime Environment to continue.
# Native memory allocation (malloc) failed to allocate 32744 bytes for ChunkPool::allocate
# Possible reasons:
#   The system is out of physical RAM or swap space
#   The process is running with CompressedOops enabled, and the Java Heap may be blocking the growth of the native heap
# Possible solutions:
#   Reduce memory load on the system
#   Increase physical memory or swap space
#   Check if swap backing store is full
#   Decrease Java heap size (-Xmx/-Xms)
#   Decrease number of Java threads
#   Decrease Java thread stack sizes (-Xss)
#   Set larger code cache with -XX:ReservedCodeCacheSize=
#   JVM is running with Zero Based Compressed Oops mode in which the Java heap is
#     placed in the first 32GB address space. The Java Heap base address is the
#     maximum limit for the native heap growth. Please use -XX:HeapBaseMinAddress
#     to set the Java Heap base and to place the Java Heap above 32GB virtual address.
# This output file may be truncated or incomplete.
#
#  Out of Memory Error (./open/src/hotspot/share/memory/arena.cpp:81), pid=9716, tid=8500
#
# JRE version: Java(TM) SE Runtime Environment 18.9 (11.0.9+7) (build 11.0.9+7-LTS)
# Java VM: Java HotSpot(TM) 64-Bit Server VM 18.9 (11.0.9+7-LTS, mixed mode, tiered, compressed oops, g1 gc, windows-amd64)
# No core dump will be written. Minidumps are not enabled by default on client versions of Windows
#

---------------  S U M M A R Y ------------

Command Line: -javaagent:C:\Program Files\JetBrains\IntelliJ IDEA Community Edition 2020.2.3\lib\idea_rt.jar=59744:C:\Program Files\JetBrains\IntelliJ IDEA Community Edition 2020.2.3\bin -Dfile.encoding=UTF-8 com.lazuardifachri.bps.lekdarjo.LekdarjoApplication

Host: Intel(R) Core(TM) i5-7200U CPU @ 2.50GHz, 4 cores, 11G,  Windows 10 , 64 bit Build 18362 (10.0.18362.1316)
Time: Tue Jan 26 14:54:08 2021 SE Asia Standard Time elapsed time: 7.485035 seconds (0d 0h 0m 7s)

---------------  T H R E A D  ---------------

Current thread (0x000001be2ba50800):  JavaThread "C1 CompilerThread0" daemon [_thread_in_native, id=8500, stack(0x0000000383500000,0x0000000383600000)]


Current CompileTask:
C1:   7485 4079       2       java.net.URLStreamHandler::parseURL (1201 bytes)

Stack: [0x0000000383500000,0x0000000383600000]
Native frames: (J=compiled Java code, j=interpreted, Vv=VM code, C=native code)
V  [jvm.dll+0x611a3a]
V  [jvm.dll+0x748aaf]
V  [jvm.dll+0x74a135]
V  [jvm.dll+0x74a7b3]
V  [jvm.dll+0x2439f8]
V  [jvm.dll+0xba65b]
V  [jvm.dll+0xba9bc]
V  [jvm.dll+0x160569]
V  [jvm.dll+0x1668ee]
V  [jvm.dll+0x169829]
V  [jvm.dll+0x169e7e]
V  [jvm.dll+0x161bd5]
V  [jvm.dll+0x1610d5]
V  [jvm.dll+0x16aa6b]
V  [jvm.dll+0x162208]
V  [jvm.dll+0x16574f]
V  [jvm.dll+0x11fe95]
V  [jvm.dll+0x11f70f]
V  [jvm.dll+0x11f93f]
V  [jvm.dll+0x11ebe7]
V  [jvm.dll+0x120af7]
V  [jvm.dll+0x20bc54]
V  [jvm.dll+0x209d2b]
V  [jvm.dll+0x7103d9]
V  [jvm.dll+0x709114]
V  [jvm.dll+0x610cb6]
C  [ucrtbase.dll+0x210b2]
C  [KERNEL32.DLL+0x17c24]
C  [ntdll.dll+0x6d4d1]


---------------  P R O C E S S  ---------------

Threads class SMR info:
_java_thread_list=0x000001be31d6df20, length=18, elements={
0x000001be08757000, 0x000001be2b9e3800, 0x000001be2b9e4800, 0x000001be2ba42800,
0x000001be2ba43800, 0x000001be2ba45000, 0x000001be2ba50800, 0x000001be2ba5a000,
0x000001be2bbc3800, 0x000001be2bbd9800, 0x000001be2bbc0000, 0x000001be2bbc4000,
0x000001be2bbc5000, 0x000001be2bbc1000, 0x000001be2bbbf800, 0x000001be2bbc6000,
0x000001be2bbc1800, 0x000001be2bbc2800
}

Java Threads: ( => current thread )
  0x000001be08757000 JavaThread "main" [_thread_blocked, id=13564, stack(0x0000000382900000,0x0000000382a00000)]
  0x000001be2b9e3800 JavaThread "Reference Handler" daemon [_thread_blocked, id=6200, stack(0x0000000383000000,0x0000000383100000)]
  0x000001be2b9e4800 JavaThread "Finalizer" daemon [_thread_blocked, id=14608, stack(0x0000000383100000,0x0000000383200000)]
  0x000001be2ba42800 JavaThread "Signal Dispatcher" daemon [_thread_blocked, id=6532, stack(0x0000000383200000,0x0000000383300000)]
  0x000001be2ba43800 JavaThread "Attach Listener" daemon [_thread_blocked, id=8956, stack(0x0000000383300000,0x0000000383400000)]
  0x000001be2ba45000 JavaThread "C2 CompilerThread0" daemon [_thread_in_native, id=9372, stack(0x0000000383400000,0x0000000383500000)]
=>0x000001be2ba50800 JavaThread "C1 CompilerThread0" daemon [_thread_in_native, id=8500, stack(0x0000000383500000,0x0000000383600000)]
  0x000001be2ba5a000 JavaThread "Sweeper thread" daemon [_thread_blocked, id=8816, stack(0x0000000383600000,0x0000000383700000)]
  0x000001be2bbc3800 JavaThread "Common-Cleaner" daemon [_thread_blocked, id=13700, stack(0x0000000383700000,0x0000000383800000)]
  0x000001be2bbd9800 JavaThread "C2 CompilerThread1" daemon [_thread_in_native, id=13020, stack(0x0000000383800000,0x0000000383900000)]
  0x000001be2bbc0000 JavaThread "Monitor Ctrl-Break" daemon [_thread_in_native, id=14484, stack(0x0000000383900000,0x0000000383a00000)]
  0x000001be2bbc4000 JavaThread "Service Thread" daemon [_thread_blocked, id=7280, stack(0x0000000383a00000,0x0000000383b00000)]
  0x000001be2bbc5000 JavaThread "Thread-0" [_thread_blocked, id=13664, stack(0x0000000383c00000,0x0000000383d00000)]
  0x000001be2bbc1000 JavaThread "restartedMain" [_thread_in_vm, id=13804, stack(0x0000000384000000,0x0000000384100000)]
  0x000001be2bbbf800 JavaThread "PostgreSQL-JDBC-SharedTimer-1" daemon [_thread_blocked, id=8060, stack(0x0000000384200000,0x0000000384300000)]
  0x000001be2bbc6000 JavaThread "HikariPool-1 housekeeper" daemon [_thread_blocked, id=15300, stack(0x0000000384300000,0x0000000384400000)]
  0x000001be2bbc1800 JavaThread "task-1" [_thread_in_vm, id=11704, stack(0x0000000384400000,0x0000000384500000)]
  0x000001be2bbc2800 JavaThread "HikariPool-1 connection adder" daemon [_thread_blocked, id=12472, stack(0x0000000384500000,0x0000000384600000)]

Other Threads:
  0x000001be2b1bd000 VMThread "VM Thread" [stack: 0x0000000382f00000,0x0000000383000000] [id=14084]
  0x000001be2c13b800 WatcherThread [stack: 0x0000000383b00000,0x0000000383c00000] [id=232]
  0x000001be0876c000 GCTaskThread "GC Thread#0" [stack: 0x0000000382a00000,0x0000000382b00000] [id=8876]
  0x000001be2c418800 GCTaskThread "GC Thread#1" [stack: 0x0000000383d00000,0x0000000383e00000] [id=12132]
  0x000001be2c419000 GCTaskThread "GC Thread#2" [stack: 0x0000000383e00000,0x0000000383f00000] [id=1460]
  0x000001be2c41a000 GCTaskThread "GC Thread#3" [stack: 0x0000000383f00000,0x0000000384000000] [id=8984]
  0x000001be087b4000 ConcurrentGCThread "G1 Main Marker" [stack: 0x0000000382b00000,0x0000000382c00000] [id=8272]
  0x000001be087b5800 ConcurrentGCThread "G1 Conc#0" [stack: 0x0000000382c00000,0x0000000382d00000] [id=11556]
  0x000001be2b025000 ConcurrentGCThread "G1 Refine#0" [stack: 0x0000000382d00000,0x0000000382e00000] [id=9836]
  0x000001be2b026000 ConcurrentGCThread "G1 Young RemSet Sampling" [stack: 0x0000000382e00000,0x0000000382f00000] [id=11584]

Threads with active compile tasks:
C2 CompilerThread0   7534 3910       4       org.springframework.core.annotation.TypeMappedAnnotations$MergedAnnotationFinder::doWithAnnotations (75 bytes)
C1 CompilerThread0   7534 4079       2       java.net.URLStreamHandler::parseURL (1201 bytes)
C2 CompilerThread1   7534 3914   !   4       org.springframework.core.annotation.AnnotationsScanner::processMethodHierarchy (276 bytes)

VM state:synchronizing (normal execution)

VM Mutex/Monitor currently owned by a thread:  ([mutex/lock_event])
[0x000001be087533b0] Threads_lock - owner thread: 0x000001be2b1bd000

Heap address: 0x0000000741c00000, size: 3044 MB, Compressed Oops mode: Zero based, Oop shift amount: 3
Narrow klass base: 0x0000000800000000, Narrow klass shift: 0
Compressed class space size: 1073741824 Address: 0x0000000800000000

Heap:
 garbage-first heap   total 259072K, used 152350K [0x0000000741c00000, 0x0000000800000000)
  region size 1024K, 144 young (147456K), 8 survivors (8192K)
 Metaspace       used 42526K, capacity 43676K, committed 43984K, reserved 1089536K
  class space    used 5021K, capacity 5472K, committed 5584K, reserved 1048576K
Heap Regions: E=young(eden), S=young(survivor), O=old, HS=humongous(starts), HC=humongous(continues), CS=collection set, F=free, A=archive, TAMS=top-at-mark-start (previous, next)
|   0|0x0000000741c00000, 0x0000000741d00000, 0x0000000741d00000|100%|HS|  |TAMS 0x0000000741d00000, 0x0000000741c00000| Complete 
|   1|0x0000000741d00000, 0x0000000741e00000, 0x0000000741e00000|100%| O|  |TAMS 0x0000000741e00000, 0x0000000741d00000| Untracked 
|   2|0x0000000741e00000, 0x0000000741f00000, 0x0000000741f00000|100%| O|  |TAMS 0x0000000741f00000, 0x0000000741e00000| Untracked 
|   3|0x0000000741f00000, 0x0000000742000000, 0x0000000742000000|100%| O|  |TAMS 0x0000000742000000, 0x0000000741f00000| Untracked 
|   4|0x0000000742000000, 0x0000000742100000, 0x0000000742100000|100%| O|  |TAMS 0x0000000742100000, 0x0000000742000000| Untracked 
|   5|0x0000000742100000, 0x0000000742200000, 0x0000000742200000|100%| O|  |TAMS 0x0000000742200000, 0x0000000742100000| Untracked 
|   6|0x0000000742200000, 0x00000007422df800, 0x0000000742300000| 87%| O|  |TAMS 0x00000007422df800, 0x0000000742200000| Untracked 
|   7|0x0000000742300000, 0x0000000742300000, 0x0000000742400000|  0%| F|  |TAMS 0x0000000742300000, 0x0000000742300000| Untracked 
|   8|0x0000000742400000, 0x0000000742400000, 0x0000000742500000|  0%| F|  |TAMS 0x0000000742400000, 0x0000000742400000| Untracked 
|   9|0x0000000742500000, 0x0000000742500000, 0x0000000742600000|  0%| F|  |TAMS 0x0000000742500000, 0x0000000742500000| Untracked 
|  10|0x0000000742600000, 0x0000000742600000, 0x0000000742700000|  0%| F|  |TAMS 0x0000000742600000, 0x0000000742600000| Untracked 
|  11|0x0000000742700000, 0x0000000742700000, 0x0000000742800000|  0%| F|  |TAMS 0x0000000742700000, 0x0000000742700000| Untracked 
|  12|0x0000000742800000, 0x0000000742800000, 0x0000000742900000|  0%| F|  |TAMS 0x0000000742800000, 0x0000000742800000| Untracked 
|  13|0x0000000742900000, 0x0000000742900000, 0x0000000742a00000|  0%| F|  |TAMS 0x0000000742900000, 0x0000000742900000| Untracked 
|  14|0x0000000742a00000, 0x0000000742a00000, 0x0000000742b00000|  0%| F|  |TAMS 0x0000000742a00000, 0x0000000742a00000| Untracked 
|  15|0x0000000742b00000, 0x0000000742b00000, 0x0000000742c00000|  0%| F|  |TAMS 0x0000000742b00000, 0x0000000742b00000| Untracked 
|  16|0x0000000742c00000, 0x0000000742c00000, 0x0000000742d00000|  0%| F|  |TAMS 0x0000000742c00000, 0x0000000742c00000| Untracked 
|  17|0x0000000742d00000, 0x0000000742d00000, 0x0000000742e00000|  0%| F|  |TAMS 0x0000000742d00000, 0x0000000742d00000| Untracked 
|  18|0x0000000742e00000, 0x0000000742e00000, 0x0000000742f00000|  0%| F|  |TAMS 0x0000000742e00000, 0x0000000742e00000| Untracked 
|  19|0x0000000742f00000, 0x0000000742f00000, 0x0000000743000000|  0%| F|  |TAMS 0x0000000742f00000, 0x0000000742f00000| Untracked 
|  20|0x0000000743000000, 0x0000000743000000, 0x0000000743100000|  0%| F|  |TAMS 0x0000000743000000, 0x0000000743000000| Untracked 
|  21|0x0000000743100000, 0x0000000743100000, 0x0000000743200000|  0%| F|  |TAMS 0x0000000743100000, 0x0000000743100000| Untracked 
|  22|0x0000000743200000, 0x0000000743200000, 0x0000000743300000|  0%| F|  |TAMS 0x0000000743200000, 0x0000000743200000| Untracked 
|  23|0x0000000743300000, 0x0000000743300000, 0x0000000743400000|  0%| F|  |TAMS 0x0000000743300000, 0x0000000743300000| Untracked 
|  24|0x0000000743400000, 0x0000000743400000, 0x0000000743500000|  0%| F|  |TAMS 0x0000000743400000, 0x0000000743400000| Untracked 
|  25|0x0000000743500000, 0x0000000743500000, 0x0000000743600000|  0%| F|  |TAMS 0x0000000743500000, 0x0000000743500000| Untracked 
|  26|0x0000000743600000, 0x0000000743600000, 0x0000000743700000|  0%| F|  |TAMS 0x0000000743600000, 0x0000000743600000| Untracked 
|  27|0x0000000743700000, 0x0000000743700000, 0x0000000743800000|  0%| F|  |TAMS 0x0000000743700000, 0x0000000743700000| Untracked 
|  28|0x0000000743800000, 0x0000000743800000, 0x0000000743900000|  0%| F|  |TAMS 0x0000000743800000, 0x0000000743800000| Untracked 
|  29|0x0000000743900000, 0x0000000743900000, 0x0000000743a00000|  0%| F|  |TAMS 0x0000000743900000, 0x0000000743900000| Untracked 
|  30|0x0000000743a00000, 0x0000000743a00000, 0x0000000743b00000|  0%| F|  |TAMS 0x0000000743a00000, 0x0000000743a00000| Untracked 
|  31|0x0000000743b00000, 0x0000000743b00000, 0x0000000743c00000|  0%| F|  |TAMS 0x0000000743b00000, 0x0000000743b00000| Untracked 
|  32|0x0000000743c00000, 0x0000000743c00000, 0x0000000743d00000|  0%| F|  |TAMS 0x0000000743c00000, 0x0000000743c00000| Untracked 
|  33|0x0000000743d00000, 0x0000000743d00000, 0x0000000743e00000|  0%| F|  |TAMS 0x0000000743d00000, 0x0000000743d00000| Untracked 
|  34|0x0000000743e00000, 0x0000000743e00000, 0x0000000743f00000|  0%| F|  |TAMS 0x0000000743e00000, 0x0000000743e00000| Untracked 
|  35|0x0000000743f00000, 0x0000000743f00000, 0x0000000744000000|  0%| F|  |TAMS 0x0000000743f00000, 0x0000000743f00000| Untracked 
|  36|0x0000000744000000, 0x0000000744000000, 0x0000000744100000|  0%| F|  |TAMS 0x0000000744000000, 0x0000000744000000| Untracked 
|  37|0x0000000744100000, 0x0000000744100000, 0x0000000744200000|  0%| F|  |TAMS 0x0000000744100000, 0x0000000744100000| Untracked 
|  38|0x0000000744200000, 0x0000000744200000, 0x0000000744300000|  0%| F|  |TAMS 0x0000000744200000, 0x0000000744200000| Untracked 
|  39|0x0000000744300000, 0x0000000744300000, 0x0000000744400000|  0%| F|  |TAMS 0x0000000744300000, 0x0000000744300000| Untracked 
|  40|0x0000000744400000, 0x0000000744400000, 0x0000000744500000|  0%| F|  |TAMS 0x0000000744400000, 0x0000000744400000| Untracked 
|  41|0x0000000744500000, 0x0000000744500000, 0x0000000744600000|  0%| F|  |TAMS 0x0000000744500000, 0x0000000744500000| Untracked 
|  42|0x0000000744600000, 0x0000000744600000, 0x0000000744700000|  0%| F|  |TAMS 0x0000000744600000, 0x0000000744600000| Untracked 
|  43|0x0000000744700000, 0x0000000744700000, 0x0000000744800000|  0%| F|  |TAMS 0x0000000744700000, 0x0000000744700000| Untracked 
|  44|0x0000000744800000, 0x0000000744800000, 0x0000000744900000|  0%| F|  |TAMS 0x0000000744800000, 0x0000000744800000| Untracked 
|  45|0x0000000744900000, 0x0000000744900000, 0x0000000744a00000|  0%| F|  |TAMS 0x0000000744900000, 0x0000000744900000| Untracked 
|  46|0x0000000744a00000, 0x0000000744a00000, 0x0000000744b00000|  0%| F|  |TAMS 0x0000000744a00000, 0x0000000744a00000| Untracked 
|  47|0x0000000744b00000, 0x0000000744b00000, 0x0000000744c00000|  0%| F|  |TAMS 0x0000000744b00000, 0x0000000744b00000| Untracked 
|  48|0x0000000744c00000, 0x0000000744c00000, 0x0000000744d00000|  0%| F|  |TAMS 0x0000000744c00000, 0x0000000744c00000| Untracked 
|  49|0x0000000744d00000, 0x0000000744d00000, 0x0000000744e00000|  0%| F|  |TAMS 0x0000000744d00000, 0x0000000744d00000| Untracked 
|  50|0x0000000744e00000, 0x0000000744e00000, 0x0000000744f00000|  0%| F|  |TAMS 0x0000000744e00000, 0x0000000744e00000| Untracked 
|  51|0x0000000744f00000, 0x0000000744f00000, 0x0000000745000000|  0%| F|  |TAMS 0x0000000744f00000, 0x0000000744f00000| Untracked 
|  52|0x0000000745000000, 0x0000000745000000, 0x0000000745100000|  0%| F|  |TAMS 0x0000000745000000, 0x0000000745000000| Untracked 
|  53|0x0000000745100000, 0x0000000745100000, 0x0000000745200000|  0%| F|  |TAMS 0x0000000745100000, 0x0000000745100000| Untracked 
|  54|0x0000000745200000, 0x0000000745200000, 0x0000000745300000|  0%| F|  |TAMS 0x0000000745200000, 0x0000000745200000| Untracked 
|  55|0x0000000745300000, 0x0000000745300000, 0x0000000745400000|  0%| F|  |TAMS 0x0000000745300000, 0x0000000745300000| Untracked 
|  56|0x0000000745400000, 0x0000000745400000, 0x0000000745500000|  0%| F|  |TAMS 0x0000000745400000, 0x0000000745400000| Untracked 
|  57|0x0000000745500000, 0x0000000745500000, 0x0000000745600000|  0%| F|  |TAMS 0x0000000745500000, 0x0000000745500000| Untracked 
|  58|0x0000000745600000, 0x0000000745600000, 0x0000000745700000|  0%| F|  |TAMS 0x0000000745600000, 0x0000000745600000| Untracked 
|  59|0x0000000745700000, 0x0000000745700000, 0x0000000745800000|  0%| F|  |TAMS 0x0000000745700000, 0x0000000745700000| Untracked 
|  60|0x0000000745800000, 0x0000000745800000, 0x0000000745900000|  0%| F|  |TAMS 0x0000000745800000, 0x0000000745800000| Untracked 
|  61|0x0000000745900000, 0x0000000745900000, 0x0000000745a00000|  0%| F|  |TAMS 0x0000000745900000, 0x0000000745900000| Untracked 
|  62|0x0000000745a00000, 0x0000000745a00000, 0x0000000745b00000|  0%| F|  |TAMS 0x0000000745a00000, 0x0000000745a00000| Untracked 
|  63|0x0000000745b00000, 0x0000000745b00000, 0x0000000745c00000|  0%| F|  |TAMS 0x0000000745b00000, 0x0000000745b00000| Untracked 
|  64|0x0000000745c00000, 0x0000000745c00000, 0x0000000745d00000|  0%| F|  |TAMS 0x0000000745c00000, 0x0000000745c00000| Untracked 
|  65|0x0000000745d00000, 0x0000000745d00000, 0x0000000745e00000|  0%| F|  |TAMS 0x0000000745d00000, 0x0000000745d00000| Untracked 
|  66|0x0000000745e00000, 0x0000000745e00000, 0x0000000745f00000|  0%| F|  |TAMS 0x0000000745e00000, 0x0000000745e00000| Untracked 
|  67|0x0000000745f00000, 0x0000000745f00000, 0x0000000746000000|  0%| F|  |TAMS 0x0000000745f00000, 0x0000000745f00000| Untracked 
|  68|0x0000000746000000, 0x0000000746000000, 0x0000000746100000|  0%| F|  |TAMS 0x0000000746000000, 0x0000000746000000| Untracked 
|  69|0x0000000746100000, 0x0000000746100000, 0x0000000746200000|  0%| F|  |TAMS 0x0000000746100000, 0x0000000746100000| Untracked 
|  70|0x0000000746200000, 0x0000000746200000, 0x0000000746300000|  0%| F|  |TAMS 0x0000000746200000, 0x0000000746200000| Untracked 
|  71|0x0000000746300000, 0x0000000746300000, 0x0000000746400000|  0%| F|  |TAMS 0x0000000746300000, 0x0000000746300000| Untracked 
|  72|0x0000000746400000, 0x0000000746400000, 0x0000000746500000|  0%| F|  |TAMS 0x0000000746400000, 0x0000000746400000| Untracked 
|  73|0x0000000746500000, 0x0000000746500000, 0x0000000746600000|  0%| F|  |TAMS 0x0000000746500000, 0x0000000746500000| Untracked 
|  74|0x0000000746600000, 0x0000000746600000, 0x0000000746700000|  0%| F|  |TAMS 0x0000000746600000, 0x0000000746600000| Untracked 
|  75|0x0000000746700000, 0x0000000746700000, 0x0000000746800000|  0%| F|  |TAMS 0x0000000746700000, 0x0000000746700000| Untracked 
|  76|0x0000000746800000, 0x0000000746800000, 0x0000000746900000|  0%| F|  |TAMS 0x0000000746800000, 0x0000000746800000| Untracked 
|  77|0x0000000746900000, 0x0000000746900000, 0x0000000746a00000|  0%| F|  |TAMS 0x0000000746900000, 0x0000000746900000| Untracked 
|  78|0x0000000746a00000, 0x0000000746a00000, 0x0000000746b00000|  0%| F|  |TAMS 0x0000000746a00000, 0x0000000746a00000| Untracked 
|  79|0x0000000746b00000, 0x0000000746b00000, 0x0000000746c00000|  0%| F|  |TAMS 0x0000000746b00000, 0x0000000746b00000| Untracked 
|  80|0x0000000746c00000, 0x0000000746c00000, 0x0000000746d00000|  0%| F|  |TAMS 0x0000000746c00000, 0x0000000746c00000| Untracked 
|  81|0x0000000746d00000, 0x0000000746d00000, 0x0000000746e00000|  0%| F|  |TAMS 0x0000000746d00000, 0x0000000746d00000| Untracked 
|  82|0x0000000746e00000, 0x0000000746e00000, 0x0000000746f00000|  0%| F|  |TAMS 0x0000000746e00000, 0x0000000746e00000| Untracked 
|  83|0x0000000746f00000, 0x0000000746f00000, 0x0000000747000000|  0%| F|  |TAMS 0x0000000746f00000, 0x0000000746f00000| Untracked 
|  84|0x0000000747000000, 0x0000000747000000, 0x0000000747100000|  0%| F|  |TAMS 0x0000000747000000, 0x0000000747000000| Untracked 
|  85|0x0000000747100000, 0x0000000747100000, 0x0000000747200000|  0%| F|  |TAMS 0x0000000747100000, 0x0000000747100000| Untracked 
|  86|0x0000000747200000, 0x0000000747200000, 0x0000000747300000|  0%| F|  |TAMS 0x0000000747200000, 0x0000000747200000| Untracked 
|  87|0x0000000747300000, 0x0000000747300000, 0x0000000747400000|  0%| F|  |TAMS 0x0000000747300000, 0x0000000747300000| Untracked 
|  88|0x0000000747400000, 0x0000000747400000, 0x0000000747500000|  0%| F|  |TAMS 0x0000000747400000, 0x0000000747400000| Untracked 
|  89|0x0000000747500000, 0x0000000747500000, 0x0000000747600000|  0%| F|  |TAMS 0x0000000747500000, 0x0000000747500000| Untracked 
|  90|0x0000000747600000, 0x0000000747600000, 0x0000000747700000|  0%| F|  |TAMS 0x0000000747600000, 0x0000000747600000| Untracked 
|  91|0x0000000747700000, 0x0000000747700000, 0x0000000747800000|  0%| F|  |TAMS 0x0000000747700000, 0x0000000747700000| Untracked 
|  92|0x0000000747800000, 0x0000000747800000, 0x0000000747900000|  0%| F|  |TAMS 0x0000000747800000, 0x0000000747800000| Untracked 
|  93|0x0000000747900000, 0x0000000747900000, 0x0000000747a00000|  0%| F|  |TAMS 0x0000000747900000, 0x0000000747900000| Untracked 
|  94|0x0000000747a00000, 0x0000000747a00000, 0x0000000747b00000|  0%| F|  |TAMS 0x0000000747a00000, 0x0000000747a00000| Untracked 
|  95|0x0000000747b00000, 0x0000000747b00000, 0x0000000747c00000|  0%| F|  |TAMS 0x0000000747b00000, 0x0000000747b00000| Untracked 
|  96|0x0000000747c00000, 0x0000000747c00000, 0x0000000747d00000|  0%| F|  |TAMS 0x0000000747c00000, 0x0000000747c00000| Untracked 
|  97|0x0000000747d00000, 0x0000000747d00000, 0x0000000747e00000|  0%| F|  |TAMS 0x0000000747d00000, 0x0000000747d00000| Untracked 
|  98|0x0000000747e00000, 0x0000000747e00000, 0x0000000747f00000|  0%| F|  |TAMS 0x0000000747e00000, 0x0000000747e00000| Untracked 
|  99|0x0000000747f00000, 0x0000000747f00000, 0x0000000748000000|  0%| F|  |TAMS 0x0000000747f00000, 0x0000000747f00000| Untracked 
| 100|0x0000000748000000, 0x0000000748000000, 0x0000000748100000|  0%| F|  |TAMS 0x0000000748000000, 0x0000000748000000| Untracked 
| 101|0x0000000748100000, 0x0000000748100000, 0x0000000748200000|  0%| F|  |TAMS 0x0000000748100000, 0x0000000748100000| Untracked 
| 102|0x0000000748200000, 0x0000000748200000, 0x0000000748300000|  0%| F|  |TAMS 0x0000000748200000, 0x0000000748200000| Untracked 
| 103|0x0000000748300000, 0x0000000748300000, 0x0000000748400000|  0%| F|  |TAMS 0x0000000748300000, 0x0000000748300000| Untracked 
| 104|0x0000000748400000, 0x0000000748400000, 0x0000000748500000|  0%| F|  |TAMS 0x0000000748400000, 0x0000000748400000| Untracked 
| 105|0x0000000748500000, 0x0000000748500000, 0x0000000748600000|  0%| F|  |TAMS 0x0000000748500000, 0x0000000748500000| Untracked 
| 106|0x0000000748600000, 0x0000000748600000, 0x0000000748700000|  0%| F|  |TAMS 0x0000000748600000, 0x0000000748600000| Untracked 
| 107|0x0000000748700000, 0x0000000748700000, 0x0000000748800000|  0%| F|  |TAMS 0x0000000748700000, 0x0000000748700000| Untracked 
| 108|0x0000000748800000, 0x0000000748800000, 0x0000000748900000|  0%| F|  |TAMS 0x0000000748800000, 0x0000000748800000| Untracked 
| 109|0x0000000748900000, 0x0000000748900800, 0x0000000748a00000|  0%| E|  |TAMS 0x0000000748900000, 0x0000000748900000| Complete 
| 110|0x0000000748a00000, 0x0000000748b00000, 0x0000000748b00000|100%| E|CS|TAMS 0x0000000748a00000, 0x0000000748a00000| Complete 
| 111|0x0000000748b00000, 0x0000000748c00000, 0x0000000748c00000|100%| E|CS|TAMS 0x0000000748b00000, 0x0000000748b00000| Complete 
| 112|0x0000000748c00000, 0x0000000748d00000, 0x0000000748d00000|100%| E|CS|TAMS 0x0000000748c00000, 0x0000000748c00000| Complete 
| 113|0x0000000748d00000, 0x0000000748e00000, 0x0000000748e00000|100%| E|CS|TAMS 0x0000000748d00000, 0x0000000748d00000| Complete 
| 114|0x0000000748e00000, 0x0000000748f00000, 0x0000000748f00000|100%| E|CS|TAMS 0x0000000748e00000, 0x0000000748e00000| Complete 
| 115|0x0000000748f00000, 0x0000000749000000, 0x0000000749000000|100%| E|CS|TAMS 0x0000000748f00000, 0x0000000748f00000| Complete 
| 116|0x0000000749000000, 0x0000000749100000, 0x0000000749100000|100%| E|CS|TAMS 0x0000000749000000, 0x0000000749000000| Complete 
| 117|0x0000000749100000, 0x0000000749200000, 0x0000000749200000|100%| E|CS|TAMS 0x0000000749100000, 0x0000000749100000| Complete 
| 118|0x0000000749200000, 0x0000000749300000, 0x0000000749300000|100%| E|CS|TAMS 0x0000000749200000, 0x0000000749200000| Complete 
| 119|0x0000000749300000, 0x0000000749400000, 0x0000000749400000|100%| E|CS|TAMS 0x0000000749300000, 0x0000000749300000| Complete 
| 120|0x0000000749400000, 0x0000000749500000, 0x0000000749500000|100%| E|CS|TAMS 0x0000000749400000, 0x0000000749400000| Complete 
| 121|0x0000000749500000, 0x0000000749600000, 0x0000000749600000|100%| E|CS|TAMS 0x0000000749500000, 0x0000000749500000| Complete 
| 122|0x0000000749600000, 0x0000000749700000, 0x0000000749700000|100%| E|CS|TAMS 0x0000000749600000, 0x0000000749600000| Complete 
| 123|0x0000000749700000, 0x0000000749800000, 0x0000000749800000|100%| E|CS|TAMS 0x0000000749700000, 0x0000000749700000| Complete 
| 124|0x0000000749800000, 0x0000000749900000, 0x0000000749900000|100%| E|CS|TAMS 0x0000000749800000, 0x0000000749800000| Complete 
| 125|0x0000000749900000, 0x0000000749a00000, 0x0000000749a00000|100%| E|CS|TAMS 0x0000000749900000, 0x0000000749900000| Complete 
| 126|0x0000000749a00000, 0x0000000749b00000, 0x0000000749b00000|100%| E|CS|TAMS 0x0000000749a00000, 0x0000000749a00000| Complete 
| 127|0x0000000749b00000, 0x0000000749c00000, 0x0000000749c00000|100%| E|CS|TAMS 0x0000000749b00000, 0x0000000749b00000| Complete 
| 128|0x0000000749c00000, 0x0000000749d00000, 0x0000000749d00000|100%| E|CS|TAMS 0x0000000749c00000, 0x0000000749c00000| Complete 
| 129|0x0000000749d00000, 0x0000000749e00000, 0x0000000749e00000|100%| E|CS|TAMS 0x0000000749d00000, 0x0000000749d00000| Complete 
| 130|0x0000000749e00000, 0x0000000749f00000, 0x0000000749f00000|100%| E|CS|TAMS 0x0000000749e00000, 0x0000000749e00000| Complete 
| 131|0x0000000749f00000, 0x000000074a000000, 0x000000074a000000|100%| E|CS|TAMS 0x0000000749f00000, 0x0000000749f00000| Complete 
| 132|0x000000074a000000, 0x000000074a100000, 0x000000074a100000|100%| E|CS|TAMS 0x000000074a000000, 0x000000074a000000| Complete 
| 133|0x000000074a100000, 0x000000074a200000, 0x000000074a200000|100%| E|CS|TAMS 0x000000074a100000, 0x000000074a100000| Complete 
| 134|0x000000074a200000, 0x000000074a2e82f0, 0x000000074a300000| 90%| S|CS|TAMS 0x000000074a200000, 0x000000074a200000| Complete 
| 135|0x000000074a300000, 0x000000074a400000, 0x000000074a400000|100%| S|CS|TAMS 0x000000074a300000, 0x000000074a300000| Complete 
| 136|0x000000074a400000, 0x000000074a500000, 0x000000074a500000|100%| S|CS|TAMS 0x000000074a400000, 0x000000074a400000| Complete 
| 137|0x000000074a500000, 0x000000074a600000, 0x000000074a600000|100%| S|CS|TAMS 0x000000074a500000, 0x000000074a500000| Complete 
| 138|0x000000074a600000, 0x000000074a700000, 0x000000074a700000|100%| S|CS|TAMS 0x000000074a600000, 0x000000074a600000| Complete 
| 139|0x000000074a700000, 0x000000074a800000, 0x000000074a800000|100%| S|CS|TAMS 0x000000074a700000, 0x000000074a700000| Complete 
| 140|0x000000074a800000, 0x000000074a900000, 0x000000074a900000|100%| S|CS|TAMS 0x000000074a800000, 0x000000074a800000| Complete 
| 141|0x000000074a900000, 0x000000074aa00000, 0x000000074aa00000|100%| S|CS|TAMS 0x000000074a900000, 0x000000074a900000| Complete 
| 142|0x000000074aa00000, 0x000000074ab00000, 0x000000074ab00000|100%| E|CS|TAMS 0x000000074aa00000, 0x000000074aa00000| Complete 
| 143|0x000000074ab00000, 0x000000074ac00000, 0x000000074ac00000|100%| E|CS|TAMS 0x000000074ab00000, 0x000000074ab00000| Complete 
| 144|0x000000074ac00000, 0x000000074ad00000, 0x000000074ad00000|100%| E|CS|TAMS 0x000000074ac00000, 0x000000074ac00000| Complete 
| 145|0x000000074ad00000, 0x000000074ae00000, 0x000000074ae00000|100%| E|CS|TAMS 0x000000074ad00000, 0x000000074ad00000| Complete 
| 146|0x000000074ae00000, 0x000000074af00000, 0x000000074af00000|100%| E|CS|TAMS 0x000000074ae00000, 0x000000074ae00000| Complete 
| 147|0x000000074af00000, 0x000000074b000000, 0x000000074b000000|100%| E|CS|TAMS 0x000000074af00000, 0x000000074af00000| Complete 
| 148|0x000000074b000000, 0x000000074b100000, 0x000000074b100000|100%| E|CS|TAMS 0x000000074b000000, 0x000000074b000000| Complete 
| 149|0x000000074b100000, 0x000000074b200000, 0x000000074b200000|100%| E|CS|TAMS 0x000000074b100000, 0x000000074b100000| Complete 
| 150|0x000000074b200000, 0x000000074b300000, 0x000000074b300000|100%| E|CS|TAMS 0x000000074b200000, 0x000000074b200000| Complete 
| 151|0x000000074b300000, 0x000000074b400000, 0x000000074b400000|100%| E|CS|TAMS 0x000000074b300000, 0x000000074b300000| Complete 
| 152|0x000000074b400000, 0x000000074b500000, 0x000000074b500000|100%| E|CS|TAMS 0x000000074b400000, 0x000000074b400000| Complete 
| 153|0x000000074b500000, 0x000000074b600000, 0x000000074b600000|100%| E|CS|TAMS 0x000000074b500000, 0x000000074b500000| Complete 
| 154|0x000000074b600000, 0x000000074b700000, 0x000000074b700000|100%| E|CS|TAMS 0x000000074b600000, 0x000000074b600000| Complete 
| 155|0x000000074b700000, 0x000000074b800000, 0x000000074b800000|100%| E|  |TAMS 0x000000074b700000, 0x000000074b700000| Complete 
| 156|0x000000074b800000, 0x000000074b900000, 0x000000074b900000|100%| E|CS|TAMS 0x000000074b800000, 0x000000074b800000| Complete 
| 157|0x000000074b900000, 0x000000074ba00000, 0x000000074ba00000|100%| E|CS|TAMS 0x000000074b900000, 0x000000074b900000| Complete 
| 158|0x000000074ba00000, 0x000000074bb00000, 0x000000074bb00000|100%| E|CS|TAMS 0x000000074ba00000, 0x000000074ba00000| Complete 
| 159|0x000000074bb00000, 0x000000074bc00000, 0x000000074bc00000|100%| E|CS|TAMS 0x000000074bb00000, 0x000000074bb00000| Complete 
| 160|0x000000074bc00000, 0x000000074bd00000, 0x000000074bd00000|100%| E|CS|TAMS 0x000000074bc00000, 0x000000074bc00000| Complete 
| 161|0x000000074bd00000, 0x000000074be00000, 0x000000074be00000|100%| E|CS|TAMS 0x000000074bd00000, 0x000000074bd00000| Complete 
| 162|0x000000074be00000, 0x000000074bf00000, 0x000000074bf00000|100%| E|CS|TAMS 0x000000074be00000, 0x000000074be00000| Complete 
| 163|0x000000074bf00000, 0x000000074c000000, 0x000000074c000000|100%| E|CS|TAMS 0x000000074bf00000, 0x000000074bf00000| Complete 
| 164|0x000000074c000000, 0x000000074c100000, 0x000000074c100000|100%| E|CS|TAMS 0x000000074c000000, 0x000000074c000000| Complete 
| 165|0x000000074c100000, 0x000000074c200000, 0x000000074c200000|100%| E|CS|TAMS 0x000000074c100000, 0x000000074c100000| Complete 
| 166|0x000000074c200000, 0x000000074c300000, 0x000000074c300000|100%| E|CS|TAMS 0x000000074c200000, 0x000000074c200000| Complete 
| 167|0x000000074c300000, 0x000000074c400000, 0x000000074c400000|100%| E|CS|TAMS 0x000000074c300000, 0x000000074c300000| Complete 
| 168|0x000000074c400000, 0x000000074c500000, 0x000000074c500000|100%| E|CS|TAMS 0x000000074c400000, 0x000000074c400000| Complete 
| 169|0x000000074c500000, 0x000000074c600000, 0x000000074c600000|100%| E|CS|TAMS 0x000000074c500000, 0x000000074c500000| Complete 
| 170|0x000000074c600000, 0x000000074c700000, 0x000000074c700000|100%| E|CS|TAMS 0x000000074c600000, 0x000000074c600000| Complete 
| 171|0x000000074c700000, 0x000000074c800000, 0x000000074c800000|100%| E|CS|TAMS 0x000000074c700000, 0x000000074c700000| Complete 
| 172|0x000000074c800000, 0x000000074c900000, 0x000000074c900000|100%| E|CS|TAMS 0x000000074c800000, 0x000000074c800000| Complete 
| 173|0x000000074c900000, 0x000000074ca00000, 0x000000074ca00000|100%| E|CS|TAMS 0x000000074c900000, 0x000000074c900000| Complete 
| 174|0x000000074ca00000, 0x000000074cb00000, 0x000000074cb00000|100%| E|CS|TAMS 0x000000074ca00000, 0x000000074ca00000| Complete 
| 175|0x000000074cb00000, 0x000000074cc00000, 0x000000074cc00000|100%| E|CS|TAMS 0x000000074cb00000, 0x000000074cb00000| Complete 
| 176|0x000000074cc00000, 0x000000074cd00000, 0x000000074cd00000|100%| E|CS|TAMS 0x000000074cc00000, 0x000000074cc00000| Complete 
| 177|0x000000074cd00000, 0x000000074ce00000, 0x000000074ce00000|100%| E|CS|TAMS 0x000000074cd00000, 0x000000074cd00000| Complete 
| 178|0x000000074ce00000, 0x000000074cf00000, 0x000000074cf00000|100%| E|CS|TAMS 0x000000074ce00000, 0x000000074ce00000| Complete 
| 179|0x000000074cf00000, 0x000000074d000000, 0x000000074d000000|100%| E|CS|TAMS 0x000000074cf00000, 0x000000074cf00000| Complete 
| 180|0x000000074d000000, 0x000000074d100000, 0x000000074d100000|100%| E|CS|TAMS 0x000000074d000000, 0x000000074d000000| Complete 
| 181|0x000000074d100000, 0x000000074d200000, 0x000000074d200000|100%| E|CS|TAMS 0x000000074d100000, 0x000000074d100000| Complete 
| 182|0x000000074d200000, 0x000000074d300000, 0x000000074d300000|100%| E|CS|TAMS 0x000000074d200000, 0x000000074d200000| Complete 
| 183|0x000000074d300000, 0x000000074d400000, 0x000000074d400000|100%| E|CS|TAMS 0x000000074d300000, 0x000000074d300000| Complete 
| 184|0x000000074d400000, 0x000000074d500000, 0x000000074d500000|100%| E|CS|TAMS 0x000000074d400000, 0x000000074d400000| Complete 
| 185|0x000000074d500000, 0x000000074d600000, 0x000000074d600000|100%| E|CS|TAMS 0x000000074d500000, 0x000000074d500000| Complete 
| 186|0x000000074d600000, 0x000000074d700000, 0x000000074d700000|100%| E|CS|TAMS 0x000000074d600000, 0x000000074d600000| Complete 
| 187|0x000000074d700000, 0x000000074d800000, 0x000000074d800000|100%| E|CS|TAMS 0x000000074d700000, 0x000000074d700000| Complete 
| 188|0x000000074d800000, 0x000000074d900000, 0x000000074d900000|100%| E|CS|TAMS 0x000000074d800000, 0x000000074d800000| Complete 
| 189|0x000000074d900000, 0x000000074da00000, 0x000000074da00000|100%| E|CS|TAMS 0x000000074d900000, 0x000000074d900000| Complete 
| 190|0x000000074da00000, 0x000000074db00000, 0x000000074db00000|100%| E|CS|TAMS 0x000000074da00000, 0x000000074da00000| Complete 
| 191|0x000000074db00000, 0x000000074dc00000, 0x000000074dc00000|100%| E|CS|TAMS 0x000000074db00000, 0x000000074db00000| Complete 
| 192|0x000000074dc00000, 0x000000074dd00000, 0x000000074dd00000|100%| E|CS|TAMS 0x000000074dc00000, 0x000000074dc00000| Complete 
| 193|0x000000074dd00000, 0x000000074de00000, 0x000000074de00000|100%| E|CS|TAMS 0x000000074dd00000, 0x000000074dd00000| Complete 
| 194|0x000000074de00000, 0x000000074df00000, 0x000000074df00000|100%| E|CS|TAMS 0x000000074de00000, 0x000000074de00000| Complete 
| 195|0x000000074df00000, 0x000000074e000000, 0x000000074e000000|100%| E|CS|TAMS 0x000000074df00000, 0x000000074df00000| Complete 
| 196|0x000000074e000000, 0x000000074e100000, 0x000000074e100000|100%| E|CS|TAMS 0x000000074e000000, 0x000000074e000000| Complete 
| 197|0x000000074e100000, 0x000000074e200000, 0x000000074e200000|100%| E|CS|TAMS 0x000000074e100000, 0x000000074e100000| Complete 
| 198|0x000000074e200000, 0x000000074e300000, 0x000000074e300000|100%| E|CS|TAMS 0x000000074e200000, 0x000000074e200000| Complete 
| 199|0x000000074e300000, 0x000000074e400000, 0x000000074e400000|100%| E|CS|TAMS 0x000000074e300000, 0x000000074e300000| Complete 
| 200|0x000000074e400000, 0x000000074e500000, 0x000000074e500000|100%| E|CS|TAMS 0x000000074e400000, 0x000000074e400000| Complete 
| 201|0x000000074e500000, 0x000000074e600000, 0x000000074e600000|100%| E|CS|TAMS 0x000000074e500000, 0x000000074e500000| Complete 
| 202|0x000000074e600000, 0x000000074e700000, 0x000000074e700000|100%| E|CS|TAMS 0x000000074e600000, 0x000000074e600000| Complete 
| 203|0x000000074e700000, 0x000000074e800000, 0x000000074e800000|100%| E|CS|TAMS 0x000000074e700000, 0x000000074e700000| Complete 
| 204|0x000000074e800000, 0x000000074e900000, 0x000000074e900000|100%| E|CS|TAMS 0x000000074e800000, 0x000000074e800000| Complete 
| 205|0x000000074e900000, 0x000000074ea00000, 0x000000074ea00000|100%| E|CS|TAMS 0x000000074e900000, 0x000000074e900000| Complete 
| 206|0x000000074ea00000, 0x000000074eb00000, 0x000000074eb00000|100%| E|CS|TAMS 0x000000074ea00000, 0x000000074ea00000| Complete 
| 207|0x000000074eb00000, 0x000000074ec00000, 0x000000074ec00000|100%| E|CS|TAMS 0x000000074eb00000, 0x000000074eb00000| Complete 
| 208|0x000000074ec00000, 0x000000074ed00000, 0x000000074ed00000|100%| E|CS|TAMS 0x000000074ec00000, 0x000000074ec00000| Complete 
| 209|0x000000074ed00000, 0x000000074ee00000, 0x000000074ee00000|100%| E|CS|TAMS 0x000000074ed00000, 0x000000074ed00000| Complete 
| 210|0x000000074ee00000, 0x000000074ef00000, 0x000000074ef00000|100%| E|CS|TAMS 0x000000074ee00000, 0x000000074ee00000| Complete 
| 211|0x000000074ef00000, 0x000000074f000000, 0x000000074f000000|100%| E|CS|TAMS 0x000000074ef00000, 0x000000074ef00000| Complete 
| 212|0x000000074f000000, 0x000000074f100000, 0x000000074f100000|100%| E|CS|TAMS 0x000000074f000000, 0x000000074f000000| Complete 
| 213|0x000000074f100000, 0x000000074f200000, 0x000000074f200000|100%| E|CS|TAMS 0x000000074f100000, 0x000000074f100000| Complete 
| 214|0x000000074f200000, 0x000000074f300000, 0x000000074f300000|100%| E|CS|TAMS 0x000000074f200000, 0x000000074f200000| Complete 
| 215|0x000000074f300000, 0x000000074f400000, 0x000000074f400000|100%| E|CS|TAMS 0x000000074f300000, 0x000000074f300000| Complete 
| 216|0x000000074f400000, 0x000000074f500000, 0x000000074f500000|100%| E|CS|TAMS 0x000000074f400000, 0x000000074f400000| Complete 
| 217|0x000000074f500000, 0x000000074f600000, 0x000000074f600000|100%| E|CS|TAMS 0x000000074f500000, 0x000000074f500000| Complete 
| 218|0x000000074f600000, 0x000000074f700000, 0x000000074f700000|100%| E|CS|TAMS 0x000000074f600000, 0x000000074f600000| Complete 
| 219|0x000000074f700000, 0x000000074f800000, 0x000000074f800000|100%| E|CS|TAMS 0x000000074f700000, 0x000000074f700000| Complete 
| 220|0x000000074f800000, 0x000000074f900000, 0x000000074f900000|100%| E|CS|TAMS 0x000000074f800000, 0x000000074f800000| Complete 
| 221|0x000000074f900000, 0x000000074fa00000, 0x000000074fa00000|100%| E|CS|TAMS 0x000000074f900000, 0x000000074f900000| Complete 
| 222|0x000000074fa00000, 0x000000074fb00000, 0x000000074fb00000|100%| E|CS|TAMS 0x000000074fa00000, 0x000000074fa00000| Complete 
| 223|0x000000074fb00000, 0x000000074fc00000, 0x000000074fc00000|100%| E|CS|TAMS 0x000000074fb00000, 0x000000074fb00000| Complete 
| 224|0x000000074fc00000, 0x000000074fd00000, 0x000000074fd00000|100%| E|CS|TAMS 0x000000074fc00000, 0x000000074fc00000| Complete 
| 225|0x000000074fd00000, 0x000000074fe00000, 0x000000074fe00000|100%| E|CS|TAMS 0x000000074fd00000, 0x000000074fd00000| Complete 
| 226|0x000000074fe00000, 0x000000074ff00000, 0x000000074ff00000|100%| E|CS|TAMS 0x000000074fe00000, 0x000000074fe00000| Complete 
| 227|0x000000074ff00000, 0x0000000750000000, 0x0000000750000000|100%| E|CS|TAMS 0x000000074ff00000, 0x000000074ff00000| Complete 
| 228|0x0000000750000000, 0x0000000750100000, 0x0000000750100000|100%| E|CS|TAMS 0x0000000750000000, 0x0000000750000000| Complete 
| 229|0x0000000750100000, 0x0000000750200000, 0x0000000750200000|100%| E|CS|TAMS 0x0000000750100000, 0x0000000750100000| Complete 
| 230|0x0000000750200000, 0x0000000750300000, 0x0000000750300000|100%| E|CS|TAMS 0x0000000750200000, 0x0000000750200000| Complete 
| 231|0x0000000750300000, 0x0000000750400000, 0x0000000750400000|100%| E|CS|TAMS 0x0000000750300000, 0x0000000750300000| Complete 
| 232|0x0000000750400000, 0x0000000750500000, 0x0000000750500000|100%| E|CS|TAMS 0x0000000750400000, 0x0000000750400000| Complete 
| 233|0x0000000750500000, 0x0000000750600000, 0x0000000750600000|100%| E|CS|TAMS 0x0000000750500000, 0x0000000750500000| Complete 
| 234|0x0000000750600000, 0x0000000750700000, 0x0000000750700000|100%| E|CS|TAMS 0x0000000750600000, 0x0000000750600000| Complete 
| 235|0x0000000750700000, 0x0000000750800000, 0x0000000750800000|100%| E|CS|TAMS 0x0000000750700000, 0x0000000750700000| Complete 
| 236|0x0000000750800000, 0x0000000750900000, 0x0000000750900000|100%| E|CS|TAMS 0x0000000750800000, 0x0000000750800000| Complete 
| 237|0x0000000750900000, 0x0000000750a00000, 0x0000000750a00000|100%| E|CS|TAMS 0x0000000750900000, 0x0000000750900000| Complete 
| 238|0x0000000750a00000, 0x0000000750b00000, 0x0000000750b00000|100%| E|CS|TAMS 0x0000000750a00000, 0x0000000750a00000| Complete 
| 239|0x0000000750b00000, 0x0000000750c00000, 0x0000000750c00000|100%| E|CS|TAMS 0x0000000750b00000, 0x0000000750b00000| Complete 
| 240|0x0000000750c00000, 0x0000000750d00000, 0x0000000750d00000|100%| E|CS|TAMS 0x0000000750c00000, 0x0000000750c00000| Complete 
| 241|0x0000000750d00000, 0x0000000750e00000, 0x0000000750e00000|100%| E|CS|TAMS 0x0000000750d00000, 0x0000000750d00000| Complete 
| 242|0x0000000750e00000, 0x0000000750f00000, 0x0000000750f00000|100%| E|CS|TAMS 0x0000000750e00000, 0x0000000750e00000| Complete 
| 243|0x0000000750f00000, 0x0000000751000000, 0x0000000751000000|100%| E|CS|TAMS 0x0000000750f00000, 0x0000000750f00000| Complete 
| 244|0x0000000751000000, 0x0000000751100000, 0x0000000751100000|100%| E|CS|TAMS 0x0000000751000000, 0x0000000751000000| Complete 
| 245|0x0000000751100000, 0x0000000751200000, 0x0000000751200000|100%| E|CS|TAMS 0x0000000751100000, 0x0000000751100000| Complete 
| 246|0x0000000751200000, 0x0000000751300000, 0x0000000751300000|100%| E|CS|TAMS 0x0000000751200000, 0x0000000751200000| Complete 
| 247|0x0000000751300000, 0x0000000751400000, 0x0000000751400000|100%| E|CS|TAMS 0x0000000751300000, 0x0000000751300000| Complete 
| 248|0x0000000751400000, 0x0000000751500000, 0x0000000751500000|100%| E|CS|TAMS 0x0000000751400000, 0x0000000751400000| Complete 
| 249|0x0000000751500000, 0x0000000751600000, 0x0000000751600000|100%| E|CS|TAMS 0x0000000751500000, 0x0000000751500000| Complete 
| 250|0x0000000751600000, 0x0000000751700000, 0x0000000751700000|100%| E|CS|TAMS 0x0000000751600000, 0x0000000751600000| Complete 
| 251|0x0000000751700000, 0x0000000751800000, 0x0000000751800000|100%| E|CS|TAMS 0x0000000751700000, 0x0000000751700000| Complete 
| 252|0x0000000751800000, 0x0000000751900000, 0x0000000751900000|100%| E|CS|TAMS 0x0000000751800000, 0x0000000751800000| Complete 

Card table byte_map: [0x000001be21ff0000,0x000001be225f0000] _byte_map_base: 0x000001be1e5e2000

Marking Bits (Prev, Next): (CMBitMap*) 0x000001be087a67d8, (CMBitMap*) 0x000001be087a6810
 Prev Bits: [0x000001be22bf0000, 0x000001be25b80000)
 Next Bits: [0x000001be25b80000, 0x000001be28b10000)

Polling page: 0x000001be085c0000

Metaspace:

Usage:
  Non-class:     37.31 MB capacity,    36.63 MB ( 98%) used,   566.63 KB (  1%) free+waste,   131.38 KB ( <1%) overhead. 
      Class:      5.34 MB capacity,     4.90 MB ( 92%) used,   389.69 KB (  7%) free+waste,    61.31 KB (  1%) overhead. 
       Both:     42.65 MB capacity,    41.53 MB ( 97%) used,   956.32 KB (  2%) free+waste,   192.69 KB ( <1%) overhead. 

Virtual space:
  Non-class space:       40.00 MB reserved,      37.50 MB ( 94%) committed 
      Class space:        1.00 GB reserved,       5.45 MB ( <1%) committed 
             Both:        1.04 GB reserved,      42.95 MB (  4%) committed 

Chunk freelists:
   Non-Class:  512 bytes
       Class:  0 bytes
        Both:  512 bytes

CodeHeap 'non-profiled nmethods': size=120064Kb used=2092Kb max_used=2092Kb free=117971Kb
 bounds [0x000001be19e80000, 0x000001be1a0f0000, 0x000001be213c0000]
CodeHeap 'profiled nmethods': size=120000Kb used=9668Kb max_used=9668Kb free=110332Kb
 bounds [0x000001be12950000, 0x000001be132d0000, 0x000001be19e80000]
CodeHeap 'non-nmethods': size=5696Kb used=1160Kb max_used=1201Kb free=4535Kb
 bounds [0x000001be123c0000, 0x000001be12630000, 0x000001be12950000]
 total_blobs=4525 nmethods=4042 adapters=394
 compilation: enabled
              stopped_count=0, restarted_count=0
 full_count=0

Compilation events (10 events):
Event: 7.452 Thread 0x000001be2ba50800 nmethod 4073 0x000001be132baf10 code [0x000001be132bb260, 0x000001be132bc0a0]
Event: 7.454 Thread 0x000001be2ba50800 4074       2       org.springframework.core.annotation.MergedAnnotationsCollection::isDirectlyPresent (7 bytes)
Event: 7.455 Thread 0x000001be2ba50800 nmethod 4074 0x000001be132bc990 code [0x000001be132bcb40, 0x000001be132bccd0]
Event: 7.456 Thread 0x000001be2ba50800 4075       2       java.io.File::canRead (34 bytes)
Event: 7.457 Thread 0x000001be2ba50800 nmethod 4075 0x000001be132bcd90 code [0x000001be132bcf60, 0x000001be132bd190]
Event: 7.458 Thread 0x000001be2ba50800 4077       2       org.springframework.core.annotation.TypeMappedAnnotations::isDirectlyPresent (39 bytes)
Event: 7.458 Thread 0x000001be2ba50800 nmethod 4077 0x000001be132bd290 code [0x000001be132bd460, 0x000001be132bd750]
Event: 7.465 Thread 0x000001be2ba50800 4078   !   2       java.net.URL::<init> (543 bytes)
Event: 7.470 Thread 0x000001be2ba50800 nmethod 4078 0x000001be132bd890 code [0x000001be132bdcc0, 0x000001be132bf730]
Event: 7.471 Thread 0x000001be2ba50800 4079       2       java.net.URLStreamHandler::parseURL (1201 bytes)

GC Heap History (10 events):
Event: 1.439 GC heap before
{Heap before GC invocations=1 (full 0):
 garbage-first heap   total 196608K, used 18217K [0x0000000741c00000, 0x0000000800000000)
  region size 1024K, 14 young (14336K), 2 survivors (2048K)
 Metaspace       used 11560K, capacity 11759K, committed 12032K, reserved 1060864K
  class space    used 1099K, capacity 1179K, committed 1280K, reserved 1048576K
}
Event: 1.445 GC heap after
{Heap after GC invocations=2 (full 0):
 garbage-first heap   total 196608K, used 7628K [0x0000000741c00000, 0x0000000800000000)
  region size 1024K, 1 young (1024K), 1 survivors (1024K)
 Metaspace       used 11560K, capacity 11759K, committed 12032K, reserved 1060864K
  class space    used 1099K, capacity 1179K, committed 1280K, reserved 1048576K
}
Event: 1.466 GC heap before
{Heap before GC invocations=2 (full 0):
 garbage-first heap   total 196608K, used 35276K [0x0000000741c00000, 0x0000000800000000)
  region size 1024K, 29 young (29696K), 1 survivors (1024K)
 Metaspace       used 11560K, capacity 11759K, committed 12032K, reserved 1060864K
  class space    used 1099K, capacity 1179K, committed 1280K, reserved 1048576K
}
Event: 1.469 GC heap after
{Heap after GC invocations=3 (full 0):
 garbage-first heap   total 196608K, used 7575K [0x0000000741c00000, 0x0000000800000000)
  region size 1024K, 1 young (1024K), 1 survivors (1024K)
 Metaspace       used 11560K, capacity 11759K, committed 12032K, reserved 1060864K
  class space    used 1099K, capacity 1179K, committed 1280K, reserved 1048576K
}
Event: 2.605 GC heap before
{Heap before GC invocations=3 (full 0):
 garbage-first heap   total 196608K, used 61847K [0x0000000741c00000, 0x0000000800000000)
  region size 1024K, 56 young (57344K), 1 survivors (1024K)
 Metaspace       used 20889K, capacity 21239K, committed 21248K, reserved 1069056K
  class space    used 2399K, capacity 2558K, committed 2560K, reserved 1048576K
}
Event: 2.610 GC heap after
{Heap after GC invocations=4 (full 0):
 garbage-first heap   total 196608K, used 9703K [0x0000000741c00000, 0x0000000800000000)
  region size 1024K, 3 young (3072K), 3 survivors (3072K)
 Metaspace       used 20889K, capacity 21239K, committed 21248K, reserved 1069056K
  class space    used 2399K, capacity 2558K, committed 2560K, reserved 1048576K
}
Event: 4.461 GC heap before
{Heap before GC invocations=5 (full 0):
 garbage-first heap   total 196608K, used 123367K [0x0000000741c00000, 0x0000000800000000)
  region size 1024K, 115 young (117760K), 3 survivors (3072K)
 Metaspace       used 29611K, capacity 30344K, committed 30716K, reserved 1077248K
  class space    used 3438K, capacity 3710K, committed 3836K, reserved 1048576K
}
Event: 4.469 GC heap after
{Heap after GC invocations=6 (full 0):
 garbage-first heap   total 196608K, used 12664K [0x0000000741c00000, 0x0000000800000000)
  region size 1024K, 6 young (6144K), 6 survivors (6144K)
 Metaspace       used 29611K, capacity 30344K, committed 30716K, reserved 1077248K
  class space    used 3438K, capacity 3710K, committed 3836K, reserved 1048576K
}
Event: 5.708 GC heap before
{Heap before GC invocations=6 (full 0):
 garbage-first heap   total 196608K, used 62840K [0x0000000741c00000, 0x0000000800000000)
  region size 1024K, 56 young (57344K), 6 survivors (6144K)
 Metaspace       used 35078K, capacity 35914K, committed 36048K, reserved 1081344K
  class space    used 4158K, capacity 4486K, committed 4560K, reserved 1048576K
}
Event: 5.719 GC heap after
{Heap after GC invocations=7 (full 0):
 garbage-first heap   total 259072K, used 15134K [0x0000000741c00000, 0x0000000800000000)
  region size 1024K, 8 young (8192K), 8 survivors (8192K)
 Metaspace       used 35078K, capacity 35914K, committed 36048K, reserved 1081344K
  class space    used 4158K, capacity 4486K, committed 4560K, reserved 1048576K
}

Deoptimization events (10 events):
Event: 6.761 Thread 0x000001be2bbc1000 Uncommon trap: reason=speculate_class_check action=maybe_recompile pc=0x000001be19f67228 method=java.util.zip.InflaterInputStream.read([BII)I @ 100 c2
Event: 6.921 Thread 0x000001be2bbc1000 Uncommon trap: reason=class_check action=maybe_recompile pc=0x000001be19fea974 method=org.springframework.core.ResolvableType.resolveType()Lorg/springframework/core/ResolvableType; @ 101 c2
Event: 6.971 Thread 0x000001be2bbc1000 Uncommon trap: reason=bimorphic_or_optimized_type_check action=maybe_recompile pc=0x000001be19fd9434 method=java.util.Collections$SetFromMap.contains(Ljava/lang/Object;)Z @ 5 c2
Event: 6.972 Thread 0x000001be2bbc1000 Uncommon trap: reason=unstable_if action=reinterpret pc=0x000001be19fdc1cc method=sun.reflect.annotation.AnnotationInvocationHandler.invoke(Ljava/lang/Object;Ljava/lang/reflect/Method;[Ljava/lang/Object;)Ljava/lang/Object; @ 76 c2
Event: 7.116 Thread 0x000001be2bbc1000 Uncommon trap: reason=predicate action=maybe_recompile pc=0x000001be1a05f450 method=java.util.AbstractCollection.toArray([Ljava/lang/Object;)[Ljava/lang/Object; @ 43 c2
Event: 7.276 Thread 0x000001be2bbc1000 Uncommon trap: reason=unstable_if action=reinterpret pc=0x000001be19fbd5c4 method=sun.net.www.ParseUtil.encodePath(Ljava/lang/String;Z)Ljava/lang/String; @ 1 c2
Event: 7.276 Thread 0x000001be2bbc1000 Uncommon trap: reason=unstable_if action=reinterpret pc=0x000001be19ec92c8 method=java.net.URI.match(CJJ)Z @ 45 c2
Event: 7.344 Thread 0x000001be2bbc1000 Uncommon trap: reason=unstable_if action=reinterpret pc=0x000001be19ee8820 method=java.lang.CharacterDataLatin1.isWhitespace(I)Z @ 14 c2
Event: 7.460 Thread 0x000001be2bbc1000 Uncommon trap: reason=unstable_if action=reinterpret pc=0x000001be1a086870 method=java.net.URL.<init>(Ljava/net/URL;Ljava/lang/String;Ljava/net/URLStreamHandler;)V @ 57 c2
Event: 7.460 Thread 0x000001be2bbc1000 Uncommon trap: reason=unstable_if action=reinterpret pc=0x000001be1a07f828 method=java.net.URLStreamHandler.parseURL(Ljava/net/URL;Ljava/lang/String;II)V @ 57 c2

Classes redefined (0 events):
No events

Internal exceptions (10 events):
Event: 7.000 Thread 0x000001be2bbc1000 Exception <a 'java/lang/ClassNotFoundException'{0x000000074a197680}: org/springframework/beans/factory/AwareCustomizer> (0x000000074a197680) thrown at [./open/src/hotspot/share/classfile/systemDictionary.cpp, line 228]
Event: 7.001 Thread 0x000001be2bbc1000 Exception <a 'java/lang/ClassNotFoundException'{0x000000074a1a9a00}: org/springframework/context/ApplicationContextAwareCustomizer> (0x000000074a1a9a00) thrown at [./open/src/hotspot/share/classfile/systemDictionary.cpp, line 228]
Event: 7.002 Thread 0x000001be2bbc1000 Exception <a 'java/lang/ClassNotFoundException'{0x000000074a1bb668}: org/springframework/beans/factory/AwareCustomizer> (0x000000074a1bb668) thrown at [./open/src/hotspot/share/classfile/systemDictionary.cpp, line 228]
Event: 7.004 Thread 0x000001be2bbc1000 Exception <a 'java/lang/ClassNotFoundException'{0x000000074a1cd9d0}: org/springframework/web/context/ServletContextAwareCustomizer> (0x000000074a1cd9d0) thrown at [./open/src/hotspot/share/classfile/systemDictionary.cpp, line 228]
Event: 7.005 Thread 0x000001be2bbc1000 Exception <a 'java/lang/ClassNotFoundException'{0x000000074a1df120}: org/springframework/beans/factory/AwareCustomizer> (0x000000074a1df120) thrown at [./open/src/hotspot/share/classfile/systemDictionary.cpp, line 228]
Event: 7.054 Thread 0x000001be2bbc1000 Exception <a 'java/lang/NoSuchMethodError'{0x0000000749e05528}: java.lang.invoke.DirectMethodHandle$Holder.invokeStatic(Ljava/lang/Object;Ljava/lang/Object;I)V> (0x0000000749e05528) thrown at [./open/src/hotspot/share/interpreter/linkResolver.cpp, line 77
Event: 7.066 Thread 0x000001be2bbc1000 Exception <a 'java/lang/NoSuchMethodError'{0x0000000749eb20f8}: java.lang.invoke.DirectMethodHandle$Holder.invokeVirtual(Ljava/lang/Object;Ljava/lang/Object;Ljava/lang/Object;Ljava/lang/Object;)V> (0x0000000749eb20f8) thrown at [./open/src/hotspot/share/i
Event: 7.189 Thread 0x000001be2bbc1000 Exception <a 'java/lang/NoSuchMethodError'{0x000000074977a3e8}: java.lang.invoke.DirectMethodHandle$Holder.invokeVirtual(Ljava/lang/Object;Ljava/lang/Object;I)V> (0x000000074977a3e8) thrown at [./open/src/hotspot/share/interpreter/linkResolver.cpp, line 7
Event: 7.191 Thread 0x000001be2bbc1000 Exception <a 'java/lang/NoSuchMethodError'{0x0000000749794c98}: java.lang.invoke.DirectMethodHandle$Holder.invokeVirtual(Ljava/lang/Object;Ljava/lang/Object;J)V> (0x0000000749794c98) thrown at [./open/src/hotspot/share/interpreter/linkResolver.cpp, line 7
Event: 7.410 Thread 0x000001be2bbc1000 Exception <a 'java/lang/NoSuchMethodError'{0x0000000748e42c40}: java.lang.invoke.DirectMethodHandle$Holder.invokeStaticInit(Ljava/lang/Object;Ljava/lang/Object;Ljava/lang/Object;Ljava/lang/Object;)Ljava/lang/Object;> (0x0000000748e42c40) thrown at [./open

Events (10 events):
Event: 7.477 loading class javax/persistence/criteria/CriteriaBuilder
Event: 7.477 loading class javax/persistence/criteria/CriteriaBuilder done
Event: 7.478 loading class javax/persistence/PersistenceUnitUtil
Event: 7.478 loading class javax/persistence/PersistenceUnitUtil done
Event: 7.481 loading class org/hibernate/service/ServiceRegistry
Event: 7.481 loading class org/hibernate/service/ServiceRegistry done
Event: 7.482 loading class org/hibernate/tool/schema/spi/DelayedDropRegistry
Event: 7.482 loading class org/hibernate/tool/schema/spi/DelayedDropRegistry done
Event: 7.483 loading class org/hibernate/boot/Metadata
Event: 7.483 loading class org/hibernate/boot/Metadata done


Dynamic libraries:
0x00007ff7013a0000 - 0x00007ff7013af000 	C:\Program Files\Java\jdk-11.0.9\bin\java.exe
0x00007ffdae660000 - 0x00007ffdae850000 	C:\Windows\SYSTEM32\ntdll.dll
0x00007ffdac780000 - 0x00007ffdac832000 	C:\Windows\System32\KERNEL32.DLL
0x00007ffdac020000 - 0x00007ffdac2c5000 	C:\Windows\System32\KERNELBASE.dll
0x00007ffdac490000 - 0x00007ffdac58a000 	C:\Windows\System32\ucrtbase.dll
0x00007ffd99450000 - 0x00007ffd99465000 	C:\Program Files\Java\jdk-11.0.9\bin\VCRUNTIME140.dll
0x00007ffd99470000 - 0x00007ffd99488000 	C:\Program Files\Java\jdk-11.0.9\bin\jli.dll
0x00007ffdae320000 - 0x00007ffdae3c3000 	C:\Windows\System32\ADVAPI32.dll
0x00007ffdac8a0000 - 0x00007ffdac93e000 	C:\Windows\System32\msvcrt.dll
0x00007ffdae3d0000 - 0x00007ffdae467000 	C:\Windows\System32\sechost.dll
0x00007ffdadaf0000 - 0x00007ffdadc0f000 	C:\Windows\System32\RPCRT4.dll
0x00007ffdad150000 - 0x00007ffdad2e4000 	C:\Windows\System32\USER32.dll
0x00007ffdac6e0000 - 0x00007ffdac701000 	C:\Windows\System32\win32u.dll
0x00007ffdac950000 - 0x00007ffdac976000 	C:\Windows\System32\GDI32.dll
0x00007ffdac2f0000 - 0x00007ffdac488000 	C:\Windows\System32\gdi32full.dll
0x00007ffdac640000 - 0x00007ffdac6de000 	C:\Windows\System32\msvcp_win.dll
0x00007ffd9aac0000 - 0x00007ffd9ad44000 	C:\Windows\WinSxS\amd64_microsoft.windows.common-controls_6595b64144ccf1df_6.0.18362.1316_none_9e7a364fe461dbd7\COMCTL32.dll
0x00007ffdad590000 - 0x00007ffdad8c7000 	C:\Windows\System32\combase.dll
0x00007ffdabf40000 - 0x00007ffdabfc1000 	C:\Windows\System32\bcryptPrimitives.dll
0x00007ffda45c0000 - 0x00007ffda45ca000 	C:\Windows\SYSTEM32\VERSION.dll
0x00007ffdad8d0000 - 0x00007ffdad8fe000 	C:\Windows\System32\IMM32.DLL
0x00007ffd93b60000 - 0x00007ffd93bfb000 	C:\Program Files\Java\jdk-11.0.9\bin\msvcp140.dll
0x00007ffd784f0000 - 0x00007ffd78fe7000 	C:\Program Files\Java\jdk-11.0.9\bin\server\jvm.dll
0x00007ffdac940000 - 0x00007ffdac948000 	C:\Windows\System32\PSAPI.DLL
0x00007ffda9fb0000 - 0x00007ffda9fb9000 	C:\Windows\SYSTEM32\WSOCK32.dll
0x00007ffdad900000 - 0x00007ffdad96f000 	C:\Windows\System32\WS2_32.dll
0x00007ffda9130000 - 0x00007ffda9154000 	C:\Windows\SYSTEM32\WINMM.dll
0x00007ffda9100000 - 0x00007ffda912d000 	C:\Windows\SYSTEM32\WINMMBASE.dll
0x00007ffdabfd0000 - 0x00007ffdac01a000 	C:\Windows\System32\cfgmgr32.dll
0x00007ffdab5c0000 - 0x00007ffdab5d1000 	C:\Windows\System32\kernel.appcore.dll
0x00007ffd99670000 - 0x00007ffd99680000 	C:\Program Files\Java\jdk-11.0.9\bin\verify.dll
0x00007ffda9d90000 - 0x00007ffda9f84000 	C:\Windows\SYSTEM32\DBGHELP.DLL
0x00007ffd95e30000 - 0x00007ffd95e5a000 	C:\Windows\SYSTEM32\dbgcore.DLL
0x00007ffd992b0000 - 0x00007ffd992d8000 	C:\Program Files\Java\jdk-11.0.9\bin\java.dll
0x00007ffd994b0000 - 0x00007ffd994ba000 	C:\Program Files\Java\jdk-11.0.9\bin\jimage.dll
0x00007ffd993e0000 - 0x00007ffd993ee000 	C:\Program Files\Java\jdk-11.0.9\bin\instrument.dll
0x00007ffd97f30000 - 0x00007ffd97f46000 	C:\Program Files\Java\jdk-11.0.9\bin\zip.dll
0x00007ffdaca60000 - 0x00007ffdad148000 	C:\Windows\System32\SHELL32.dll
0x00007ffdad970000 - 0x00007ffdada17000 	C:\Windows\System32\shcore.dll
0x00007ffdab790000 - 0x00007ffdabf0b000 	C:\Windows\System32\windows.storage.dll
0x00007ffdab520000 - 0x00007ffdab543000 	C:\Windows\System32\profapi.dll
0x00007ffdab570000 - 0x00007ffdab5ba000 	C:\Windows\System32\powrprof.dll
0x00007ffdab510000 - 0x00007ffdab520000 	C:\Windows\System32\UMPDC.dll
0x00007ffdad350000 - 0x00007ffdad3a2000 	C:\Windows\System32\shlwapi.dll
0x00007ffdac2d0000 - 0x00007ffdac2e7000 	C:\Windows\System32\cryptsp.dll
0x00007ffd97f10000 - 0x00007ffd97f29000 	C:\Program Files\Java\jdk-11.0.9\bin\net.dll
0x00007ffd99ad0000 - 0x00007ffd99bc0000 	C:\Windows\SYSTEM32\WINHTTP.dll
0x00007ffdaad50000 - 0x00007ffdaadb7000 	C:\Windows\system32\mswsock.dll
0x00007ffd97ed0000 - 0x00007ffd97ee2000 	C:\Program Files\Java\jdk-11.0.9\bin\nio.dll
0x00007ffd974e0000 - 0x00007ffd974fa000 	C:\Program Files\JetBrains\IntelliJ IDEA Community Edition 2020.2.3\bin\breakgen64.dll
0x00007ffd992a0000 - 0x00007ffd992a9000 	C:\Program Files\Java\jdk-11.0.9\bin\management.dll
0x00007ffd97f00000 - 0x00007ffd97f0b000 	C:\Program Files\Java\jdk-11.0.9\bin\management_ext.dll
0x00007ffd94420000 - 0x00007ffd94436000 	C:\Windows\system32\napinsp.dll
0x00007ffd93b40000 - 0x00007ffd93b5a000 	C:\Windows\system32\pnrpnsp.dll
0x00007ffdaaa80000 - 0x00007ffdaab4b000 	C:\Windows\SYSTEM32\DNSAPI.dll
0x00007ffdadc90000 - 0x00007ffdadc98000 	C:\Windows\System32\NSI.dll
0x00007ffdaaa40000 - 0x00007ffdaaa7a000 	C:\Windows\SYSTEM32\IPHLPAPI.DLL
0x00007ffd97290000 - 0x00007ffd9729e000 	C:\Windows\System32\winrnr.dll
0x00007ffda7910000 - 0x00007ffda792c000 	C:\Windows\system32\NLAapi.dll
0x00007ffd97e70000 - 0x00007ffd97e85000 	C:\Windows\system32\wshbth.dll
0x00007ffd99930000 - 0x00007ffd9993a000 	C:\Windows\System32\rasadhlp.dll
0x00007ffd9eb70000 - 0x00007ffd9ebe7000 	C:\Windows\System32\fwpuclnt.dll
0x00007ffdabf10000 - 0x00007ffdabf36000 	C:\Windows\System32\bcrypt.dll
0x00007ffdaa8a0000 - 0x00007ffdaa8d3000 	C:\Windows\system32\rsaenh.dll
0x00007ffdab430000 - 0x00007ffdab455000 	C:\Windows\SYSTEM32\USERENV.dll
0x00007ffdaaf20000 - 0x00007ffdaaf2c000 	C:\Windows\SYSTEM32\CRYPTBASE.dll
0x00007ffd9ec70000 - 0x00007ffd9ec86000 	C:\Windows\SYSTEM32\dhcpcsvc6.DLL
0x00007ffd9ec50000 - 0x00007ffd9ec6c000 	C:\Windows\SYSTEM32\dhcpcsvc.DLL

dbghelp: loaded successfully - version: 4.0.5 - missing functions: none
symbol engine: initialized successfully - sym options: 0x614 - pdb path: .;C:\Program Files\Java\jdk-11.0.9\bin;C:\Windows\SYSTEM32;C:\Windows\WinSxS\amd64_microsoft.windows.common-controls_6595b64144ccf1df_6.0.18362.1316_none_9e7a364fe461dbd7;C:\Program Files\Java\jdk-11.0.9\bin\server;C:\Program Files\JetBrains\IntelliJ IDEA Community Edition 2020.2.3\bin

VM Arguments:
jvm_args: -javaagent:C:\Program Files\JetBrains\IntelliJ IDEA Community Edition 2020.2.3\lib\idea_rt.jar=59744:C:\Program Files\JetBrains\IntelliJ IDEA Community Edition 2020.2.3\bin -Dfile.encoding=UTF-8 
java_command: com.lazuardifachri.bps.lekdarjo.LekdarjoApplication
java_class_path (initial): C:\Users\izzud\Projects\Java\lekdarjo\target\classes;C:\Users\izzud\.m2\repository\org\springframework\boot\spring-boot-starter\2.3.5.RELEASE\spring-boot-starter-2.3.5.RELEASE.jar;C:\Users\izzud\.m2\repository\org\springframework\boot\spring-boot-starter-logging\2.3.5.RELEASE\spring-boot-starter-logging-2.3.5.RELEASE.jar;C:\Users\izzud\.m2\repository\ch\qos\logback\logback-classic\1.2.3\logback-classic-1.2.3.jar;C:\Users\izzud\.m2\repository\ch\qos\logback\logback-core\1.2.3\logback-core-1.2.3.jar;C:\Users\izzud\.m2\repository\org\apache\logging\log4j\log4j-to-slf4j\2.13.3\log4j-to-slf4j-2.13.3.jar;C:\Users\izzud\.m2\repository\org\apache\logging\log4j\log4j-api\2.13.3\log4j-api-2.13.3.jar;C:\Users\izzud\.m2\repository\org\slf4j\jul-to-slf4j\1.7.30\jul-to-slf4j-1.7.30.jar;C:\Users\izzud\.m2\repository\jakarta\annotation\jakarta.annotation-api\1.3.5\jakarta.annotation-api-1.3.5.jar;C:\Users\izzud\.m2\repository\org\yaml\snakeyaml\1.26\snakeyaml-1.26.jar;C:\Users\izzud\.m2\repository\org\slf4j\slf4j-api\1.7.30\slf4j-api-1.7.30.jar;C:\Users\izzud\.m2\repository\jakarta\xml\bind\jakarta.xml.bind-api\2.3.3\jakarta.xml.bind-api-2.3.3.jar;C:\Users\izzud\.m2\repository\jakarta\activation\jakarta.activation-api\1.2.2\jakarta.activation-api-1.2.2.jar;C:\Users\izzud\.m2\repository\net\bytebuddy\byte-buddy\1.10.17\byte-buddy-1.10.17.jar;C:\Users\izzud\.m2\repository\org\springframework\spring-core\5.2.10.RELEASE\spring-core-5.2.10.RELEASE.jar;C:\Users\izzud\.m2\repository\org\springframework\spring-jcl\5.2.10.RELEASE\spring-jcl-5.2.10.RELEASE.jar;C:\Users\izzud\.m2\repository\commons-io\commons-io\2.8.0\commons-io-2.8.0.jar;C:\Users\izzud\.m2\repository\org\apache\pdfbox\pdfbox\2.0.21\pdfbox-2.0.21.jar;C:\Users\izzud\.m2\repository\org\apache\pdfbox\fontbox\2.0.21\fontbox-2.0.21.jar;C:\Users\izzud\.m2\repository\commons-logging\commons-logging\1.2\commons-logging-1.2.jar;C:\Users\izzud\.m2\repository\org\hibernate\validator\hibernate-validator\6.1.6
Launcher Type: SUN_STANDARD

[Global flags]
     intx CICompilerCount                          = 3                                         {product} {ergonomic}
     uint ConcGCThreads                            = 1                                         {product} {ergonomic}
     uint G1ConcRefinementThreads                  = 4                                         {product} {ergonomic}
   size_t G1HeapRegionSize                         = 1048576                                   {product} {ergonomic}
    uintx GCDrainStackTargetSize                   = 64                                        {product} {ergonomic}
   size_t InitialHeapSize                          = 201326592                                 {product} {ergonomic}
   size_t MarkStackSize                            = 4194304                                   {product} {ergonomic}
   size_t MaxHeapSize                              = 3191865344                                {product} {ergonomic}
   size_t MaxNewSize                               = 1914699776                                {product} {ergonomic}
   size_t MinHeapDeltaBytes                        = 1048576                                   {product} {ergonomic}
    uintx NonNMethodCodeHeapSize                   = 5830732                                {pd product} {ergonomic}
    uintx NonProfiledCodeHeapSize                  = 122913754                              {pd product} {ergonomic}
    uintx ProfiledCodeHeapSize                     = 122913754                              {pd product} {ergonomic}
    uintx ReservedCodeCacheSize                    = 251658240                              {pd product} {ergonomic}
     bool SegmentedCodeCache                       = true                                      {product} {ergonomic}
     bool UseCompressedClassPointers               = true                                 {lp64_product} {ergonomic}
     bool UseCompressedOops                        = true                                 {lp64_product} {ergonomic}
     bool UseG1GC                                  = true                                      {product} {ergonomic}
     bool UseLargePagesIndividualAllocation        = false                                  {pd product} {ergonomic}

Logging:
Log output configuration:
 #0: stdout all=warning uptime,level,tags
 #1: stderr all=off uptime,level,tags

Environment Variables:
PATH=C:\Program Files\Common Files\Oracle\Java\javapath;C:\Program Files (x86)\Common Files\Oracle\Java\javapath;C:\Program Files (x86)\Intel\iCLS Client\;C:\Program Files\Intel\iCLS Client\;C:\Windows\system32;C:\Windows;C:\Windows\System32\Wbem;C:\Windows\System32\WindowsPowerShell\v1.0\;C:\Program Files (x86)\Intel\Intel(R) Management Engine Components\DAL;C:\Program Files\Intel\Intel(R) Management Engine Components\DAL;C:\Program Files (x86)\Intel\Intel(R) Management Engine Components\IPT;C:\Program Files\Intel\Intel(R) Management Engine Components\IPT;C:\xampp-7.3.4\php;C:\Windows\System32\OpenSSH\;C:\Program Files\Git\cmd;C:\Users\izzud\Anaconda3\;C:\ProgramData\chocolatey\bin;C:\Program Files\nodejs\;C:\Go\bin;C:\Program Files\Docker\Docker\resources\bin;C:\ProgramData\DockerDesktop\version-bin;C:\Users\izzud\AppData\Local\Microsoft\WindowsApps;C:\Users\izzud\AppData\Local\Programs\Microsoft VS Code\bin;C:\flutter\bin;C:\Users\izzud\Anaconda3\;C:\Users\izzud\Anaconda3\Scripts;C:\Program Files\PostgreSQL\11\bin;C:\Users\izzud\Anaconda3\Library\bin;C:\Program Files\Java\jdk1.8.0_231;C:\apache-maven-3.6.2\bin;C:\gradle-5.6.4\bin;C:\Program Files\Oracle\VirtualBox;C:\Program Files\JetBrains\PyCharm Community Edition 2020.2.2\bin;;C:\Users\izzud\AppData\Local\Packages\PythonSoftwareFoundation.Python.3.8_qbz5n2kfra8p0\LocalCache\local-packages\Python38\Scripts;C:\Users\izzud\AppData\Roaming\npm;C:\Users\izzud\go\bin;C:\Program Files\heroku\bin;C:\Program Files\gs\gs9.53.3\bin;C:\Program Files\gs\gs9.53.3\lib;
USERNAME=izzud
OS=Windows_NT
PROCESSOR_IDENTIFIER=Intel64 Family 6 Model 142 Stepping 9, GenuineIntel



---------------  S Y S T E M  ---------------

OS: Windows 10 , 64 bit Build 18362 (10.0.18362.1316)
HyperV virtualization detected

CPU:total 4 (initial active 4) (2 cores per cpu, 2 threads per core) family 6 model 142 stepping 9, cmov, cx8, fxsr, mmx, sse, sse2, sse3, ssse3, sse4.1, sse4.2, popcnt, avx, avx2, aes, clmul, erms, 3dnowpref, lzcnt, ht, tsc, tscinvbit, bmi1, bmi2, adx, fma

Memory: 4k page, system-wide physical 12168M (1285M free)
TotalPageFile size 12168M (AvailPageFile size 5M)
current process WorkingSet (physical memory assigned to process): 356M, peak: 361M
current process commit charge ("private bytes"): 456M, peak: 461M

vm_info: Java HotSpot(TM) 64-Bit Server VM (11.0.9+7-LTS) for windows-amd64 JRE (11.0.9+7-LTS), built on Sep 15 2020 16:47:03 by "mach5one" with MS VC++ 15.9 (VS2017)

END.
