#
# There is insufficient memory for the Java Runtime Environment to continue.
# Native memory allocation (malloc) failed to allocate 2219056 bytes for Chunk::new
# Possible reasons:
#   The system is out of physical RAM or swap space
#   The process is running with CompressedOops enabled, and the Java Heap may be blocking the growth of the native heap
# Possible solutions:
#   Reduce memory load on the system
#   Increase physical memory or swap space
#   Check if swap backing store is full
#   Decrease Java heap size (-Xmx/-Xms)
#   Decrease number of Java threads
#   Decrease Java thread stack sizes (-Xss)
#   Set larger code cache with -XX:ReservedCodeCacheSize=
#   JVM is running with Zero Based Compressed Oops mode in which the Java heap is
#     placed in the first 32GB address space. The Java Heap base address is the
#     maximum limit for the native heap growth. Please use -XX:HeapBaseMinAddress
#     to set the Java Heap base and to place the Java Heap above 32GB virtual address.
# This output file may be truncated or incomplete.
#
#  Out of Memory Error (./open/src/hotspot/share/memory/arena.cpp:197), pid=17092, tid=11044
#
# JRE version: Java(TM) SE Runtime Environment 18.9 (11.0.9+7) (build 11.0.9+7-LTS)
# Java VM: Java HotSpot(TM) 64-Bit Server VM 18.9 (11.0.9+7-LTS, mixed mode, tiered, compressed oops, g1 gc, windows-amd64)
# No core dump will be written. Minidumps are not enabled by default on client versions of Windows
#

---------------  S U M M A R Y ------------

Command Line: -Dfile.encoding=UTF-8 com.lazuardifachri.bps.lekdarjo.LekdarjoApplication

Host: Intel(R) Core(TM) i5-7200U CPU @ 2.50GHz, 4 cores, 11G,  Windows 10 , 64 bit Build 18362 (10.0.18362.1316)
Time: Sat Jan 30 21:05:42 2021 SE Asia Standard Time elapsed time: 717.318543 seconds (0d 0h 11m 57s)

---------------  T H R E A D  ---------------

Current thread (0x000001dab561f000):  JavaThread "C2 CompilerThread1" daemon [_thread_in_native, id=11044, stack(0x0000000d11800000,0x0000000d11900000)]


Current CompileTask:
C2: 717318 6908       4       org.springframework.core.annotation.AnnotationsScanner::process (43 bytes)

Stack: [0x0000000d11800000,0x0000000d11900000]
Native frames: (J=compiled Java code, j=interpreted, Vv=VM code, C=native code)
V  [jvm.dll+0x611a3a]
V  [jvm.dll+0x748aaf]
V  [jvm.dll+0x74a135]
V  [jvm.dll+0x74a7b3]
V  [jvm.dll+0x2439f8]
V  [jvm.dll+0xba2bc]
V  [jvm.dll+0xba9bc]
V  [jvm.dll+0x3454e7]
V  [jvm.dll+0x194221]
V  [jvm.dll+0x1fd5a2]
V  [jvm.dll+0x1fc64f]
V  [jvm.dll+0x17f08c]
V  [jvm.dll+0x20bc54]
V  [jvm.dll+0x209d2b]
V  [jvm.dll+0x7103d9]
V  [jvm.dll+0x709114]
V  [jvm.dll+0x610cb6]
C  [ucrtbase.dll+0x210b2]
C  [KERNEL32.DLL+0x17c24]
C  [ntdll.dll+0x6d4d1]


---------------  P R O C E S S  ---------------

Threads class SMR info:
_java_thread_list=0x000001dab368ada0, length=31, elements={
0x000001dab2147800, 0x000001dab2151000, 0x000001dab21ba800, 0x000001dab21bc000,
0x000001dab21be800, 0x000001dab216b800, 0x000001dab2174000, 0x000001dab2319800,
0x000001dab231c800, 0x000001dab5227000, 0x000001dab37c2000, 0x000001dab386a000,
0x000001dab517e800, 0x000001dab786a000, 0x000001dab561c800, 0x000001dab561b800,
0x000001dab5620800, 0x000001dab5621800, 0x000001dab561d000, 0x000001dab561e000,
0x000001dab561f800, 0x000001daba258000, 0x000001daba257000, 0x000001daba25b000,
0x000001daba258800, 0x000001daba25c000, 0x000001daba25c800, 0x000001daba25d800,
0x000001daba259800, 0x000001dab561b000, 0x000001dab561f000
}

Java Threads: ( => current thread )
  0x000001dab2147800 JavaThread "Reference Handler" daemon [_thread_blocked, id=10148, stack(0x0000000d12200000,0x0000000d12300000)]
  0x000001dab2151000 JavaThread "Finalizer" daemon [_thread_blocked, id=16828, stack(0x0000000d12300000,0x0000000d12400000)]
  0x000001dab21ba800 JavaThread "Signal Dispatcher" daemon [_thread_blocked, id=15900, stack(0x0000000d12400000,0x0000000d12500000)]
  0x000001dab21bc000 JavaThread "Attach Listener" daemon [_thread_blocked, id=12244, stack(0x0000000d12500000,0x0000000d12600000)]
  0x000001dab21be800 JavaThread "C2 CompilerThread0" daemon [_thread_blocked, id=13208, stack(0x0000000d12600000,0x0000000d12700000)]
  0x000001dab216b800 JavaThread "C1 CompilerThread0" daemon [_thread_blocked, id=12840, stack(0x0000000d12700000,0x0000000d12800000)]
  0x000001dab2174000 JavaThread "Sweeper thread" daemon [_thread_blocked, id=16532, stack(0x0000000d12800000,0x0000000d12900000)]
  0x000001dab2319800 JavaThread "Service Thread" daemon [_thread_blocked, id=15960, stack(0x0000000d12900000,0x0000000d12a00000)]
  0x000001dab231c800 JavaThread "Common-Cleaner" daemon [_thread_blocked, id=8424, stack(0x0000000d12b00000,0x0000000d12c00000)]
  0x000001dab5227000 JavaThread "PostgreSQL-JDBC-SharedTimer-1" daemon [_thread_blocked, id=11352, stack(0x0000000d13300000,0x0000000d13400000)]
  0x000001dab37c2000 JavaThread "HikariPool-1 housekeeper" daemon [_thread_blocked, id=7024, stack(0x0000000d13400000,0x0000000d13500000)]
  0x000001dab386a000 JavaThread "Catalina-utility-1" [_thread_blocked, id=9140, stack(0x0000000d13700000,0x0000000d13800000)]
  0x000001dab517e800 JavaThread "Catalina-utility-2" [_thread_blocked, id=17340, stack(0x0000000d13800000,0x0000000d13900000)]
  0x000001dab786a000 JavaThread "container-0" [_thread_blocked, id=12580, stack(0x0000000d13900000,0x0000000d13a00000)]
  0x000001dab561c800 JavaThread "File Watcher" daemon [_thread_blocked, id=9328, stack(0x0000000d13a00000,0x0000000d13b00000)]
  0x000001dab561b800 JavaThread "Live Reload Server" daemon [_thread_in_native, id=4268, stack(0x0000000d13c00000,0x0000000d13d00000)]
  0x000001dab5620800 JavaThread "http-nio-8080-BlockPoller" daemon [_thread_in_native, id=13920, stack(0x0000000d13b00000,0x0000000d13c00000)]
  0x000001dab5621800 JavaThread "http-nio-8080-exec-1" daemon [_thread_blocked, id=784, stack(0x0000000d13d00000,0x0000000d13e00000)]
  0x000001dab561d000 JavaThread "http-nio-8080-exec-2" daemon [_thread_blocked, id=2220, stack(0x0000000d13e00000,0x0000000d13f00000)]
  0x000001dab561e000 JavaThread "http-nio-8080-exec-3" daemon [_thread_blocked, id=2152, stack(0x0000000d13f00000,0x0000000d14000000)]
  0x000001dab561f800 JavaThread "http-nio-8080-exec-4" daemon [_thread_blocked, id=9128, stack(0x0000000d14000000,0x0000000d14100000)]
  0x000001daba258000 JavaThread "http-nio-8080-exec-5" daemon [_thread_blocked, id=2896, stack(0x0000000d14100000,0x0000000d14200000)]
  0x000001daba257000 JavaThread "http-nio-8080-exec-6" daemon [_thread_blocked, id=14876, stack(0x0000000d14200000,0x0000000d14300000)]
  0x000001daba25b000 JavaThread "http-nio-8080-exec-7" daemon [_thread_blocked, id=17108, stack(0x0000000d14300000,0x0000000d14400000)]
  0x000001daba258800 JavaThread "http-nio-8080-exec-8" daemon [_thread_blocked, id=9648, stack(0x0000000d14400000,0x0000000d14500000)]
  0x000001daba25c000 JavaThread "http-nio-8080-exec-9" daemon [_thread_blocked, id=7916, stack(0x0000000d14500000,0x0000000d14600000)]
  0x000001daba25c800 JavaThread "http-nio-8080-exec-10" daemon [_thread_blocked, id=17164, stack(0x0000000d14600000,0x0000000d14700000)]
  0x000001daba25d800 JavaThread "http-nio-8080-ClientPoller" daemon [_thread_in_native, id=15500, stack(0x0000000d14700000,0x0000000d14800000)]
  0x000001daba259800 JavaThread "http-nio-8080-Acceptor" daemon [_thread_in_native, id=3924, stack(0x0000000d14800000,0x0000000d14900000)]
  0x000001dab561b000 JavaThread "DestroyJavaVM" [_thread_blocked, id=12468, stack(0x0000000d11b00000,0x0000000d11c00000)]
=>0x000001dab561f000 JavaThread "C2 CompilerThread1" daemon [_thread_in_native, id=11044, stack(0x0000000d11800000,0x0000000d11900000)]

Other Threads:
  0x000001dab2144800 VMThread "VM Thread" [stack: 0x0000000d12100000,0x0000000d12200000] [id=16468]
  0x000001dab2325000 WatcherThread [stack: 0x0000000d12a00000,0x0000000d12b00000] [id=2888]
  0x000001da90e85800 GCTaskThread "GC Thread#0" [stack: 0x0000000d11c00000,0x0000000d11d00000] [id=4408]
  0x000001dab2bd6000 GCTaskThread "GC Thread#1" [stack: 0x0000000d12c00000,0x0000000d12d00000] [id=15176]
  0x000001dab2d53000 GCTaskThread "GC Thread#2" [stack: 0x0000000d12d00000,0x0000000d12e00000] [id=15252]
  0x000001dab2bc9000 GCTaskThread "GC Thread#3" [stack: 0x0000000d12e00000,0x0000000d12f00000] [id=8544]
  0x000001da90eca800 ConcurrentGCThread "G1 Main Marker" [stack: 0x0000000d11d00000,0x0000000d11e00000] [id=15356]
  0x000001da90ecc000 ConcurrentGCThread "G1 Conc#0" [stack: 0x0000000d11e00000,0x0000000d11f00000] [id=2644]
  0x000001dab1784800 ConcurrentGCThread "G1 Refine#0" [stack: 0x0000000d11f00000,0x0000000d12000000] [id=14780]
  0x000001dab1787000 ConcurrentGCThread "G1 Young RemSet Sampling" [stack: 0x0000000d12000000,0x0000000d12100000] [id=16332]

Threads with active compile tasks:
C2 CompilerThread1 717364 6908       4       org.springframework.core.annotation.AnnotationsScanner::process (43 bytes)

VM state:not at safepoint (normal execution)

VM Mutex/Monitor currently owned by a thread: None

Heap address: 0x0000000741c00000, size: 3044 MB, Compressed Oops mode: Zero based, Oop shift amount: 3
Narrow klass base: 0x0000000800000000, Narrow klass shift: 0
Compressed class space size: 1073741824 Address: 0x0000000800000000

Heap:
 garbage-first heap   total 284672K, used 121793K [0x0000000741c00000, 0x0000000800000000)
  region size 1024K, 104 young (106496K), 13 survivors (13312K)
 Metaspace       used 73616K, capacity 75370K, committed 75520K, reserved 1114112K
  class space    used 9219K, capacity 9912K, committed 9984K, reserved 1048576K
Heap Regions: E=young(eden), S=young(survivor), O=old, HS=humongous(starts), HC=humongous(continues), CS=collection set, F=free, A=archive, TAMS=top-at-mark-start (previous, next)
|   0|0x0000000741c00000, 0x0000000741d00000, 0x0000000741d00000|100%|HS|  |TAMS 0x0000000741d00000, 0x0000000741c00000| Complete 
|   1|0x0000000741d00000, 0x0000000741e00000, 0x0000000741e00000|100%| O|  |TAMS 0x0000000741e00000, 0x0000000741d00000| Untracked 
|   2|0x0000000741e00000, 0x0000000741f00000, 0x0000000741f00000|100%| O|  |TAMS 0x0000000741f00000, 0x0000000741e00000| Untracked 
|   3|0x0000000741f00000, 0x0000000742000000, 0x0000000742000000|100%| O|  |TAMS 0x0000000742000000, 0x0000000741f00000| Untracked 
|   4|0x0000000742000000, 0x0000000742100000, 0x0000000742100000|100%| O|  |TAMS 0x0000000742100000, 0x0000000742000000| Untracked 
|   5|0x0000000742100000, 0x0000000742200000, 0x0000000742200000|100%| O|  |TAMS 0x0000000742200000, 0x0000000742100000| Untracked 
|   6|0x0000000742200000, 0x0000000742300000, 0x0000000742300000|100%| O|  |TAMS 0x0000000742300000, 0x0000000742200000| Untracked 
|   7|0x0000000742300000, 0x0000000742400000, 0x0000000742400000|100%| O|  |TAMS 0x0000000742400000, 0x0000000742300000| Untracked 
|   8|0x0000000742400000, 0x0000000742500000, 0x0000000742500000|100%| O|  |TAMS 0x0000000742500000, 0x0000000742400000| Untracked 
|   9|0x0000000742500000, 0x0000000742600000, 0x0000000742600000|100%| O|  |TAMS 0x0000000742600000, 0x0000000742500000| Untracked 
|  10|0x0000000742600000, 0x0000000742700000, 0x0000000742700000|100%| O|  |TAMS 0x0000000742700000, 0x0000000742600000| Untracked 
|  11|0x0000000742700000, 0x0000000742800000, 0x0000000742800000|100%| O|  |TAMS 0x0000000742800000, 0x0000000742700000| Untracked 
|  12|0x0000000742800000, 0x0000000742900000, 0x0000000742900000|100%| O|  |TAMS 0x0000000742900000, 0x0000000742800000| Untracked 
|  13|0x0000000742900000, 0x0000000742a00000, 0x0000000742a00000|100%| O|  |TAMS 0x00000007429b4600, 0x0000000742900000| Untracked 
|  14|0x0000000742a00000, 0x0000000742b00000, 0x0000000742b00000|100%| O|  |TAMS 0x0000000742a00000, 0x0000000742a00000| Untracked 
|  15|0x0000000742b00000, 0x0000000742c00000, 0x0000000742c00000|100%| O|  |TAMS 0x0000000742b00000, 0x0000000742b00000| Untracked 
|  16|0x0000000742c00000, 0x0000000742c70600, 0x0000000742d00000| 43%| O|  |TAMS 0x0000000742c00000, 0x0000000742c00000| Untracked 
|  17|0x0000000742d00000, 0x0000000742d00000, 0x0000000742e00000|  0%| F|  |TAMS 0x0000000742d00000, 0x0000000742d00000| Untracked 
|  18|0x0000000742e00000, 0x0000000742e00000, 0x0000000742f00000|  0%| F|  |TAMS 0x0000000742e00000, 0x0000000742e00000| Untracked 
|  19|0x0000000742f00000, 0x0000000742f00000, 0x0000000743000000|  0%| F|  |TAMS 0x0000000742f00000, 0x0000000742f00000| Untracked 
|  20|0x0000000743000000, 0x0000000743000000, 0x0000000743100000|  0%| F|  |TAMS 0x0000000743000000, 0x0000000743000000| Untracked 
|  21|0x0000000743100000, 0x0000000743100000, 0x0000000743200000|  0%| F|  |TAMS 0x0000000743100000, 0x0000000743100000| Untracked 
|  22|0x0000000743200000, 0x0000000743200000, 0x0000000743300000|  0%| F|  |TAMS 0x0000000743200000, 0x0000000743200000| Untracked 
|  23|0x0000000743300000, 0x0000000743300000, 0x0000000743400000|  0%| F|  |TAMS 0x0000000743300000, 0x0000000743300000| Untracked 
|  24|0x0000000743400000, 0x0000000743400000, 0x0000000743500000|  0%| F|  |TAMS 0x0000000743400000, 0x0000000743400000| Untracked 
|  25|0x0000000743500000, 0x0000000743500000, 0x0000000743600000|  0%| F|  |TAMS 0x0000000743500000, 0x0000000743500000| Untracked 
|  26|0x0000000743600000, 0x0000000743600000, 0x0000000743700000|  0%| F|  |TAMS 0x0000000743600000, 0x0000000743600000| Untracked 
|  27|0x0000000743700000, 0x0000000743700000, 0x0000000743800000|  0%| F|  |TAMS 0x0000000743700000, 0x0000000743700000| Untracked 
|  28|0x0000000743800000, 0x0000000743800000, 0x0000000743900000|  0%| F|  |TAMS 0x0000000743800000, 0x0000000743800000| Untracked 
|  29|0x0000000743900000, 0x0000000743900000, 0x0000000743a00000|  0%| F|  |TAMS 0x0000000743900000, 0x0000000743900000| Untracked 
|  30|0x0000000743a00000, 0x0000000743a00000, 0x0000000743b00000|  0%| F|  |TAMS 0x0000000743a00000, 0x0000000743a00000| Untracked 
|  31|0x0000000743b00000, 0x0000000743b00000, 0x0000000743c00000|  0%| F|  |TAMS 0x0000000743b00000, 0x0000000743b00000| Untracked 
|  32|0x0000000743c00000, 0x0000000743c00000, 0x0000000743d00000|  0%| F|  |TAMS 0x0000000743c00000, 0x0000000743c00000| Untracked 
|  33|0x0000000743d00000, 0x0000000743d00000, 0x0000000743e00000|  0%| F|  |TAMS 0x0000000743d00000, 0x0000000743d00000| Untracked 
|  34|0x0000000743e00000, 0x0000000743e00000, 0x0000000743f00000|  0%| F|  |TAMS 0x0000000743e00000, 0x0000000743e00000| Untracked 
|  35|0x0000000743f00000, 0x0000000743f00000, 0x0000000744000000|  0%| F|  |TAMS 0x0000000743f00000, 0x0000000743f00000| Untracked 
|  36|0x0000000744000000, 0x0000000744000000, 0x0000000744100000|  0%| F|  |TAMS 0x0000000744000000, 0x0000000744000000| Untracked 
|  37|0x0000000744100000, 0x0000000744100000, 0x0000000744200000|  0%| F|  |TAMS 0x0000000744100000, 0x0000000744100000| Untracked 
|  38|0x0000000744200000, 0x0000000744200000, 0x0000000744300000|  0%| F|  |TAMS 0x0000000744200000, 0x0000000744200000| Untracked 
|  39|0x0000000744300000, 0x0000000744300000, 0x0000000744400000|  0%| F|  |TAMS 0x0000000744300000, 0x0000000744300000| Untracked 
|  40|0x0000000744400000, 0x0000000744400000, 0x0000000744500000|  0%| F|  |TAMS 0x0000000744400000, 0x0000000744400000| Untracked 
|  41|0x0000000744500000, 0x0000000744500000, 0x0000000744600000|  0%| F|  |TAMS 0x0000000744500000, 0x0000000744500000| Untracked 
|  42|0x0000000744600000, 0x0000000744600000, 0x0000000744700000|  0%| F|  |TAMS 0x0000000744600000, 0x0000000744600000| Untracked 
|  43|0x0000000744700000, 0x0000000744700000, 0x0000000744800000|  0%| F|  |TAMS 0x0000000744700000, 0x0000000744700000| Untracked 
|  44|0x0000000744800000, 0x0000000744800000, 0x0000000744900000|  0%| F|  |TAMS 0x0000000744800000, 0x0000000744800000| Untracked 
|  45|0x0000000744900000, 0x0000000744900000, 0x0000000744a00000|  0%| F|  |TAMS 0x0000000744900000, 0x0000000744900000| Untracked 
|  46|0x0000000744a00000, 0x0000000744a00000, 0x0000000744b00000|  0%| F|  |TAMS 0x0000000744a00000, 0x0000000744a00000| Untracked 
|  47|0x0000000744b00000, 0x0000000744b00000, 0x0000000744c00000|  0%| F|  |TAMS 0x0000000744b00000, 0x0000000744b00000| Untracked 
|  48|0x0000000744c00000, 0x0000000744c00000, 0x0000000744d00000|  0%| F|  |TAMS 0x0000000744c00000, 0x0000000744c00000| Untracked 
|  49|0x0000000744d00000, 0x0000000744d00000, 0x0000000744e00000|  0%| F|  |TAMS 0x0000000744d00000, 0x0000000744d00000| Untracked 
|  50|0x0000000744e00000, 0x0000000744e00000, 0x0000000744f00000|  0%| F|  |TAMS 0x0000000744e00000, 0x0000000744e00000| Untracked 
|  51|0x0000000744f00000, 0x0000000744f00000, 0x0000000745000000|  0%| F|  |TAMS 0x0000000744f00000, 0x0000000744f00000| Untracked 
|  52|0x0000000745000000, 0x0000000745000000, 0x0000000745100000|  0%| F|  |TAMS 0x0000000745000000, 0x0000000745000000| Untracked 
|  53|0x0000000745100000, 0x0000000745100000, 0x0000000745200000|  0%| F|  |TAMS 0x0000000745100000, 0x0000000745100000| Untracked 
|  54|0x0000000745200000, 0x0000000745200000, 0x0000000745300000|  0%| F|  |TAMS 0x0000000745200000, 0x0000000745200000| Untracked 
|  55|0x0000000745300000, 0x0000000745300000, 0x0000000745400000|  0%| F|  |TAMS 0x0000000745300000, 0x0000000745300000| Untracked 
|  56|0x0000000745400000, 0x0000000745400000, 0x0000000745500000|  0%| F|  |TAMS 0x0000000745400000, 0x0000000745400000| Untracked 
|  57|0x0000000745500000, 0x0000000745500000, 0x0000000745600000|  0%| F|  |TAMS 0x0000000745500000, 0x0000000745500000| Untracked 
|  58|0x0000000745600000, 0x0000000745600000, 0x0000000745700000|  0%| F|  |TAMS 0x0000000745600000, 0x0000000745600000| Untracked 
|  59|0x0000000745700000, 0x0000000745700000, 0x0000000745800000|  0%| F|  |TAMS 0x0000000745700000, 0x0000000745700000| Untracked 
|  60|0x0000000745800000, 0x0000000745800000, 0x0000000745900000|  0%| F|  |TAMS 0x0000000745800000, 0x0000000745800000| Untracked 
|  61|0x0000000745900000, 0x0000000745900000, 0x0000000745a00000|  0%| F|  |TAMS 0x0000000745900000, 0x0000000745900000| Untracked 
|  62|0x0000000745a00000, 0x0000000745a00000, 0x0000000745b00000|  0%| F|  |TAMS 0x0000000745a00000, 0x0000000745a00000| Untracked 
|  63|0x0000000745b00000, 0x0000000745b00000, 0x0000000745c00000|  0%| F|  |TAMS 0x0000000745b00000, 0x0000000745b00000| Untracked 
|  64|0x0000000745c00000, 0x0000000745c00000, 0x0000000745d00000|  0%| F|  |TAMS 0x0000000745c00000, 0x0000000745c00000| Untracked 
|  65|0x0000000745d00000, 0x0000000745d00000, 0x0000000745e00000|  0%| F|  |TAMS 0x0000000745d00000, 0x0000000745d00000| Untracked 
|  66|0x0000000745e00000, 0x0000000745e00000, 0x0000000745f00000|  0%| F|  |TAMS 0x0000000745e00000, 0x0000000745e00000| Untracked 
|  67|0x0000000745f00000, 0x0000000745f00000, 0x0000000746000000|  0%| F|  |TAMS 0x0000000745f00000, 0x0000000745f00000| Untracked 
|  68|0x0000000746000000, 0x0000000746000000, 0x0000000746100000|  0%| F|  |TAMS 0x0000000746000000, 0x0000000746000000| Untracked 
|  69|0x0000000746100000, 0x0000000746100000, 0x0000000746200000|  0%| F|  |TAMS 0x0000000746100000, 0x0000000746100000| Untracked 
|  70|0x0000000746200000, 0x0000000746200000, 0x0000000746300000|  0%| F|  |TAMS 0x0000000746200000, 0x0000000746200000| Untracked 
|  71|0x0000000746300000, 0x0000000746300000, 0x0000000746400000|  0%| F|  |TAMS 0x0000000746300000, 0x0000000746300000| Untracked 
|  72|0x0000000746400000, 0x0000000746400000, 0x0000000746500000|  0%| F|  |TAMS 0x0000000746400000, 0x0000000746400000| Untracked 
|  73|0x0000000746500000, 0x0000000746500000, 0x0000000746600000|  0%| F|  |TAMS 0x0000000746500000, 0x0000000746500000| Untracked 
|  74|0x0000000746600000, 0x0000000746600000, 0x0000000746700000|  0%| F|  |TAMS 0x0000000746600000, 0x0000000746600000| Untracked 
|  75|0x0000000746700000, 0x0000000746700000, 0x0000000746800000|  0%| F|  |TAMS 0x0000000746700000, 0x0000000746700000| Untracked 
|  76|0x0000000746800000, 0x0000000746800000, 0x0000000746900000|  0%| F|  |TAMS 0x0000000746800000, 0x0000000746800000| Untracked 
|  77|0x0000000746900000, 0x0000000746900000, 0x0000000746a00000|  0%| F|  |TAMS 0x0000000746900000, 0x0000000746900000| Untracked 
|  78|0x0000000746a00000, 0x0000000746a00000, 0x0000000746b00000|  0%| F|  |TAMS 0x0000000746a00000, 0x0000000746a00000| Untracked 
|  79|0x0000000746b00000, 0x0000000746b00000, 0x0000000746c00000|  0%| F|  |TAMS 0x0000000746b00000, 0x0000000746b00000| Untracked 
|  80|0x0000000746c00000, 0x0000000746c00000, 0x0000000746d00000|  0%| F|  |TAMS 0x0000000746c00000, 0x0000000746c00000| Untracked 
|  81|0x0000000746d00000, 0x0000000746d00000, 0x0000000746e00000|  0%| F|  |TAMS 0x0000000746d00000, 0x0000000746d00000| Untracked 
|  82|0x0000000746e00000, 0x0000000746e00000, 0x0000000746f00000|  0%| F|  |TAMS 0x0000000746e00000, 0x0000000746e00000| Untracked 
|  83|0x0000000746f00000, 0x0000000746f00000, 0x0000000747000000|  0%| F|  |TAMS 0x0000000746f00000, 0x0000000746f00000| Untracked 
|  84|0x0000000747000000, 0x0000000747000000, 0x0000000747100000|  0%| F|  |TAMS 0x0000000747000000, 0x0000000747000000| Untracked 
|  85|0x0000000747100000, 0x0000000747100000, 0x0000000747200000|  0%| F|  |TAMS 0x0000000747100000, 0x0000000747100000| Untracked 
|  86|0x0000000747200000, 0x0000000747200000, 0x0000000747300000|  0%| F|  |TAMS 0x0000000747200000, 0x0000000747200000| Untracked 
|  87|0x0000000747300000, 0x0000000747300000, 0x0000000747400000|  0%| F|  |TAMS 0x0000000747300000, 0x0000000747300000| Untracked 
|  88|0x0000000747400000, 0x0000000747400000, 0x0000000747500000|  0%| F|  |TAMS 0x0000000747400000, 0x0000000747400000| Untracked 
|  89|0x0000000747500000, 0x0000000747500000, 0x0000000747600000|  0%| F|  |TAMS 0x0000000747500000, 0x0000000747500000| Untracked 
|  90|0x0000000747600000, 0x0000000747600000, 0x0000000747700000|  0%| F|  |TAMS 0x0000000747600000, 0x0000000747600000| Untracked 
|  91|0x0000000747700000, 0x0000000747700000, 0x0000000747800000|  0%| F|  |TAMS 0x0000000747700000, 0x0000000747700000| Untracked 
|  92|0x0000000747800000, 0x0000000747800000, 0x0000000747900000|  0%| F|  |TAMS 0x0000000747800000, 0x0000000747800000| Untracked 
|  93|0x0000000747900000, 0x0000000747900000, 0x0000000747a00000|  0%| F|  |TAMS 0x0000000747900000, 0x0000000747900000| Untracked 
|  94|0x0000000747a00000, 0x0000000747a00000, 0x0000000747b00000|  0%| F|  |TAMS 0x0000000747a00000, 0x0000000747a00000| Untracked 
|  95|0x0000000747b00000, 0x0000000747b00000, 0x0000000747c00000|  0%| F|  |TAMS 0x0000000747b00000, 0x0000000747b00000| Untracked 
|  96|0x0000000747c00000, 0x0000000747c00000, 0x0000000747d00000|  0%| F|  |TAMS 0x0000000747c00000, 0x0000000747c00000| Untracked 
|  97|0x0000000747d00000, 0x0000000747d00000, 0x0000000747e00000|  0%| F|  |TAMS 0x0000000747d00000, 0x0000000747d00000| Untracked 
|  98|0x0000000747e00000, 0x0000000747e00000, 0x0000000747f00000|  0%| F|  |TAMS 0x0000000747e00000, 0x0000000747e00000| Untracked 
|  99|0x0000000747f00000, 0x0000000747f00000, 0x0000000748000000|  0%| F|  |TAMS 0x0000000747f00000, 0x0000000747f00000| Untracked 
| 100|0x0000000748000000, 0x0000000748000000, 0x0000000748100000|  0%| F|  |TAMS 0x0000000748000000, 0x0000000748000000| Untracked 
| 101|0x0000000748100000, 0x0000000748100000, 0x0000000748200000|  0%| F|  |TAMS 0x0000000748100000, 0x0000000748100000| Untracked 
| 102|0x0000000748200000, 0x0000000748200000, 0x0000000748300000|  0%| F|  |TAMS 0x0000000748200000, 0x0000000748200000| Untracked 
| 103|0x0000000748300000, 0x0000000748300000, 0x0000000748400000|  0%| F|  |TAMS 0x0000000748300000, 0x0000000748300000| Untracked 
| 104|0x0000000748400000, 0x0000000748400000, 0x0000000748500000|  0%| F|  |TAMS 0x0000000748400000, 0x0000000748400000| Untracked 
| 105|0x0000000748500000, 0x0000000748500000, 0x0000000748600000|  0%| F|  |TAMS 0x0000000748500000, 0x0000000748500000| Untracked 
| 106|0x0000000748600000, 0x0000000748600000, 0x0000000748700000|  0%| F|  |TAMS 0x0000000748600000, 0x0000000748600000| Untracked 
| 107|0x0000000748700000, 0x0000000748700000, 0x0000000748800000|  0%| F|  |TAMS 0x0000000748700000, 0x0000000748700000| Untracked 
| 108|0x0000000748800000, 0x0000000748800000, 0x0000000748900000|  0%| F|  |TAMS 0x0000000748800000, 0x0000000748800000| Untracked 
| 109|0x0000000748900000, 0x0000000748900000, 0x0000000748a00000|  0%| F|  |TAMS 0x0000000748900000, 0x0000000748900000| Untracked 
| 110|0x0000000748a00000, 0x0000000748a00000, 0x0000000748b00000|  0%| F|  |TAMS 0x0000000748a00000, 0x0000000748a00000| Untracked 
| 111|0x0000000748b00000, 0x0000000748b00000, 0x0000000748c00000|  0%| F|  |TAMS 0x0000000748b00000, 0x0000000748b00000| Untracked 
| 112|0x0000000748c00000, 0x0000000748c00000, 0x0000000748d00000|  0%| F|  |TAMS 0x0000000748c00000, 0x0000000748c00000| Untracked 
| 113|0x0000000748d00000, 0x0000000748d00000, 0x0000000748e00000|  0%| F|  |TAMS 0x0000000748d00000, 0x0000000748d00000| Untracked 
| 114|0x0000000748e00000, 0x0000000748e00000, 0x0000000748f00000|  0%| F|  |TAMS 0x0000000748e00000, 0x0000000748e00000| Untracked 
| 115|0x0000000748f00000, 0x0000000748f00000, 0x0000000749000000|  0%| F|  |TAMS 0x0000000748f00000, 0x0000000748f00000| Untracked 
| 116|0x0000000749000000, 0x0000000749000000, 0x0000000749100000|  0%| F|  |TAMS 0x0000000749000000, 0x0000000749000000| Untracked 
| 117|0x0000000749100000, 0x0000000749180000, 0x0000000749200000| 50%| S|CS|TAMS 0x0000000749100000, 0x0000000749100000| Complete 
| 118|0x0000000749200000, 0x0000000749300000, 0x0000000749300000|100%| S|CS|TAMS 0x0000000749200000, 0x0000000749200000| Complete 
| 119|0x0000000749300000, 0x0000000749400000, 0x0000000749400000|100%| S|CS|TAMS 0x0000000749300000, 0x0000000749300000| Complete 
| 120|0x0000000749400000, 0x0000000749500000, 0x0000000749500000|100%| S|CS|TAMS 0x0000000749400000, 0x0000000749400000| Complete 
| 121|0x0000000749500000, 0x0000000749600000, 0x0000000749600000|100%| S|CS|TAMS 0x0000000749500000, 0x0000000749500000| Complete 
| 122|0x0000000749600000, 0x0000000749700000, 0x0000000749700000|100%| S|CS|TAMS 0x0000000749600000, 0x0000000749600000| Complete 
| 123|0x0000000749700000, 0x0000000749800000, 0x0000000749800000|100%| S|CS|TAMS 0x0000000749700000, 0x0000000749700000| Complete 
| 124|0x0000000749800000, 0x0000000749900000, 0x0000000749900000|100%| S|CS|TAMS 0x0000000749800000, 0x0000000749800000| Complete 
| 125|0x0000000749900000, 0x0000000749a00000, 0x0000000749a00000|100%| S|CS|TAMS 0x0000000749900000, 0x0000000749900000| Complete 
| 126|0x0000000749a00000, 0x0000000749b00000, 0x0000000749b00000|100%| S|CS|TAMS 0x0000000749a00000, 0x0000000749a00000| Complete 
| 127|0x0000000749b00000, 0x0000000749c00000, 0x0000000749c00000|100%| S|CS|TAMS 0x0000000749b00000, 0x0000000749b00000| Complete 
| 128|0x0000000749c00000, 0x0000000749d00000, 0x0000000749d00000|100%| S|CS|TAMS 0x0000000749c00000, 0x0000000749c00000| Complete 
| 129|0x0000000749d00000, 0x0000000749e00000, 0x0000000749e00000|100%| S|CS|TAMS 0x0000000749d00000, 0x0000000749d00000| Complete 
| 130|0x0000000749e00000, 0x0000000749e00000, 0x0000000749f00000|  0%| F|  |TAMS 0x0000000749e00000, 0x0000000749e00000| Untracked 
| 131|0x0000000749f00000, 0x0000000749f00000, 0x000000074a000000|  0%| F|  |TAMS 0x0000000749f00000, 0x0000000749f00000| Untracked 
| 132|0x000000074a000000, 0x000000074a000000, 0x000000074a100000|  0%| F|  |TAMS 0x000000074a000000, 0x000000074a000000| Untracked 
| 133|0x000000074a100000, 0x000000074a100000, 0x000000074a200000|  0%| F|  |TAMS 0x000000074a100000, 0x000000074a100000| Untracked 
| 134|0x000000074a200000, 0x000000074a200000, 0x000000074a300000|  0%| F|  |TAMS 0x000000074a200000, 0x000000074a200000| Untracked 
| 135|0x000000074a300000, 0x000000074a300000, 0x000000074a400000|  0%| F|  |TAMS 0x000000074a300000, 0x000000074a300000| Untracked 
| 136|0x000000074a400000, 0x000000074a400000, 0x000000074a500000|  0%| F|  |TAMS 0x000000074a400000, 0x000000074a400000| Untracked 
| 137|0x000000074a500000, 0x000000074a500000, 0x000000074a600000|  0%| F|  |TAMS 0x000000074a500000, 0x000000074a500000| Untracked 
| 138|0x000000074a600000, 0x000000074a600000, 0x000000074a700000|  0%| F|  |TAMS 0x000000074a600000, 0x000000074a600000| Untracked 
| 139|0x000000074a700000, 0x000000074a700000, 0x000000074a800000|  0%| F|  |TAMS 0x000000074a700000, 0x000000074a700000| Untracked 
| 140|0x000000074a800000, 0x000000074a800000, 0x000000074a900000|  0%| F|  |TAMS 0x000000074a800000, 0x000000074a800000| Untracked 
| 141|0x000000074a900000, 0x000000074a900000, 0x000000074aa00000|  0%| F|  |TAMS 0x000000074a900000, 0x000000074a900000| Untracked 
| 142|0x000000074aa00000, 0x000000074aa00000, 0x000000074ab00000|  0%| F|  |TAMS 0x000000074aa00000, 0x000000074aa00000| Untracked 
| 143|0x000000074ab00000, 0x000000074ab00000, 0x000000074ac00000|  0%| F|  |TAMS 0x000000074ab00000, 0x000000074ab00000| Untracked 
| 144|0x000000074ac00000, 0x000000074ac00000, 0x000000074ad00000|  0%| F|  |TAMS 0x000000074ac00000, 0x000000074ac00000| Untracked 
| 145|0x000000074ad00000, 0x000000074ad00000, 0x000000074ae00000|  0%| F|  |TAMS 0x000000074ad00000, 0x000000074ad00000| Untracked 
| 146|0x000000074ae00000, 0x000000074ae00000, 0x000000074af00000|  0%| F|  |TAMS 0x000000074ae00000, 0x000000074ae00000| Untracked 
| 147|0x000000074af00000, 0x000000074af00000, 0x000000074b000000|  0%| F|  |TAMS 0x000000074af00000, 0x000000074af00000| Untracked 
| 148|0x000000074b000000, 0x000000074b000000, 0x000000074b100000|  0%| F|  |TAMS 0x000000074b000000, 0x000000074b000000| Untracked 
| 149|0x000000074b100000, 0x000000074b100000, 0x000000074b200000|  0%| F|  |TAMS 0x000000074b100000, 0x000000074b100000| Untracked 
| 150|0x000000074b200000, 0x000000074b200000, 0x000000074b300000|  0%| F|  |TAMS 0x000000074b200000, 0x000000074b200000| Untracked 
| 151|0x000000074b300000, 0x000000074b300000, 0x000000074b400000|  0%| F|  |TAMS 0x000000074b300000, 0x000000074b300000| Untracked 
| 152|0x000000074b400000, 0x000000074b400000, 0x000000074b500000|  0%| F|  |TAMS 0x000000074b400000, 0x000000074b400000| Untracked 
| 153|0x000000074b500000, 0x000000074b500000, 0x000000074b600000|  0%| F|  |TAMS 0x000000074b500000, 0x000000074b500000| Untracked 
| 154|0x000000074b600000, 0x000000074b600000, 0x000000074b700000|  0%| F|  |TAMS 0x000000074b600000, 0x000000074b600000| Untracked 
| 155|0x000000074b700000, 0x000000074b700000, 0x000000074b800000|  0%| F|  |TAMS 0x000000074b700000, 0x000000074b700000| Untracked 
| 156|0x000000074b800000, 0x000000074b800000, 0x000000074b900000|  0%| F|  |TAMS 0x000000074b800000, 0x000000074b800000| Untracked 
| 157|0x000000074b900000, 0x000000074b900000, 0x000000074ba00000|  0%| F|  |TAMS 0x000000074b900000, 0x000000074b900000| Untracked 
| 158|0x000000074ba00000, 0x000000074ba00000, 0x000000074bb00000|  0%| F|  |TAMS 0x000000074ba00000, 0x000000074ba00000| Untracked 
| 159|0x000000074bb00000, 0x000000074bb00000, 0x000000074bc00000|  0%| F|  |TAMS 0x000000074bb00000, 0x000000074bb00000| Untracked 
| 160|0x000000074bc00000, 0x000000074bc00000, 0x000000074bd00000|  0%| F|  |TAMS 0x000000074bc00000, 0x000000074bc00000| Untracked 
| 161|0x000000074bd00000, 0x000000074bd00000, 0x000000074be00000|  0%| F|  |TAMS 0x000000074bd00000, 0x000000074bd00000| Untracked 
| 162|0x000000074be00000, 0x000000074be00000, 0x000000074bf00000|  0%| F|  |TAMS 0x000000074be00000, 0x000000074be00000| Untracked 
| 163|0x000000074bf00000, 0x000000074bf00000, 0x000000074c000000|  0%| F|  |TAMS 0x000000074bf00000, 0x000000074bf00000| Untracked 
| 164|0x000000074c000000, 0x000000074c000000, 0x000000074c100000|  0%| F|  |TAMS 0x000000074c000000, 0x000000074c000000| Untracked 
| 165|0x000000074c100000, 0x000000074c100000, 0x000000074c200000|  0%| F|  |TAMS 0x000000074c100000, 0x000000074c100000| Untracked 
| 166|0x000000074c200000, 0x000000074c200000, 0x000000074c300000|  0%| F|  |TAMS 0x000000074c200000, 0x000000074c200000| Untracked 
| 167|0x000000074c300000, 0x000000074c300000, 0x000000074c400000|  0%| F|  |TAMS 0x000000074c300000, 0x000000074c300000| Untracked 
| 168|0x000000074c400000, 0x000000074c400000, 0x000000074c500000|  0%| F|  |TAMS 0x000000074c400000, 0x000000074c400000| Untracked 
| 169|0x000000074c500000, 0x000000074c500000, 0x000000074c600000|  0%| F|  |TAMS 0x000000074c500000, 0x000000074c500000| Untracked 
| 170|0x000000074c600000, 0x000000074c600000, 0x000000074c700000|  0%| F|  |TAMS 0x000000074c600000, 0x000000074c600000| Untracked 
| 171|0x000000074c700000, 0x000000074c700000, 0x000000074c800000|  0%| F|  |TAMS 0x000000074c700000, 0x000000074c700000| Untracked 
| 172|0x000000074c800000, 0x000000074c800000, 0x000000074c900000|  0%| F|  |TAMS 0x000000074c800000, 0x000000074c800000| Untracked 
| 173|0x000000074c900000, 0x000000074c900000, 0x000000074ca00000|  0%| F|  |TAMS 0x000000074c900000, 0x000000074c900000| Untracked 
| 174|0x000000074ca00000, 0x000000074ca00000, 0x000000074cb00000|  0%| F|  |TAMS 0x000000074ca00000, 0x000000074ca00000| Untracked 
| 175|0x000000074cb00000, 0x000000074cb00000, 0x000000074cc00000|  0%| F|  |TAMS 0x000000074cb00000, 0x000000074cb00000| Untracked 
| 176|0x000000074cc00000, 0x000000074cc00000, 0x000000074cd00000|  0%| F|  |TAMS 0x000000074cc00000, 0x000000074cc00000| Untracked 
| 177|0x000000074cd00000, 0x000000074cd00000, 0x000000074ce00000|  0%| F|  |TAMS 0x000000074cd00000, 0x000000074cd00000| Untracked 
| 178|0x000000074ce00000, 0x000000074ce00000, 0x000000074cf00000|  0%| F|  |TAMS 0x000000074ce00000, 0x000000074ce00000| Untracked 
| 179|0x000000074cf00000, 0x000000074cf00000, 0x000000074d000000|  0%| F|  |TAMS 0x000000074cf00000, 0x000000074cf00000| Untracked 
| 180|0x000000074d000000, 0x000000074d000000, 0x000000074d100000|  0%| F|  |TAMS 0x000000074d000000, 0x000000074d000000| Untracked 
| 181|0x000000074d100000, 0x000000074d100000, 0x000000074d200000|  0%| F|  |TAMS 0x000000074d100000, 0x000000074d100000| Untracked 
| 182|0x000000074d200000, 0x000000074d200000, 0x000000074d300000|  0%| F|  |TAMS 0x000000074d200000, 0x000000074d200000| Untracked 
| 183|0x000000074d300000, 0x000000074d300000, 0x000000074d400000|  0%| F|  |TAMS 0x000000074d300000, 0x000000074d300000| Untracked 
| 184|0x000000074d400000, 0x000000074d400000, 0x000000074d500000|  0%| F|  |TAMS 0x000000074d400000, 0x000000074d400000| Untracked 
| 185|0x000000074d500000, 0x000000074d500000, 0x000000074d600000|  0%| F|  |TAMS 0x000000074d500000, 0x000000074d500000| Untracked 
| 186|0x000000074d600000, 0x000000074d600000, 0x000000074d700000|  0%| F|  |TAMS 0x000000074d600000, 0x000000074d600000| Untracked 
| 187|0x000000074d700000, 0x000000074d745dc0, 0x000000074d800000| 27%| E|  |TAMS 0x000000074d700000, 0x000000074d700000| Complete 
| 188|0x000000074d800000, 0x000000074d900000, 0x000000074d900000|100%| E|CS|TAMS 0x000000074d800000, 0x000000074d800000| Complete 
| 189|0x000000074d900000, 0x000000074da00000, 0x000000074da00000|100%| E|CS|TAMS 0x000000074d900000, 0x000000074d900000| Complete 
| 190|0x000000074da00000, 0x000000074db00000, 0x000000074db00000|100%| E|CS|TAMS 0x000000074da00000, 0x000000074da00000| Complete 
| 191|0x000000074db00000, 0x000000074dc00000, 0x000000074dc00000|100%| E|CS|TAMS 0x000000074db00000, 0x000000074db00000| Complete 
| 192|0x000000074dc00000, 0x000000074dd00000, 0x000000074dd00000|100%| E|CS|TAMS 0x000000074dc00000, 0x000000074dc00000| Complete 
| 193|0x000000074dd00000, 0x000000074de00000, 0x000000074de00000|100%| E|CS|TAMS 0x000000074dd00000, 0x000000074dd00000| Complete 
| 194|0x000000074de00000, 0x000000074df00000, 0x000000074df00000|100%| E|CS|TAMS 0x000000074de00000, 0x000000074de00000| Complete 
| 195|0x000000074df00000, 0x000000074e000000, 0x000000074e000000|100%| E|CS|TAMS 0x000000074df00000, 0x000000074df00000| Complete 
| 196|0x000000074e000000, 0x000000074e100000, 0x000000074e100000|100%| E|CS|TAMS 0x000000074e000000, 0x000000074e000000| Complete 
| 197|0x000000074e100000, 0x000000074e200000, 0x000000074e200000|100%| E|CS|TAMS 0x000000074e100000, 0x000000074e100000| Complete 
| 198|0x000000074e200000, 0x000000074e300000, 0x000000074e300000|100%| E|CS|TAMS 0x000000074e200000, 0x000000074e200000| Complete 
| 199|0x000000074e300000, 0x000000074e400000, 0x000000074e400000|100%| E|CS|TAMS 0x000000074e300000, 0x000000074e300000| Complete 
| 200|0x000000074e400000, 0x000000074e500000, 0x000000074e500000|100%| E|CS|TAMS 0x000000074e400000, 0x000000074e400000| Complete 
| 201|0x000000074e500000, 0x000000074e600000, 0x000000074e600000|100%| E|CS|TAMS 0x000000074e500000, 0x000000074e500000| Complete 
| 202|0x000000074e600000, 0x000000074e700000, 0x000000074e700000|100%| E|CS|TAMS 0x000000074e600000, 0x000000074e600000| Complete 
| 203|0x000000074e700000, 0x000000074e800000, 0x000000074e800000|100%| E|CS|TAMS 0x000000074e700000, 0x000000074e700000| Complete 
| 204|0x000000074e800000, 0x000000074e900000, 0x000000074e900000|100%| E|CS|TAMS 0x000000074e800000, 0x000000074e800000| Complete 
| 205|0x000000074e900000, 0x000000074ea00000, 0x000000074ea00000|100%| E|CS|TAMS 0x000000074e900000, 0x000000074e900000| Complete 
| 206|0x000000074ea00000, 0x000000074eb00000, 0x000000074eb00000|100%| E|CS|TAMS 0x000000074ea00000, 0x000000074ea00000| Complete 
| 207|0x000000074eb00000, 0x000000074ec00000, 0x000000074ec00000|100%| E|CS|TAMS 0x000000074eb00000, 0x000000074eb00000| Complete 
| 208|0x000000074ec00000, 0x000000074ed00000, 0x000000074ed00000|100%| E|CS|TAMS 0x000000074ec00000, 0x000000074ec00000| Complete 
| 209|0x000000074ed00000, 0x000000074ee00000, 0x000000074ee00000|100%| E|CS|TAMS 0x000000074ed00000, 0x000000074ed00000| Complete 
| 210|0x000000074ee00000, 0x000000074ef00000, 0x000000074ef00000|100%| E|CS|TAMS 0x000000074ee00000, 0x000000074ee00000| Complete 
| 211|0x000000074ef00000, 0x000000074f000000, 0x000000074f000000|100%| E|CS|TAMS 0x000000074ef00000, 0x000000074ef00000| Complete 
| 212|0x000000074f000000, 0x000000074f100000, 0x000000074f100000|100%| E|CS|TAMS 0x000000074f000000, 0x000000074f000000| Complete 
| 213|0x000000074f100000, 0x000000074f200000, 0x000000074f200000|100%| E|CS|TAMS 0x000000074f100000, 0x000000074f100000| Complete 
| 214|0x000000074f200000, 0x000000074f300000, 0x000000074f300000|100%| E|CS|TAMS 0x000000074f200000, 0x000000074f200000| Complete 
| 215|0x000000074f300000, 0x000000074f400000, 0x000000074f400000|100%| E|CS|TAMS 0x000000074f300000, 0x000000074f300000| Complete 
| 216|0x000000074f400000, 0x000000074f500000, 0x000000074f500000|100%| E|CS|TAMS 0x000000074f400000, 0x000000074f400000| Complete 
| 217|0x000000074f500000, 0x000000074f600000, 0x000000074f600000|100%| E|CS|TAMS 0x000000074f500000, 0x000000074f500000| Complete 
| 218|0x000000074f600000, 0x000000074f700000, 0x000000074f700000|100%| E|CS|TAMS 0x000000074f600000, 0x000000074f600000| Complete 
| 219|0x000000074f700000, 0x000000074f800000, 0x000000074f800000|100%| E|CS|TAMS 0x000000074f700000, 0x000000074f700000| Complete 
| 220|0x000000074f800000, 0x000000074f900000, 0x000000074f900000|100%| E|CS|TAMS 0x000000074f800000, 0x000000074f800000| Complete 
| 221|0x000000074f900000, 0x000000074fa00000, 0x000000074fa00000|100%| E|CS|TAMS 0x000000074f900000, 0x000000074f900000| Complete 
| 222|0x000000074fa00000, 0x000000074fb00000, 0x000000074fb00000|100%| E|CS|TAMS 0x000000074fa00000, 0x000000074fa00000| Complete 
| 223|0x000000074fb00000, 0x000000074fc00000, 0x000000074fc00000|100%| E|CS|TAMS 0x000000074fb00000, 0x000000074fb00000| Complete 
| 224|0x000000074fc00000, 0x000000074fd00000, 0x000000074fd00000|100%| E|CS|TAMS 0x000000074fc00000, 0x000000074fc00000| Complete 
| 225|0x000000074fd00000, 0x000000074fe00000, 0x000000074fe00000|100%| E|CS|TAMS 0x000000074fd00000, 0x000000074fd00000| Complete 
| 226|0x000000074fe00000, 0x000000074ff00000, 0x000000074ff00000|100%| E|CS|TAMS 0x000000074fe00000, 0x000000074fe00000| Complete 
| 227|0x000000074ff00000, 0x0000000750000000, 0x0000000750000000|100%| E|CS|TAMS 0x000000074ff00000, 0x000000074ff00000| Complete 
| 228|0x0000000750000000, 0x0000000750100000, 0x0000000750100000|100%| E|CS|TAMS 0x0000000750000000, 0x0000000750000000| Complete 
| 229|0x0000000750100000, 0x0000000750200000, 0x0000000750200000|100%| E|CS|TAMS 0x0000000750100000, 0x0000000750100000| Complete 
| 230|0x0000000750200000, 0x0000000750300000, 0x0000000750300000|100%| E|CS|TAMS 0x0000000750200000, 0x0000000750200000| Complete 
| 231|0x0000000750300000, 0x0000000750400000, 0x0000000750400000|100%| E|CS|TAMS 0x0000000750300000, 0x0000000750300000| Complete 
| 232|0x0000000750400000, 0x0000000750500000, 0x0000000750500000|100%| E|CS|TAMS 0x0000000750400000, 0x0000000750400000| Complete 
| 233|0x0000000750500000, 0x0000000750600000, 0x0000000750600000|100%| E|CS|TAMS 0x0000000750500000, 0x0000000750500000| Complete 
| 234|0x0000000750600000, 0x0000000750700000, 0x0000000750700000|100%| E|CS|TAMS 0x0000000750600000, 0x0000000750600000| Complete 
| 235|0x0000000750700000, 0x0000000750800000, 0x0000000750800000|100%| E|CS|TAMS 0x0000000750700000, 0x0000000750700000| Complete 
| 236|0x0000000750800000, 0x0000000750900000, 0x0000000750900000|100%| E|CS|TAMS 0x0000000750800000, 0x0000000750800000| Complete 
| 237|0x0000000750900000, 0x0000000750a00000, 0x0000000750a00000|100%| E|CS|TAMS 0x0000000750900000, 0x0000000750900000| Complete 
| 238|0x0000000750a00000, 0x0000000750b00000, 0x0000000750b00000|100%| E|CS|TAMS 0x0000000750a00000, 0x0000000750a00000| Complete 
| 239|0x0000000750b00000, 0x0000000750c00000, 0x0000000750c00000|100%| E|CS|TAMS 0x0000000750b00000, 0x0000000750b00000| Complete 
| 240|0x0000000750c00000, 0x0000000750d00000, 0x0000000750d00000|100%| E|CS|TAMS 0x0000000750c00000, 0x0000000750c00000| Complete 
| 241|0x0000000750d00000, 0x0000000750e00000, 0x0000000750e00000|100%| E|CS|TAMS 0x0000000750d00000, 0x0000000750d00000| Complete 
| 242|0x0000000750e00000, 0x0000000750f00000, 0x0000000750f00000|100%| E|CS|TAMS 0x0000000750e00000, 0x0000000750e00000| Complete 
| 243|0x0000000750f00000, 0x0000000751000000, 0x0000000751000000|100%| E|CS|TAMS 0x0000000750f00000, 0x0000000750f00000| Complete 
| 244|0x0000000751000000, 0x0000000751100000, 0x0000000751100000|100%| E|CS|TAMS 0x0000000751000000, 0x0000000751000000| Complete 
| 245|0x0000000751100000, 0x0000000751200000, 0x0000000751200000|100%| E|CS|TAMS 0x0000000751100000, 0x0000000751100000| Complete 
| 246|0x0000000751200000, 0x0000000751300000, 0x0000000751300000|100%| E|CS|TAMS 0x0000000751200000, 0x0000000751200000| Complete 
| 247|0x0000000751300000, 0x0000000751400000, 0x0000000751400000|100%| E|CS|TAMS 0x0000000751300000, 0x0000000751300000| Complete 
| 248|0x0000000751400000, 0x0000000751500000, 0x0000000751500000|100%| E|CS|TAMS 0x0000000751400000, 0x0000000751400000| Complete 
| 249|0x0000000751500000, 0x0000000751600000, 0x0000000751600000|100%| E|CS|TAMS 0x0000000751500000, 0x0000000751500000| Complete 
| 250|0x0000000751600000, 0x0000000751700000, 0x0000000751700000|100%| E|CS|TAMS 0x0000000751600000, 0x0000000751600000| Complete 
| 251|0x0000000751700000, 0x0000000751800000, 0x0000000751800000|100%| E|CS|TAMS 0x0000000751700000, 0x0000000751700000| Complete 
| 252|0x0000000751800000, 0x0000000751900000, 0x0000000751900000|100%| E|CS|TAMS 0x0000000751800000, 0x0000000751800000| Complete 
| 253|0x0000000751900000, 0x0000000751a00000, 0x0000000751a00000|100%| E|CS|TAMS 0x0000000751900000, 0x0000000751900000| Complete 
| 254|0x0000000751a00000, 0x0000000751b00000, 0x0000000751b00000|100%| E|CS|TAMS 0x0000000751a00000, 0x0000000751a00000| Complete 
| 255|0x0000000751b00000, 0x0000000751c00000, 0x0000000751c00000|100%| E|CS|TAMS 0x0000000751b00000, 0x0000000751b00000| Complete 
| 256|0x0000000751c00000, 0x0000000751d00000, 0x0000000751d00000|100%| E|CS|TAMS 0x0000000751c00000, 0x0000000751c00000| Complete 
| 257|0x0000000751d00000, 0x0000000751e00000, 0x0000000751e00000|100%| E|CS|TAMS 0x0000000751d00000, 0x0000000751d00000| Complete 
| 258|0x0000000751e00000, 0x0000000751f00000, 0x0000000751f00000|100%| E|CS|TAMS 0x0000000751e00000, 0x0000000751e00000| Complete 
| 259|0x0000000751f00000, 0x0000000752000000, 0x0000000752000000|100%| E|CS|TAMS 0x0000000751f00000, 0x0000000751f00000| Complete 
| 260|0x0000000752000000, 0x0000000752100000, 0x0000000752100000|100%| E|CS|TAMS 0x0000000752000000, 0x0000000752000000| Complete 
| 261|0x0000000752100000, 0x0000000752200000, 0x0000000752200000|100%| E|CS|TAMS 0x0000000752100000, 0x0000000752100000| Complete 
| 262|0x0000000752200000, 0x0000000752300000, 0x0000000752300000|100%| E|CS|TAMS 0x0000000752200000, 0x0000000752200000| Complete 
| 263|0x0000000752300000, 0x0000000752400000, 0x0000000752400000|100%| E|CS|TAMS 0x0000000752300000, 0x0000000752300000| Complete 
| 264|0x0000000752400000, 0x0000000752500000, 0x0000000752500000|100%| E|CS|TAMS 0x0000000752400000, 0x0000000752400000| Complete 
| 265|0x0000000752500000, 0x0000000752600000, 0x0000000752600000|100%| E|CS|TAMS 0x0000000752500000, 0x0000000752500000| Complete 
| 266|0x0000000752600000, 0x0000000752700000, 0x0000000752700000|100%| E|CS|TAMS 0x0000000752600000, 0x0000000752600000| Complete 
| 267|0x0000000752700000, 0x0000000752800000, 0x0000000752800000|100%| E|CS|TAMS 0x0000000752700000, 0x0000000752700000| Complete 
| 268|0x0000000752800000, 0x0000000752900000, 0x0000000752900000|100%| E|CS|TAMS 0x0000000752800000, 0x0000000752800000| Complete 
| 269|0x0000000752900000, 0x0000000752a00000, 0x0000000752a00000|100%| E|CS|TAMS 0x0000000752900000, 0x0000000752900000| Complete 
| 270|0x0000000752a00000, 0x0000000752b00000, 0x0000000752b00000|100%| E|CS|TAMS 0x0000000752a00000, 0x0000000752a00000| Complete 
| 271|0x0000000752b00000, 0x0000000752c00000, 0x0000000752c00000|100%| E|CS|TAMS 0x0000000752b00000, 0x0000000752b00000| Complete 
| 272|0x0000000752c00000, 0x0000000752d00000, 0x0000000752d00000|100%| E|CS|TAMS 0x0000000752c00000, 0x0000000752c00000| Complete 
| 273|0x0000000752d00000, 0x0000000752e00000, 0x0000000752e00000|100%| E|CS|TAMS 0x0000000752d00000, 0x0000000752d00000| Complete 
| 274|0x0000000752e00000, 0x0000000752f00000, 0x0000000752f00000|100%| E|CS|TAMS 0x0000000752e00000, 0x0000000752e00000| Complete 
| 275|0x0000000752f00000, 0x0000000753000000, 0x0000000753000000|100%| E|CS|TAMS 0x0000000752f00000, 0x0000000752f00000| Complete 
| 276|0x0000000753000000, 0x0000000753100000, 0x0000000753100000|100%| E|CS|TAMS 0x0000000753000000, 0x0000000753000000| Complete 
| 277|0x0000000753100000, 0x0000000753200000, 0x0000000753200000|100%| E|CS|TAMS 0x0000000753100000, 0x0000000753100000| Complete 

Card table byte_map: [0x000001daa88d0000,0x000001daa8ed0000] _byte_map_base: 0x000001daa4ec2000

Marking Bits (Prev, Next): (CMBitMap*) 0x000001da90ebdc00, (CMBitMap*) 0x000001da90ebdbc8
 Prev Bits: [0x000001daac460000, 0x000001daaf3f0000)
 Next Bits: [0x000001daa94d0000, 0x000001daac460000)

Polling page: 0x000001da90630000

Metaspace:

Usage:
  Non-class:     63.92 MB capacity,    62.89 MB ( 98%) used,   835.56 KB (  1%) free+waste,   225.25 KB ( <1%) overhead. 
      Class:      9.68 MB capacity,     9.00 MB ( 93%) used,   590.45 KB (  6%) free+waste,   102.44 KB (  1%) overhead. 
       Both:     73.60 MB capacity,    71.89 MB ( 98%) used,     1.39 MB (  2%) free+waste,   327.69 KB ( <1%) overhead. 

Virtual space:
  Non-class space:       64.00 MB reserved,      64.00 MB (100%) committed 
      Class space:        1.00 GB reserved,       9.75 MB ( <1%) committed 
             Both:        1.06 GB reserved,      73.75 MB (  7%) committed 

Chunk freelists:
   Non-Class:  1.75 KB
       Class:  1.00 KB
        Both:  2.75 KB

CodeHeap 'non-profiled nmethods': size=120064Kb used=4005Kb max_used=4005Kb free=116058Kb
 bounds [0x000001daa0d90000, 0x000001daa1180000, 0x000001daa82d0000]
CodeHeap 'profiled nmethods': size=120000Kb used=13479Kb max_used=13479Kb free=106521Kb
 bounds [0x000001da99860000, 0x000001da9a5a0000, 0x000001daa0d90000]
CodeHeap 'non-nmethods': size=5696Kb used=1260Kb max_used=1314Kb free=4435Kb
 bounds [0x000001da992d0000, 0x000001da99540000, 0x000001da99860000]
 total_blobs=7219 nmethods=6593 adapters=536
 compilation: enabled
              stopped_count=0, restarted_count=0
 full_count=0

Compilation events (10 events):
Event: 717.309 Thread 0x000001dab216b800 nmethod 7299 0x000001da9a591a10 code [0x000001da9a591ba0, 0x000001da9a591cf8]
Event: 717.309 Thread 0x000001dab216b800 7297       3       java.nio.charset.CharsetEncoder::encode (136 bytes)
Event: 717.310 Thread 0x000001dab216b800 nmethod 7297 0x000001da9a591d90 code [0x000001da9a592080, 0x000001da9a593300]
Event: 717.310 Thread 0x000001dab216b800 7301   !   3       sun.nio.ch.SocketChannelImpl::write (173 bytes)
Event: 717.312 Thread 0x000001dab216b800 nmethod 7301 0x000001da9a593990 code [0x000001da9a593cc0, 0x000001da9a595000]
Event: 717.312 Thread 0x000001dab216b800 7302       3       javax.servlet.ServletRequestWrapper::removeAttribute (11 bytes)
Event: 717.312 Thread 0x000001dab216b800 nmethod 7302 0x000001da9a595810 code [0x000001da9a5959c0, 0x000001da9a595bf0]
Event: 717.312 Thread 0x000001dab216b800 7283       1       org.apache.coyote.AbstractProcessor::getErrorState (5 bytes)
Event: 717.312 Thread 0x000001dab216b800 nmethod 7283 0x000001daa1179490 code [0x000001daa1179620, 0x000001daa1179738]
Event: 717.313 Thread 0x000001dab216b800 7303   !   3       org.springframework.orm.jpa.AbstractEntityManagerFactoryBean$ManagedEntityManagerFactoryInvocationHandler::invoke (110 bytes)

GC Heap History (10 events):
Event: 4.198 GC heap before
{Heap before GC invocations=7 (full 0):
 garbage-first heap   total 236544K, used 59156K [0x0000000741c00000, 0x0000000800000000)
  region size 1024K, 53 young (54272K), 6 survivors (6144K)
 Metaspace       used 34775K, capacity 35572K, committed 35628K, reserved 1081344K
  class space    used 4133K, capacity 4478K, committed 4480K, reserved 1048576K
}
Event: 4.211 GC heap after
{Heap after GC invocations=8 (full 0):
 garbage-first heap   total 236544K, used 14742K [0x0000000741c00000, 0x0000000800000000)
  region size 1024K, 9 young (9216K), 9 survivors (9216K)
 Metaspace       used 34775K, capacity 35572K, committed 35628K, reserved 1081344K
  class space    used 4133K, capacity 4478K, committed 4480K, reserved 1048576K
}
Event: 5.863 GC heap before
{Heap before GC invocations=9 (full 0):
 garbage-first heap   total 236544K, used 138646K [0x0000000741c00000, 0x0000000800000000)
  region size 1024K, 131 young (134144K), 9 survivors (9216K)
 Metaspace       used 39507K, capacity 40601K, committed 40832K, reserved 1085440K
  class space    used 4723K, capacity 5151K, committed 5248K, reserved 1048576K
}
Event: 5.877 GC heap after
{Heap after GC invocations=10 (full 0):
 garbage-first heap   total 236544K, used 17265K [0x0000000741c00000, 0x0000000800000000)
  region size 1024K, 11 young (11264K), 11 survivors (11264K)
 Metaspace       used 39507K, capacity 40601K, committed 40832K, reserved 1085440K
  class space    used 4723K, capacity 5151K, committed 5248K, reserved 1048576K
}
Event: 8.480 GC heap before
{Heap before GC invocations=10 (full 0):
 garbage-first heap   total 236544K, used 147313K [0x0000000741c00000, 0x0000000800000000)
  region size 1024K, 138 young (141312K), 11 survivors (11264K)
 Metaspace       used 56322K, capacity 57639K, committed 57728K, reserved 1099776K
  class space    used 6992K, capacity 7520K, committed 7552K, reserved 1048576K
}
Event: 8.498 GC heap after
{Heap after GC invocations=11 (full 0):
 garbage-first heap   total 236544K, used 23686K [0x0000000741c00000, 0x0000000800000000)
  region size 1024K, 15 young (15360K), 15 survivors (15360K)
 Metaspace       used 56322K, capacity 57639K, committed 57728K, reserved 1099776K
  class space    used 6992K, capacity 7520K, committed 7552K, reserved 1048576K
}
Event: 8.873 GC heap before
{Heap before GC invocations=11 (full 0):
 garbage-first heap   total 236544K, used 45190K [0x0000000741c00000, 0x0000000800000000)
  region size 1024K, 37 young (37888K), 15 survivors (15360K)
 Metaspace       used 58502K, capacity 59876K, committed 59936K, reserved 1101824K
  class space    used 7249K, capacity 7789K, committed 7808K, reserved 1048576K
}
Event: 8.894 GC heap after
{Heap after GC invocations=12 (full 0):
 garbage-first heap   total 284672K, used 25297K [0x0000000741c00000, 0x0000000800000000)
  region size 1024K, 11 young (11264K), 11 survivors (11264K)
 Metaspace       used 58502K, capacity 59876K, committed 59936K, reserved 1101824K
  class space    used 7249K, capacity 7789K, committed 7808K, reserved 1048576K
}
Event: 130.372 GC heap before
{Heap before GC invocations=13 (full 0):
 garbage-first heap   total 284672K, used 165585K [0x0000000741c00000, 0x0000000800000000)
  region size 1024K, 148 young (151552K), 11 survivors (11264K)
 Metaspace       used 69438K, capacity 71193K, committed 71424K, reserved 1112064K
  class space    used 8725K, capacity 9416K, committed 9472K, reserved 1048576K
}
Event: 130.392 GC heap after
{Heap after GC invocations=14 (full 0):
 garbage-first heap   total 284672K, used 29633K [0x0000000741c00000, 0x0000000800000000)
  region size 1024K, 13 young (13312K), 13 survivors (13312K)
 Metaspace       used 69438K, capacity 71193K, committed 71424K, reserved 1112064K
  class space    used 8725K, capacity 9416K, committed 9472K, reserved 1048576K
}

Deoptimization events (10 events):
Event: 457.040 Thread 0x000001dab386a000 Uncommon trap: reason=profile_predicate action=maybe_recompile pc=0x000001daa11082a4 method=java.util.TreeMap.put(Ljava/lang/Object;Ljava/lang/Object;)Ljava/lang/Object; @ 55 c2
Event: 716.040 Thread 0x000001dab561e000 Uncommon trap: reason=unstable_if action=reinterpret pc=0x000001daa10b1204 method=java.lang.Class.getComponentType()Ljava/lang/Class; @ 4 c2
Event: 716.734 Thread 0x000001dab561e000 Uncommon trap: reason=unstable_if action=reinterpret pc=0x000001daa10b3d24 method=jdk.internal.reflect.Reflection.verifyMemberAccess(Ljava/lang/Class;Ljava/lang/Class;Ljava/lang/Class;I)Z @ 57 c2
Event: 716.918 Thread 0x000001dab561e000 Uncommon trap: reason=unstable_if action=reinterpret pc=0x000001daa114fe60 method=org.unbescape.html.HtmlEscapeSymbols.<init>(Lorg/unbescape/html/HtmlEscapeSymbols$References;[B)V @ 337 c2
Event: 716.920 Thread 0x000001dab561e000 Uncommon trap: reason=loop_limit_check action=maybe_recompile pc=0x000001daa114e5bc method=org.attoparser.util.TextUtil.compareTo(Z[CII[CII)I @ 65 c2
Event: 717.042 Thread 0x000001dab561f800 Uncommon trap: reason=bimorphic_or_optimized_type_check action=maybe_recompile pc=0x000001daa116a134 method=javax.servlet.ServletResponseWrapper.getBufferSize()I @ 4 c2
Event: 717.042 Thread 0x000001dab561f800 Uncommon trap: reason=bimorphic_or_optimized_type_check action=maybe_recompile pc=0x000001daa116a128 method=javax.servlet.ServletResponseWrapper.getBufferSize()I @ 4 c2
Event: 717.052 Thread 0x000001dab5621800 Uncommon trap: reason=bimorphic_or_optimized_type_check action=maybe_recompile pc=0x000001daa116a134 method=javax.servlet.ServletResponseWrapper.getBufferSize()I @ 4 c2
Event: 717.052 Thread 0x000001dab5621800 Uncommon trap: reason=bimorphic_or_optimized_type_check action=maybe_recompile pc=0x000001daa116a128 method=javax.servlet.ServletResponseWrapper.getBufferSize()I @ 4 c2
Event: 717.059 Thread 0x000001dab561f800 Uncommon trap: reason=unstable_if action=reinterpret pc=0x000001daa0e9c7f8 method=java.util.Objects.equals(Ljava/lang/Object;Ljava/lang/Object;)Z @ 6 c2

Classes redefined (0 events):
No events

Internal exceptions (10 events):
Event: 10.948 Thread 0x000001dab2fc9000 Exception <a 'java/lang/reflect/InvocationTargetException'{0x000000074bb86b88}> (0x000000074bb86b88) thrown at [./open/src/hotspot/share/runtime/reflection.cpp, line 1242]
Event: 10.966 Thread 0x000001dab2fc9000 Exception <a 'java/lang/ClassNotFoundException'{0x000000074ba64be0}: java/lang/ObjectCustomizer> (0x000000074ba64be0) thrown at [./open/src/hotspot/share/classfile/systemDictionary.cpp, line 228]
Event: 10.967 Thread 0x000001dab2fc9000 Exception <a 'java/lang/ClassNotFoundException'{0x000000074ba777e8}: com/lazuardifachri/bps/lekdarjo/model/StatisticalNewsCustomizer> (0x000000074ba777e8) thrown at [./open/src/hotspot/share/classfile/systemDictionary.cpp, line 228]
Event: 11.023 Thread 0x000001dab2fc9000 Exception <a 'java/lang/reflect/InvocationTargetException'{0x000000074b575c98}> (0x000000074b575c98) thrown at [./open/src/hotspot/share/runtime/reflection.cpp, line 1242]
Event: 11.055 Thread 0x000001dab2fc9000 Exception <a 'java/lang/ClassNotFoundException'{0x000000074b4c5bc8}: java/lang/ObjectCustomizer> (0x000000074b4c5bc8) thrown at [./open/src/hotspot/share/classfile/systemDictionary.cpp, line 228]
Event: 11.056 Thread 0x000001dab2fc9000 Exception <a 'java/lang/ClassNotFoundException'{0x000000074b4d83f0}: com/lazuardifachri/bps/lekdarjo/model/InfographicCustomizer> (0x000000074b4d83f0) thrown at [./open/src/hotspot/share/classfile/systemDictionary.cpp, line 228]
Event: 11.088 Thread 0x000001dab2fc9000 Exception <a 'java/lang/reflect/InvocationTargetException'{0x000000074b0ce238}> (0x000000074b0ce238) thrown at [./open/src/hotspot/share/runtime/reflection.cpp, line 1242]
Event: 716.005 Thread 0x000001dab561e000 Exception <a 'java/lang/NoSuchMethodError'{0x000000074ef467c8}: java.lang.invoke.DirectMethodHandle$Holder.invokeStaticInit(Ljava/lang/Object;Ljava/lang/Object;Ljava/lang/Object;)V> (0x000000074ef467c8) thrown at [./open/src/hotspot/share/interpreter/link
Event: 717.310 Thread 0x000001daba258000 Exception <a 'java/io/IOException'{0x000000074d8f0a70}> (0x000000074d8f0a70) thrown at [./open/src/hotspot/share/prims/jni.cpp, line 611]
Event: 717.313 Thread 0x000001daba258000 Exception <a 'java/io/IOException'{0x000000074d7099a0}> (0x000000074d7099a0) thrown at [./open/src/hotspot/share/prims/jni.cpp, line 611]

Events (10 events):
Event: 717.162 Executing VM operation: RevokeBias
Event: 717.162 Executing VM operation: RevokeBias done
Event: 717.162 Executing VM operation: RevokeBias
Event: 717.162 Executing VM operation: RevokeBias done
Event: 717.311 loading class org/springframework/web/servlet/ModelAndViewDefiningException
Event: 717.311 loading class org/springframework/web/servlet/ModelAndViewDefiningException done
Event: 717.311 loading class org/springframework/web/server/ResponseStatusException
Event: 717.311 loading class org/springframework/web/server/ResponseStatusException done
Event: 717.312 loading class org/springframework/web/context/request/async/AsyncRequestTimeoutException
Event: 717.312 loading class org/springframework/web/context/request/async/AsyncRequestTimeoutException done


Dynamic libraries:
0x00007ff7fc480000 - 0x00007ff7fc48f000 	C:\Program Files\Java\jdk-11.0.9\bin\java.exe
0x00007ffe84860000 - 0x00007ffe84a50000 	C:\Windows\SYSTEM32\ntdll.dll
0x00007ffe843d0000 - 0x00007ffe84482000 	C:\Windows\System32\KERNEL32.DLL
0x00007ffe82480000 - 0x00007ffe82725000 	C:\Windows\System32\KERNELBASE.dll
0x00007ffe82730000 - 0x00007ffe8282a000 	C:\Windows\System32\ucrtbase.dll
0x00007ffe7bf10000 - 0x00007ffe7bf28000 	C:\Program Files\Java\jdk-11.0.9\bin\jli.dll
0x00007ffe84670000 - 0x00007ffe84713000 	C:\Windows\System32\ADVAPI32.dll
0x00007ffe84590000 - 0x00007ffe8462e000 	C:\Windows\System32\msvcrt.dll
0x00007ffe84780000 - 0x00007ffe84817000 	C:\Windows\System32\sechost.dll
0x00007ffe82990000 - 0x00007ffe82aaf000 	C:\Windows\System32\RPCRT4.dll
0x00007ffe84080000 - 0x00007ffe84214000 	C:\Windows\System32\USER32.dll
0x00007ffe828e0000 - 0x00007ffe82901000 	C:\Windows\System32\win32u.dll
0x00007ffe84630000 - 0x00007ffe84656000 	C:\Windows\System32\GDI32.dll
0x00007ffe82140000 - 0x00007ffe822d8000 	C:\Windows\System32\gdi32full.dll
0x00007ffe822e0000 - 0x00007ffe8237e000 	C:\Windows\System32\msvcp_win.dll
0x00007ffe72dd0000 - 0x00007ffe73054000 	C:\Windows\WinSxS\amd64_microsoft.windows.common-controls_6595b64144ccf1df_6.0.18362.1316_none_9e7a364fe461dbd7\COMCTL32.dll
0x00007ffe83c00000 - 0x00007ffe83f37000 	C:\Windows\System32\combase.dll
0x00007ffe820b0000 - 0x00007ffe82131000 	C:\Windows\System32\bcryptPrimitives.dll
0x00007ffe7b260000 - 0x00007ffe7b26a000 	C:\Windows\SYSTEM32\VERSION.dll
0x00007ffe7b9c0000 - 0x00007ffe7b9d5000 	C:\Program Files\Java\jdk-11.0.9\bin\VCRUNTIME140.dll
0x00007ffe83130000 - 0x00007ffe8315e000 	C:\Windows\System32\IMM32.DLL
0x00007ffe4f800000 - 0x00007ffe4f89b000 	C:\Program Files\Java\jdk-11.0.9\bin\msvcp140.dll
0x00007ffe4ed00000 - 0x00007ffe4f7f7000 	C:\Program Files\Java\jdk-11.0.9\bin\server\jvm.dll
0x00007ffe84660000 - 0x00007ffe84668000 	C:\Windows\System32\PSAPI.DLL
0x00007ffe80150000 - 0x00007ffe80159000 	C:\Windows\SYSTEM32\WSOCK32.dll
0x00007ffe7f310000 - 0x00007ffe7f334000 	C:\Windows\SYSTEM32\WINMM.dll
0x00007ffe83180000 - 0x00007ffe831ef000 	C:\Windows\System32\WS2_32.dll
0x00007ffe7f2c0000 - 0x00007ffe7f2ed000 	C:\Windows\SYSTEM32\winmmbase.dll
0x00007ffe82830000 - 0x00007ffe8287a000 	C:\Windows\System32\cfgmgr32.dll
0x00007ffe81720000 - 0x00007ffe81731000 	C:\Windows\System32\kernel.appcore.dll
0x00007ffe7de40000 - 0x00007ffe7de50000 	C:\Program Files\Java\jdk-11.0.9\bin\verify.dll
0x00007ffe7ff50000 - 0x00007ffe80144000 	C:\Windows\SYSTEM32\DBGHELP.DLL
0x00007ffe6fd30000 - 0x00007ffe6fd5a000 	C:\Windows\SYSTEM32\dbgcore.DLL
0x00007ffe78e40000 - 0x00007ffe78e68000 	C:\Program Files\Java\jdk-11.0.9\bin\java.dll
0x00007ffe7bf00000 - 0x00007ffe7bf0a000 	C:\Program Files\Java\jdk-11.0.9\bin\jimage.dll
0x00007ffe78f10000 - 0x00007ffe78f26000 	C:\Program Files\Java\jdk-11.0.9\bin\zip.dll
0x00007ffe832a0000 - 0x00007ffe83988000 	C:\Windows\System32\SHELL32.dll
0x00007ffe83b50000 - 0x00007ffe83bf7000 	C:\Windows\System32\shcore.dll
0x00007ffe817e0000 - 0x00007ffe81f5b000 	C:\Windows\System32\windows.storage.dll
0x00007ffe81760000 - 0x00007ffe81783000 	C:\Windows\System32\profapi.dll
0x00007ffe81790000 - 0x00007ffe817da000 	C:\Windows\System32\powrprof.dll
0x00007ffe81710000 - 0x00007ffe81720000 	C:\Windows\System32\UMPDC.dll
0x00007ffe84720000 - 0x00007ffe84772000 	C:\Windows\System32\shlwapi.dll
0x00007ffe823b0000 - 0x00007ffe823c7000 	C:\Windows\System32\cryptsp.dll
0x00007ffe78e20000 - 0x00007ffe78e39000 	C:\Program Files\Java\jdk-11.0.9\bin\net.dll
0x00007ffe743b0000 - 0x00007ffe744a0000 	C:\Windows\SYSTEM32\WINHTTP.dll
0x00007ffe80f50000 - 0x00007ffe80fb7000 	C:\Windows\system32\mswsock.dll
0x00007ffe72500000 - 0x00007ffe72512000 	C:\Program Files\Java\jdk-11.0.9\bin\nio.dll
0x00007ffe7bf60000 - 0x00007ffe7bf69000 	C:\Program Files\Java\jdk-11.0.9\bin\management.dll
0x00007ffe7bf50000 - 0x00007ffe7bf5b000 	C:\Program Files\Java\jdk-11.0.9\bin\management_ext.dll
0x00007ffe7ba10000 - 0x00007ffe7ba26000 	C:\Windows\system32\napinsp.dll
0x00007ffe7b8c0000 - 0x00007ffe7b8da000 	C:\Windows\system32\pnrpnsp.dll
0x00007ffe80c80000 - 0x00007ffe80d4b000 	C:\Windows\SYSTEM32\DNSAPI.dll
0x00007ffe844f0000 - 0x00007ffe844f8000 	C:\Windows\System32\NSI.dll
0x00007ffe80c40000 - 0x00007ffe80c7a000 	C:\Windows\SYSTEM32\IPHLPAPI.DLL
0x00007ffe7f3a0000 - 0x00007ffe7f3ae000 	C:\Windows\System32\winrnr.dll
0x00007ffe7dab0000 - 0x00007ffe7dacc000 	C:\Windows\system32\NLAapi.dll
0x00007ffe5aea0000 - 0x00007ffe5aeb5000 	C:\Windows\system32\wshbth.dll
0x00007ffe73d60000 - 0x00007ffe73d6a000 	C:\Windows\System32\rasadhlp.dll
0x00007ffe74c70000 - 0x00007ffe74ce7000 	C:\Windows\System32\fwpuclnt.dll
0x00007ffe82380000 - 0x00007ffe823a6000 	C:\Windows\System32\bcrypt.dll
0x00007ffe80aa0000 - 0x00007ffe80ad3000 	C:\Windows\system32\rsaenh.dll
0x00007ffe81630000 - 0x00007ffe81655000 	C:\Windows\SYSTEM32\USERENV.dll
0x00007ffe81120000 - 0x00007ffe8112c000 	C:\Windows\SYSTEM32\CRYPTBASE.dll
0x00007ffe75080000 - 0x00007ffe75096000 	C:\Windows\SYSTEM32\dhcpcsvc6.DLL
0x00007ffe75060000 - 0x00007ffe7507c000 	C:\Windows\SYSTEM32\dhcpcsvc.DLL

dbghelp: loaded successfully - version: 4.0.5 - missing functions: none
symbol engine: initialized successfully - sym options: 0x614 - pdb path: .;C:\Program Files\Java\jdk-11.0.9\bin;C:\Windows\SYSTEM32;C:\Windows\WinSxS\amd64_microsoft.windows.common-controls_6595b64144ccf1df_6.0.18362.1316_none_9e7a364fe461dbd7;C:\Program Files\Java\jdk-11.0.9\bin\server

VM Arguments:
jvm_args: -Dfile.encoding=UTF-8 
java_command: com.lazuardifachri.bps.lekdarjo.LekdarjoApplication
java_class_path (initial): C:\Users\izzud\Projects\Java\lekdarjo\target\classes;C:\Users\izzud\.m2\repository\org\springframework\boot\spring-boot-starter\2.3.5.RELEASE\spring-boot-starter-2.3.5.RELEASE.jar;C:\Users\izzud\.m2\repository\org\springframework\boot\spring-boot-starter-logging\2.3.5.RELEASE\spring-boot-starter-logging-2.3.5.RELEASE.jar;C:\Users\izzud\.m2\repository\ch\qos\logback\logback-classic\1.2.3\logback-classic-1.2.3.jar;C:\Users\izzud\.m2\repository\ch\qos\logback\logback-core\1.2.3\logback-core-1.2.3.jar;C:\Users\izzud\.m2\repository\org\apache\logging\log4j\log4j-to-slf4j\2.13.3\log4j-to-slf4j-2.13.3.jar;C:\Users\izzud\.m2\repository\org\apache\logging\log4j\log4j-api\2.13.3\log4j-api-2.13.3.jar;C:\Users\izzud\.m2\repository\org\slf4j\jul-to-slf4j\1.7.30\jul-to-slf4j-1.7.30.jar;C:\Users\izzud\.m2\repository\jakarta\annotation\jakarta.annotation-api\1.3.5\jakarta.annotation-api-1.3.5.jar;C:\Users\izzud\.m2\repository\org\yaml\snakeyaml\1.26\snakeyaml-1.26.jar;C:\Users\izzud\.m2\repository\org\slf4j\slf4j-api\1.7.30\slf4j-api-1.7.30.jar;C:\Users\izzud\.m2\repository\jakarta\xml\bind\jakarta.xml.bind-api\2.3.3\jakarta.xml.bind-api-2.3.3.jar;C:\Users\izzud\.m2\repository\jakarta\activation\jakarta.activation-api\1.2.2\jakarta.activation-api-1.2.2.jar;C:\Users\izzud\.m2\repository\net\bytebuddy\byte-buddy\1.10.17\byte-buddy-1.10.17.jar;C:\Users\izzud\.m2\repository\org\springframework\spring-core\5.2.10.RELEASE\spring-core-5.2.10.RELEASE.jar;C:\Users\izzud\.m2\repository\org\springframework\spring-jcl\5.2.10.RELEASE\spring-jcl-5.2.10.RELEASE.jar;C:\Users\izzud\.m2\repository\commons-io\commons-io\2.8.0\commons-io-2.8.0.jar;C:\Users\izzud\.m2\repository\org\apache\pdfbox\pdfbox\2.0.21\pdfbox-2.0.21.jar;C:\Users\izzud\.m2\repository\org\apache\pdfbox\fontbox\2.0.21\fontbox-2.0.21.jar;C:\Users\izzud\.m2\repository\commons-logging\commons-logging\1.2\commons-logging-1.2.jar;C:\Users\izzud\.m2\repository\org\hibernate\validator\hibernate-validator\6.1.6
Launcher Type: SUN_STANDARD

[Global flags]
     intx CICompilerCount                          = 3                                         {product} {ergonomic}
     uint ConcGCThreads                            = 1                                         {product} {ergonomic}
     uint G1ConcRefinementThreads                  = 4                                         {product} {ergonomic}
   size_t G1HeapRegionSize                         = 1048576                                   {product} {ergonomic}
    uintx GCDrainStackTargetSize                   = 64                                        {product} {ergonomic}
   size_t InitialHeapSize                          = 201326592                                 {product} {ergonomic}
   size_t MarkStackSize                            = 4194304                                   {product} {ergonomic}
   size_t MaxHeapSize                              = 3191865344                                {product} {ergonomic}
   size_t MaxNewSize                               = 1914699776                                {product} {ergonomic}
   size_t MinHeapDeltaBytes                        = 1048576                                   {product} {ergonomic}
    uintx NonNMethodCodeHeapSize                   = 5830732                                {pd product} {ergonomic}
    uintx NonProfiledCodeHeapSize                  = 122913754                              {pd product} {ergonomic}
    uintx ProfiledCodeHeapSize                     = 122913754                              {pd product} {ergonomic}
    uintx ReservedCodeCacheSize                    = 251658240                              {pd product} {ergonomic}
     bool SegmentedCodeCache                       = true                                      {product} {ergonomic}
     bool UseCompressedClassPointers               = true                                 {lp64_product} {ergonomic}
     bool UseCompressedOops                        = true                                 {lp64_product} {ergonomic}
     bool UseG1GC                                  = true                                      {product} {ergonomic}
     bool UseLargePagesIndividualAllocation        = false                                  {pd product} {ergonomic}

Logging:
Log output configuration:
 #0: stdout all=warning uptime,level,tags
 #1: stderr all=off uptime,level,tags

Environment Variables:
PATH=C:\Users\izzud\Anaconda3\condabin;C:\Program Files\Common Files\Oracle\Java\javapath;C:\Program Files (x86)\Common Files\Oracle\Java\javapath;C:\Program Files (x86)\Intel\iCLS Client\;C:\Program Files\Intel\iCLS Client\;C:\Windows\system32;C:\Windows;C:\Windows\System32\Wbem;C:\Windows\System32\WindowsPowerShell\v1.0\;C:\Program Files (x86)\Intel\Intel(R) Management Engine Components\DAL;C:\Program Files\Intel\Intel(R) Management Engine Components\DAL;C:\Program Files (x86)\Intel\Intel(R) Management Engine Components\IPT;C:\Program Files\Intel\Intel(R) Management Engine Components\IPT;C:\xampp-7.3.4\php;C:\Windows\System32\OpenSSH\;C:\Program Files\Git\cmd;C:\Users\izzud\Anaconda3\;C:\ProgramData\chocolatey\bin;C:\Program Files\nodejs\;C:\Go\bin;C:\Program Files\Docker\Docker\resources\bin;C:\ProgramData\DockerDesktop\version-bin;C:\Users\izzud\AppData\Local\Microsoft\WindowsApps;C:\Users\izzud\AppData\Local\Programs\Microsoft VS Code\bin;C:\flutter\bin;C:\Users\izzud\Anaconda3\;C:\Users\izzud\Anaconda3\Scripts;C:\Program Files\PostgreSQL\11\bin;C:\Users\izzud\Anaconda3\Library\bin;C:\Program Files\Java\jdk1.8.0_231;C:\apache-maven-3.6.2\bin;C:\gradle-5.6.4\bin;C:\Program Files\Oracle\VirtualBox;C:\Program Files\JetBrains\PyCharm Community Edition 2020.2.2\bin;;C:\Users\izzud\AppData\Local\Packages\PythonSoftwareFoundation.Python.3.8_qbz5n2kfra8p0\LocalCache\local-packages\Python38\Scripts;C:\Users\izzud\AppData\Roaming\npm;C:\Users\izzud\go\bin;C:\Program Files\heroku\bin;C:\Program Files\gs\gs9.53.3\bin;C:\Program Files\gs\gs9.53.3\lib;
USERNAME=izzud
OS=Windows_NT
PROCESSOR_IDENTIFIER=Intel64 Family 6 Model 142 Stepping 9, GenuineIntel



---------------  S Y S T E M  ---------------

OS: Windows 10 , 64 bit Build 18362 (10.0.18362.1316)
HyperV virtualization detected

CPU:total 4 (initial active 4) (2 cores per cpu, 2 threads per core) family 6 model 142 stepping 9, cmov, cx8, fxsr, mmx, sse, sse2, sse3, ssse3, sse4.1, sse4.2, popcnt, avx, avx2, aes, clmul, erms, 3dnowpref, lzcnt, ht, tsc, tscinvbit, bmi1, bmi2, adx, fma

Memory: 4k page, system-wide physical 12168M (1532M free)
TotalPageFile size 12168M (AvailPageFile size 19M)
current process WorkingSet (physical memory assigned to process): 429M, peak: 439M
current process commit charge ("private bytes"): 531M, peak: 539M

vm_info: Java HotSpot(TM) 64-Bit Server VM (11.0.9+7-LTS) for windows-amd64 JRE (11.0.9+7-LTS), built on Sep 15 2020 16:47:03 by "mach5one" with MS VC++ 15.9 (VS2017)

END.
